#
# There is insufficient memory for the Java Runtime Environment to continue.
# Native memory allocation (malloc) failed to allocate 32744 bytes for ChunkPool::allocate
# Possible reasons:
#   The system is out of physical RAM or swap space
#   The process is running with CompressedOops enabled, and the Java Heap may be blocking the growth of the native heap
# Possible solutions:
#   Reduce memory load on the system
#   Increase physical memory or swap space
#   Check if swap backing store is full
#   Decrease Java heap size (-Xmx/-Xms)
#   Decrease number of Java threads
#   Decrease Java thread stack sizes (-Xss)
#   Set larger code cache with -XX:ReservedCodeCacheSize=
#   JVM is running with Zero Based Compressed Oops mode in which the Java heap is
#     placed in the first 32GB address space. The Java Heap base address is the
#     maximum limit for the native heap growth. Please use -XX:HeapBaseMinAddress
#     to set the Java Heap base and to place the Java Heap above 32GB virtual address.
# This output file may be truncated or incomplete.
#
#  Out of Memory Error (arena.cpp:78), pid=9596, tid=23672
#
# JRE version: Java(TM) SE Runtime Environment (17.0.4+11) (build 17.0.4+11-LTS-179)
# Java VM: Java HotSpot(TM) 64-Bit Server VM (17.0.4+11-LTS-179, mixed mode, sharing, tiered, compressed oops, compressed class ptrs, g1 gc, windows-amd64)
# No core dump will be written. Minidumps are not enabled by default on client versions of Windows
#

---------------  S U M M A R Y ------------

Command Line: -ea -Dfile.encoding=UTF-8 -XX:+ShowCodeDetailsInExceptionMessages org.testng.remote.RemoteTestNG -serport 56911 -protocol json -d D:\User\masrinivasan\eclipse-workspace\RestAssuredAPITesting_Employee_Project\test-output D:\User\masrinivasan\eclipse-workspace\RestAssuredAPITesting_Employee_Project\testng.xml

Host: 11th Gen Intel(R) Core(TM) i5-1135G7 @ 2.40GHz, 8 cores, 15G,  Windows 10 , 64 bit Build 19041 (10.0.19041.1889)
Time: Wed Sep  7 21:59:56 2022 India Standard Time elapsed time: 0.253038 seconds (0d 0h 0m 0s)

---------------  T H R E A D  ---------------

Current thread (0x0000013376fb9450):  JavaThread "C1 CompilerThread0" daemon [_thread_in_native, id=23672, stack(0x0000001daad00000,0x0000001daae00000)]


Current CompileTask:
C1:    253  411       3       java.net.URLStreamHandler::parseURL (1201 bytes)

Stack: [0x0000001daad00000,0x0000001daae00000]
Native frames: (J=compiled Java code, j=interpreted, Vv=VM code, C=native code)
V  [jvm.dll+0x6723da]
V  [jvm.dll+0x7d1f74]
V  [jvm.dll+0x7d371e]
V  [jvm.dll+0x7d3d83]
V  [jvm.dll+0x242ed5]
V  [jvm.dll+0xaa7c0]
V  [jvm.dll+0xaab0c]
V  [jvm.dll+0x11a715]
V  [jvm.dll+0x178204]
V  [jvm.dll+0x1787e3]
V  [jvm.dll+0x132993]
V  [jvm.dll+0x13228f]
V  [jvm.dll+0x1324c6]
V  [jvm.dll+0x13195a]
V  [jvm.dll+0x133621]
V  [jvm.dll+0x224c78]
V  [jvm.dll+0x222de5]
V  [jvm.dll+0x787a5b]
V  [jvm.dll+0x78201a]
V  [jvm.dll+0x671265]
C  [ucrtbase.dll+0x21bb2]
C  [KERNEL32.DLL+0x17034]
C  [ntdll.dll+0x52651]


---------------  P R O C E S S  ---------------

Threads class SMR info:
_java_thread_list=0x000001337fb1f370, length=12, elements={
0x00000133794d5780, 0x000001337f0d44f0, 0x000001337f0d5470, 0x000001337f0dd8b0,
0x000001337f0e0470, 0x000001337f0e3200, 0x000001337f0ecfa0, 0x0000013376fb8f40,
0x0000013376fb9450, 0x000001337f0fbf40, 0x000001337fb223c0, 0x000001337fb2c8c0
}

Java Threads: ( => current thread )
  0x00000133794d5780 JavaThread "main" [_thread_in_Java, id=25828, stack(0x0000001da9f00000,0x0000001daa000000)]
  0x000001337f0d44f0 JavaThread "Reference Handler" daemon [_thread_blocked, id=22036, stack(0x0000001daa600000,0x0000001daa700000)]
  0x000001337f0d5470 JavaThread "Finalizer" daemon [_thread_blocked, id=22608, stack(0x0000001daa700000,0x0000001daa800000)]
  0x000001337f0dd8b0 JavaThread "Signal Dispatcher" daemon [_thread_blocked, id=26716, stack(0x0000001daa800000,0x0000001daa900000)]
  0x000001337f0e0470 JavaThread "Attach Listener" daemon [_thread_blocked, id=27864, stack(0x0000001daa900000,0x0000001daaa00000)]
  0x000001337f0e3200 JavaThread "Service Thread" daemon [_thread_blocked, id=15740, stack(0x0000001daaa00000,0x0000001daab00000)]
  0x000001337f0ecfa0 JavaThread "Monitor Deflation Thread" daemon [_thread_blocked, id=4156, stack(0x0000001daab00000,0x0000001daac00000)]
  0x0000013376fb8f40 JavaThread "C2 CompilerThread0" daemon [_thread_blocked, id=21448, stack(0x0000001daac00000,0x0000001daad00000)]
=>0x0000013376fb9450 JavaThread "C1 CompilerThread0" daemon [_thread_in_native, id=23672, stack(0x0000001daad00000,0x0000001daae00000)]
  0x000001337f0fbf40 JavaThread "Sweeper thread" daemon [_thread_blocked, id=19324, stack(0x0000001daae00000,0x0000001daaf00000)]
  0x000001337fb223c0 JavaThread "Notification Thread" daemon [_thread_blocked, id=21592, stack(0x0000001daaf00000,0x0000001dab000000)]
  0x000001337fb2c8c0 JavaThread "Common-Cleaner" daemon [_thread_blocked, id=23832, stack(0x0000001dab100000,0x0000001dab200000)]

Other Threads:
  0x000001337f0cfdd0 VMThread "VM Thread" [stack: 0x0000001daa500000,0x0000001daa600000] [id=25040]
  0x0000013376fb62a0 WatcherThread [stack: 0x0000001dab000000,0x0000001dab100000] [id=672]
  0x000001337ef308e0 GCTaskThread "GC Thread#0" [stack: 0x0000001daa000000,0x0000001daa100000] [id=16712]
  0x000001337952c2f0 ConcurrentGCThread "G1 Main Marker" [stack: 0x0000001daa100000,0x0000001daa200000] [id=19464]
  0x000001337952d780 ConcurrentGCThread "G1 Conc#0" [stack: 0x0000001daa200000,0x0000001daa300000] [id=28344]
  0x000001337f00b510 ConcurrentGCThread "G1 Refine#0" [stack: 0x0000001daa300000,0x0000001daa400000] [id=2996]
  0x000001337f00bf30 ConcurrentGCThread "G1 Service" [stack: 0x0000001daa400000,0x0000001daa500000] [id=28468]

Threads with active compile tasks:
C1 CompilerThread0      291  411       3       java.net.URLStreamHandler::parseURL (1201 bytes)

VM state: not at safepoint (normal execution)

VM Mutex/Monitor currently owned by a thread: None

Heap address: 0x0000000704000000, size: 4032 MB, Compressed Oops mode: Zero based, Oop shift amount: 3

CDS archive(s) mapped at: [0x0000000800000000-0x0000000800bc0000-0x0000000800bc0000), size 12320768, SharedBaseAddress: 0x0000000800000000, ArchiveRelocationMode: 0.
Compressed class space mapped at: 0x0000000800c00000-0x0000000840c00000, reserved size: 1073741824
Narrow klass base: 0x0000000800000000, Narrow klass shift: 0, Narrow klass range: 0x100000000

GC Precious Log:
 CPUs: 8 total, 8 available
 Memory: 16122M
 Large Page Support: Disabled
 NUMA Support: Disabled
 Compressed Oops: Enabled (Zero based)
 Heap Region Size: 2M
 Heap Min Capacity: 8M
 Heap Initial Capacity: 252M
 Heap Max Capacity: 4032M
 Pre-touch: Disabled
 Parallel Workers: 8
 Concurrent Workers: 2
 Concurrent Refinement Workers: 8
 Periodic GC: Disabled

Heap:
 garbage-first heap   total 258048K, used 6144K [0x0000000704000000, 0x0000000800000000)
  region size 2048K, 5 young (10240K), 0 survivors (0K)
 Metaspace       used 2061K, committed 2176K, reserved 1056768K
  class space    used 218K, committed 256K, reserved 1048576K

Heap Regions: E=young(eden), S=young(survivor), O=old, HS=humongous(starts), HC=humongous(continues), CS=collection set, F=free, OA=open archive, CA=closed archive, TAMS=top-at-mark-start (previous, next)
|   0|0x0000000704000000, 0x0000000704000000, 0x0000000704200000|  0%| F|  |TAMS 0x0000000704000000, 0x0000000704000000| Untracked 
|   1|0x0000000704200000, 0x0000000704200000, 0x0000000704400000|  0%| F|  |TAMS 0x0000000704200000, 0x0000000704200000| Untracked 
|   2|0x0000000704400000, 0x0000000704400000, 0x0000000704600000|  0%| F|  |TAMS 0x0000000704400000, 0x0000000704400000| Untracked 
|   3|0x0000000704600000, 0x0000000704600000, 0x0000000704800000|  0%| F|  |TAMS 0x0000000704600000, 0x0000000704600000| Untracked 
|   4|0x0000000704800000, 0x0000000704800000, 0x0000000704a00000|  0%| F|  |TAMS 0x0000000704800000, 0x0000000704800000| Untracked 
|   5|0x0000000704a00000, 0x0000000704a00000, 0x0000000704c00000|  0%| F|  |TAMS 0x0000000704a00000, 0x0000000704a00000| Untracked 
|   6|0x0000000704c00000, 0x0000000704c00000, 0x0000000704e00000|  0%| F|  |TAMS 0x0000000704c00000, 0x0000000704c00000| Untracked 
|   7|0x0000000704e00000, 0x0000000704e00000, 0x0000000705000000|  0%| F|  |TAMS 0x0000000704e00000, 0x0000000704e00000| Untracked 
|   8|0x0000000705000000, 0x0000000705000000, 0x0000000705200000|  0%| F|  |TAMS 0x0000000705000000, 0x0000000705000000| Untracked 
|   9|0x0000000705200000, 0x0000000705200000, 0x0000000705400000|  0%| F|  |TAMS 0x0000000705200000, 0x0000000705200000| Untracked 
|  10|0x0000000705400000, 0x0000000705400000, 0x0000000705600000|  0%| F|  |TAMS 0x0000000705400000, 0x0000000705400000| Untracked 
|  11|0x0000000705600000, 0x0000000705600000, 0x0000000705800000|  0%| F|  |TAMS 0x0000000705600000, 0x0000000705600000| Untracked 
|  12|0x0000000705800000, 0x0000000705800000, 0x0000000705a00000|  0%| F|  |TAMS 0x0000000705800000, 0x0000000705800000| Untracked 
|  13|0x0000000705a00000, 0x0000000705a00000, 0x0000000705c00000|  0%| F|  |TAMS 0x0000000705a00000, 0x0000000705a00000| Untracked 
|  14|0x0000000705c00000, 0x0000000705c00000, 0x0000000705e00000|  0%| F|  |TAMS 0x0000000705c00000, 0x0000000705c00000| Untracked 
|  15|0x0000000705e00000, 0x0000000705e00000, 0x0000000706000000|  0%| F|  |TAMS 0x0000000705e00000, 0x0000000705e00000| Untracked 
|  16|0x0000000706000000, 0x0000000706000000, 0x0000000706200000|  0%| F|  |TAMS 0x0000000706000000, 0x0000000706000000| Untracked 
|  17|0x0000000706200000, 0x0000000706200000, 0x0000000706400000|  0%| F|  |TAMS 0x0000000706200000, 0x0000000706200000| Untracked 
|  18|0x0000000706400000, 0x0000000706400000, 0x0000000706600000|  0%| F|  |TAMS 0x0000000706400000, 0x0000000706400000| Untracked 
|  19|0x0000000706600000, 0x0000000706600000, 0x0000000706800000|  0%| F|  |TAMS 0x0000000706600000, 0x0000000706600000| Untracked 
|  20|0x0000000706800000, 0x0000000706800000, 0x0000000706a00000|  0%| F|  |TAMS 0x0000000706800000, 0x0000000706800000| Untracked 
|  21|0x0000000706a00000, 0x0000000706a00000, 0x0000000706c00000|  0%| F|  |TAMS 0x0000000706a00000, 0x0000000706a00000| Untracked 
|  22|0x0000000706c00000, 0x0000000706c00000, 0x0000000706e00000|  0%| F|  |TAMS 0x0000000706c00000, 0x0000000706c00000| Untracked 
|  23|0x0000000706e00000, 0x0000000706e00000, 0x0000000707000000|  0%| F|  |TAMS 0x0000000706e00000, 0x0000000706e00000| Untracked 
|  24|0x0000000707000000, 0x0000000707000000, 0x0000000707200000|  0%| F|  |TAMS 0x0000000707000000, 0x0000000707000000| Untracked 
|  25|0x0000000707200000, 0x0000000707200000, 0x0000000707400000|  0%| F|  |TAMS 0x0000000707200000, 0x0000000707200000| Untracked 
|  26|0x0000000707400000, 0x0000000707400000, 0x0000000707600000|  0%| F|  |TAMS 0x0000000707400000, 0x0000000707400000| Untracked 
|  27|0x0000000707600000, 0x0000000707600000, 0x0000000707800000|  0%| F|  |TAMS 0x0000000707600000, 0x0000000707600000| Untracked 
|  28|0x0000000707800000, 0x0000000707800000, 0x0000000707a00000|  0%| F|  |TAMS 0x0000000707800000, 0x0000000707800000| Untracked 
|  29|0x0000000707a00000, 0x0000000707a00000, 0x0000000707c00000|  0%| F|  |TAMS 0x0000000707a00000, 0x0000000707a00000| Untracked 
|  30|0x0000000707c00000, 0x0000000707c00000, 0x0000000707e00000|  0%| F|  |TAMS 0x0000000707c00000, 0x0000000707c00000| Untracked 
|  31|0x0000000707e00000, 0x0000000707e00000, 0x0000000708000000|  0%| F|  |TAMS 0x0000000707e00000, 0x0000000707e00000| Untracked 
|  32|0x0000000708000000, 0x0000000708000000, 0x0000000708200000|  0%| F|  |TAMS 0x0000000708000000, 0x0000000708000000| Untracked 
|  33|0x0000000708200000, 0x0000000708200000, 0x0000000708400000|  0%| F|  |TAMS 0x0000000708200000, 0x0000000708200000| Untracked 
|  34|0x0000000708400000, 0x0000000708400000, 0x0000000708600000|  0%| F|  |TAMS 0x0000000708400000, 0x0000000708400000| Untracked 
|  35|0x0000000708600000, 0x0000000708600000, 0x0000000708800000|  0%| F|  |TAMS 0x0000000708600000, 0x0000000708600000| Untracked 
|  36|0x0000000708800000, 0x0000000708800000, 0x0000000708a00000|  0%| F|  |TAMS 0x0000000708800000, 0x0000000708800000| Untracked 
|  37|0x0000000708a00000, 0x0000000708a00000, 0x0000000708c00000|  0%| F|  |TAMS 0x0000000708a00000, 0x0000000708a00000| Untracked 
|  38|0x0000000708c00000, 0x0000000708c00000, 0x0000000708e00000|  0%| F|  |TAMS 0x0000000708c00000, 0x0000000708c00000| Untracked 
|  39|0x0000000708e00000, 0x0000000708e00000, 0x0000000709000000|  0%| F|  |TAMS 0x0000000708e00000, 0x0000000708e00000| Untracked 
|  40|0x0000000709000000, 0x0000000709000000, 0x0000000709200000|  0%| F|  |TAMS 0x0000000709000000, 0x0000000709000000| Untracked 
|  41|0x0000000709200000, 0x0000000709200000, 0x0000000709400000|  0%| F|  |TAMS 0x0000000709200000, 0x0000000709200000| Untracked 
|  42|0x0000000709400000, 0x0000000709400000, 0x0000000709600000|  0%| F|  |TAMS 0x0000000709400000, 0x0000000709400000| Untracked 
|  43|0x0000000709600000, 0x0000000709600000, 0x0000000709800000|  0%| F|  |TAMS 0x0000000709600000, 0x0000000709600000| Untracked 
|  44|0x0000000709800000, 0x0000000709800000, 0x0000000709a00000|  0%| F|  |TAMS 0x0000000709800000, 0x0000000709800000| Untracked 
|  45|0x0000000709a00000, 0x0000000709a00000, 0x0000000709c00000|  0%| F|  |TAMS 0x0000000709a00000, 0x0000000709a00000| Untracked 
|  46|0x0000000709c00000, 0x0000000709c00000, 0x0000000709e00000|  0%| F|  |TAMS 0x0000000709c00000, 0x0000000709c00000| Untracked 
|  47|0x0000000709e00000, 0x0000000709e00000, 0x000000070a000000|  0%| F|  |TAMS 0x0000000709e00000, 0x0000000709e00000| Untracked 
|  48|0x000000070a000000, 0x000000070a000000, 0x000000070a200000|  0%| F|  |TAMS 0x000000070a000000, 0x000000070a000000| Untracked 
|  49|0x000000070a200000, 0x000000070a200000, 0x000000070a400000|  0%| F|  |TAMS 0x000000070a200000, 0x000000070a200000| Untracked 
|  50|0x000000070a400000, 0x000000070a400000, 0x000000070a600000|  0%| F|  |TAMS 0x000000070a400000, 0x000000070a400000| Untracked 
|  51|0x000000070a600000, 0x000000070a600000, 0x000000070a800000|  0%| F|  |TAMS 0x000000070a600000, 0x000000070a600000| Untracked 
|  52|0x000000070a800000, 0x000000070a800000, 0x000000070aa00000|  0%| F|  |TAMS 0x000000070a800000, 0x000000070a800000| Untracked 
|  53|0x000000070aa00000, 0x000000070aa00000, 0x000000070ac00000|  0%| F|  |TAMS 0x000000070aa00000, 0x000000070aa00000| Untracked 
|  54|0x000000070ac00000, 0x000000070ac00000, 0x000000070ae00000|  0%| F|  |TAMS 0x000000070ac00000, 0x000000070ac00000| Untracked 
|  55|0x000000070ae00000, 0x000000070ae00000, 0x000000070b000000|  0%| F|  |TAMS 0x000000070ae00000, 0x000000070ae00000| Untracked 
|  56|0x000000070b000000, 0x000000070b000000, 0x000000070b200000|  0%| F|  |TAMS 0x000000070b000000, 0x000000070b000000| Untracked 
|  57|0x000000070b200000, 0x000000070b200000, 0x000000070b400000|  0%| F|  |TAMS 0x000000070b200000, 0x000000070b200000| Untracked 
|  58|0x000000070b400000, 0x000000070b400000, 0x000000070b600000|  0%| F|  |TAMS 0x000000070b400000, 0x000000070b400000| Untracked 
|  59|0x000000070b600000, 0x000000070b600000, 0x000000070b800000|  0%| F|  |TAMS 0x000000070b600000, 0x000000070b600000| Untracked 
|  60|0x000000070b800000, 0x000000070b800000, 0x000000070ba00000|  0%| F|  |TAMS 0x000000070b800000, 0x000000070b800000| Untracked 
|  61|0x000000070ba00000, 0x000000070ba00000, 0x000000070bc00000|  0%| F|  |TAMS 0x000000070ba00000, 0x000000070ba00000| Untracked 
|  62|0x000000070bc00000, 0x000000070bc00000, 0x000000070be00000|  0%| F|  |TAMS 0x000000070bc00000, 0x000000070bc00000| Untracked 
|  63|0x000000070be00000, 0x000000070be00000, 0x000000070c000000|  0%| F|  |TAMS 0x000000070be00000, 0x000000070be00000| Untracked 
|  64|0x000000070c000000, 0x000000070c000000, 0x000000070c200000|  0%| F|  |TAMS 0x000000070c000000, 0x000000070c000000| Untracked 
|  65|0x000000070c200000, 0x000000070c200000, 0x000000070c400000|  0%| F|  |TAMS 0x000000070c200000, 0x000000070c200000| Untracked 
|  66|0x000000070c400000, 0x000000070c400000, 0x000000070c600000|  0%| F|  |TAMS 0x000000070c400000, 0x000000070c400000| Untracked 
|  67|0x000000070c600000, 0x000000070c600000, 0x000000070c800000|  0%| F|  |TAMS 0x000000070c600000, 0x000000070c600000| Untracked 
|  68|0x000000070c800000, 0x000000070c800000, 0x000000070ca00000|  0%| F|  |TAMS 0x000000070c800000, 0x000000070c800000| Untracked 
|  69|0x000000070ca00000, 0x000000070ca00000, 0x000000070cc00000|  0%| F|  |TAMS 0x000000070ca00000, 0x000000070ca00000| Untracked 
|  70|0x000000070cc00000, 0x000000070cc00000, 0x000000070ce00000|  0%| F|  |TAMS 0x000000070cc00000, 0x000000070cc00000| Untracked 
|  71|0x000000070ce00000, 0x000000070ce00000, 0x000000070d000000|  0%| F|  |TAMS 0x000000070ce00000, 0x000000070ce00000| Untracked 
|  72|0x000000070d000000, 0x000000070d000000, 0x000000070d200000|  0%| F|  |TAMS 0x000000070d000000, 0x000000070d000000| Untracked 
|  73|0x000000070d200000, 0x000000070d200000, 0x000000070d400000|  0%| F|  |TAMS 0x000000070d200000, 0x000000070d200000| Untracked 
|  74|0x000000070d400000, 0x000000070d400000, 0x000000070d600000|  0%| F|  |TAMS 0x000000070d400000, 0x000000070d400000| Untracked 
|  75|0x000000070d600000, 0x000000070d600000, 0x000000070d800000|  0%| F|  |TAMS 0x000000070d600000, 0x000000070d600000| Untracked 
|  76|0x000000070d800000, 0x000000070d800000, 0x000000070da00000|  0%| F|  |TAMS 0x000000070d800000, 0x000000070d800000| Untracked 
|  77|0x000000070da00000, 0x000000070da00000, 0x000000070dc00000|  0%| F|  |TAMS 0x000000070da00000, 0x000000070da00000| Untracked 
|  78|0x000000070dc00000, 0x000000070dc00000, 0x000000070de00000|  0%| F|  |TAMS 0x000000070dc00000, 0x000000070dc00000| Untracked 
|  79|0x000000070de00000, 0x000000070de00000, 0x000000070e000000|  0%| F|  |TAMS 0x000000070de00000, 0x000000070de00000| Untracked 
|  80|0x000000070e000000, 0x000000070e000000, 0x000000070e200000|  0%| F|  |TAMS 0x000000070e000000, 0x000000070e000000| Untracked 
|  81|0x000000070e200000, 0x000000070e200000, 0x000000070e400000|  0%| F|  |TAMS 0x000000070e200000, 0x000000070e200000| Untracked 
|  82|0x000000070e400000, 0x000000070e400000, 0x000000070e600000|  0%| F|  |TAMS 0x000000070e400000, 0x000000070e400000| Untracked 
|  83|0x000000070e600000, 0x000000070e600000, 0x000000070e800000|  0%| F|  |TAMS 0x000000070e600000, 0x000000070e600000| Untracked 
|  84|0x000000070e800000, 0x000000070e800000, 0x000000070ea00000|  0%| F|  |TAMS 0x000000070e800000, 0x000000070e800000| Untracked 
|  85|0x000000070ea00000, 0x000000070ea00000, 0x000000070ec00000|  0%| F|  |TAMS 0x000000070ea00000, 0x000000070ea00000| Untracked 
|  86|0x000000070ec00000, 0x000000070ec00000, 0x000000070ee00000|  0%| F|  |TAMS 0x000000070ec00000, 0x000000070ec00000| Untracked 
|  87|0x000000070ee00000, 0x000000070ee00000, 0x000000070f000000|  0%| F|  |TAMS 0x000000070ee00000, 0x000000070ee00000| Untracked 
|  88|0x000000070f000000, 0x000000070f000000, 0x000000070f200000|  0%| F|  |TAMS 0x000000070f000000, 0x000000070f000000| Untracked 
|  89|0x000000070f200000, 0x000000070f200000, 0x000000070f400000|  0%| F|  |TAMS 0x000000070f200000, 0x000000070f200000| Untracked 
|  90|0x000000070f400000, 0x000000070f400000, 0x000000070f600000|  0%| F|  |TAMS 0x000000070f400000, 0x000000070f400000| Untracked 
|  91|0x000000070f600000, 0x000000070f600000, 0x000000070f800000|  0%| F|  |TAMS 0x000000070f600000, 0x000000070f600000| Untracked 
|  92|0x000000070f800000, 0x000000070f800000, 0x000000070fa00000|  0%| F|  |TAMS 0x000000070f800000, 0x000000070f800000| Untracked 
|  93|0x000000070fa00000, 0x000000070fa00000, 0x000000070fc00000|  0%| F|  |TAMS 0x000000070fa00000, 0x000000070fa00000| Untracked 
|  94|0x000000070fc00000, 0x000000070fc00000, 0x000000070fe00000|  0%| F|  |TAMS 0x000000070fc00000, 0x000000070fc00000| Untracked 
|  95|0x000000070fe00000, 0x000000070fe00000, 0x0000000710000000|  0%| F|  |TAMS 0x000000070fe00000, 0x000000070fe00000| Untracked 
|  96|0x0000000710000000, 0x0000000710000000, 0x0000000710200000|  0%| F|  |TAMS 0x0000000710000000, 0x0000000710000000| Untracked 
|  97|0x0000000710200000, 0x0000000710200000, 0x0000000710400000|  0%| F|  |TAMS 0x0000000710200000, 0x0000000710200000| Untracked 
|  98|0x0000000710400000, 0x0000000710400000, 0x0000000710600000|  0%| F|  |TAMS 0x0000000710400000, 0x0000000710400000| Untracked 
|  99|0x0000000710600000, 0x0000000710600000, 0x0000000710800000|  0%| F|  |TAMS 0x0000000710600000, 0x0000000710600000| Untracked 
| 100|0x0000000710800000, 0x0000000710800000, 0x0000000710a00000|  0%| F|  |TAMS 0x0000000710800000, 0x0000000710800000| Untracked 
| 101|0x0000000710a00000, 0x0000000710a00000, 0x0000000710c00000|  0%| F|  |TAMS 0x0000000710a00000, 0x0000000710a00000| Untracked 
| 102|0x0000000710c00000, 0x0000000710c00000, 0x0000000710e00000|  0%| F|  |TAMS 0x0000000710c00000, 0x0000000710c00000| Untracked 
| 103|0x0000000710e00000, 0x0000000710e00000, 0x0000000711000000|  0%| F|  |TAMS 0x0000000710e00000, 0x0000000710e00000| Untracked 
| 104|0x0000000711000000, 0x0000000711000000, 0x0000000711200000|  0%| F|  |TAMS 0x0000000711000000, 0x0000000711000000| Untracked 
| 105|0x0000000711200000, 0x0000000711200000, 0x0000000711400000|  0%| F|  |TAMS 0x0000000711200000, 0x0000000711200000| Untracked 
| 106|0x0000000711400000, 0x0000000711400000, 0x0000000711600000|  0%| F|  |TAMS 0x0000000711400000, 0x0000000711400000| Untracked 
| 107|0x0000000711600000, 0x0000000711600000, 0x0000000711800000|  0%| F|  |TAMS 0x0000000711600000, 0x0000000711600000| Untracked 
| 108|0x0000000711800000, 0x0000000711800000, 0x0000000711a00000|  0%| F|  |TAMS 0x0000000711800000, 0x0000000711800000| Untracked 
| 109|0x0000000711a00000, 0x0000000711a00000, 0x0000000711c00000|  0%| F|  |TAMS 0x0000000711a00000, 0x0000000711a00000| Untracked 
| 110|0x0000000711c00000, 0x0000000711c00000, 0x0000000711e00000|  0%| F|  |TAMS 0x0000000711c00000, 0x0000000711c00000| Untracked 
| 111|0x0000000711e00000, 0x0000000711e00000, 0x0000000712000000|  0%| F|  |TAMS 0x0000000711e00000, 0x0000000711e00000| Untracked 
| 112|0x0000000712000000, 0x0000000712000000, 0x0000000712200000|  0%| F|  |TAMS 0x0000000712000000, 0x0000000712000000| Untracked 
| 113|0x0000000712200000, 0x0000000712200000, 0x0000000712400000|  0%| F|  |TAMS 0x0000000712200000, 0x0000000712200000| Untracked 
| 114|0x0000000712400000, 0x0000000712400000, 0x0000000712600000|  0%| F|  |TAMS 0x0000000712400000, 0x0000000712400000| Untracked 
| 115|0x0000000712600000, 0x0000000712600000, 0x0000000712800000|  0%| F|  |TAMS 0x0000000712600000, 0x0000000712600000| Untracked 
| 116|0x0000000712800000, 0x0000000712800000, 0x0000000712a00000|  0%| F|  |TAMS 0x0000000712800000, 0x0000000712800000| Untracked 
| 117|0x0000000712a00000, 0x0000000712a00000, 0x0000000712c00000|  0%| F|  |TAMS 0x0000000712a00000, 0x0000000712a00000| Untracked 
| 118|0x0000000712c00000, 0x0000000712c00000, 0x0000000712e00000|  0%| F|  |TAMS 0x0000000712c00000, 0x0000000712c00000| Untracked 
| 119|0x0000000712e00000, 0x0000000712e00000, 0x0000000713000000|  0%| F|  |TAMS 0x0000000712e00000, 0x0000000712e00000| Untracked 
| 120|0x0000000713000000, 0x0000000713000000, 0x0000000713200000|  0%| F|  |TAMS 0x0000000713000000, 0x0000000713000000| Untracked 
| 121|0x0000000713200000, 0x00000007132e3200, 0x0000000713400000| 44%| E|  |TAMS 0x0000000713200000, 0x0000000713200000| Complete 
| 122|0x0000000713400000, 0x0000000713600000, 0x0000000713600000|100%| E|CS|TAMS 0x0000000713400000, 0x0000000713400000| Complete 
| 123|0x0000000713600000, 0x0000000713800000, 0x0000000713800000|100%| E|  |TAMS 0x0000000713600000, 0x0000000713600000| Complete 
| 124|0x0000000713800000, 0x0000000713a00000, 0x0000000713a00000|100%| E|CS|TAMS 0x0000000713800000, 0x0000000713800000| Complete 
| 125|0x0000000713a00000, 0x0000000713c00000, 0x0000000713c00000|100%| E|CS|TAMS 0x0000000713a00000, 0x0000000713a00000| Complete 

Card table byte_map: [0x000001337a050000,0x000001337a830000] _byte_map_base: 0x0000013376830000

Marking Bits (Prev, Next): (CMBitMap*) 0x000001337951fcd0, (CMBitMap*) 0x000001337951fd10
 Prev Bits: [0x000001337b010000, 0x000001337ef10000)
 Next Bits: [0x00000133167a0000, 0x000001331a6a0000)

Polling page: 0x0000013377250000

Metaspace:

Usage:
  Non-class:      1.84 MB used.
      Class:    224.00 KB used.
       Both:      2.06 MB used.

Virtual space:
  Non-class space:        8.00 MB reserved,       1.94 MB ( 24%) committed,  1 nodes.
      Class space:        1.00 GB reserved,     256.00 KB ( <1%) committed,  1 nodes.
             Both:        1.01 GB reserved,       2.19 MB ( <1%) committed. 

Chunk freelists:
   Non-Class:  3.36 MB
       Class:  3.64 MB
        Both:  6.99 MB

MaxMetaspaceSize: unlimited
CompressedClassSpaceSize: 1.00 GB
Initial GC threshold: 21.00 MB
Current GC threshold: 21.00 MB
CDS: on
MetaspaceReclaimPolicy: balanced
 - commit_granule_bytes: 65536.
 - commit_granule_words: 8192.
 - virtual_space_node_default_size: 1048576.
 - enlarge_chunks_in_place: 1.
 - new_chunks_are_fully_committed: 0.
 - uncommit_free_chunks: 1.
 - use_allocation_guard: 0.
 - handle_deallocations: 1.


Internal statistics:

num_allocs_failed_limit: 0.
num_arena_births: 16.
num_arena_deaths: 0.
num_vsnodes_births: 2.
num_vsnodes_deaths: 0.
num_space_committed: 35.
num_space_uncommitted: 0.
num_chunks_returned_to_freelist: 0.
num_chunks_taken_from_freelist: 60.
num_chunk_merges: 0.
num_chunk_splits: 32.
num_chunks_enlarged: 24.
num_purges: 0.
num_inconsistent_stats: 0.

CodeHeap 'non-profiled nmethods': size=120000Kb used=140Kb max_used=140Kb free=119860Kb
 bounds [0x000001330f270000, 0x000001330f4e0000, 0x00000133167a0000]
CodeHeap 'profiled nmethods': size=120000Kb used=624Kb max_used=624Kb free=119375Kb
 bounds [0x0000013307d40000, 0x0000013307fb0000, 0x000001330f270000]
CodeHeap 'non-nmethods': size=5760Kb used=1138Kb max_used=1149Kb free=4621Kb
 bounds [0x00000133077a0000, 0x0000013307a10000, 0x0000013307d40000]
 total_blobs=842 nmethods=435 adapters=320
 compilation: enabled
              stopped_count=0, restarted_count=0
 full_count=0

Compilation events (20 events):
Event: 0.238 Thread 0x0000013376fb9450 nmethod 401 0x0000013307dd7b10 code [0x0000013307dd7cc0, 0x0000013307dd7ea8]
Event: 0.238 Thread 0x0000013376fb9450  402       3       java.util.WeakHashMap::getTable (9 bytes)
Event: 0.238 Thread 0x0000013376fb9450 nmethod 402 0x0000013307dd7f90 code [0x0000013307dd8120, 0x0000013307dd8268]
Event: 0.238 Thread 0x0000013376fb9450  403   !   3       java.util.WeakHashMap::expungeStaleEntries (139 bytes)
Event: 0.239 Thread 0x0000013376fb9450 nmethod 403 0x0000013307dd8310 code [0x0000013307dd8520, 0x0000013307dd8f68]
Event: 0.239 Thread 0x0000013376fb9450  406       3       java.lang.StringLatin1::indexOf (121 bytes)
Event: 0.239 Thread 0x0000013376fb9450 nmethod 406 0x0000013307dd9410 code [0x0000013307dd95e0, 0x0000013307dd9ad8]
Event: 0.239 Thread 0x0000013376fb9450  405   !   3       java.util.jar.JarFile::checkForSpecialAttributes (163 bytes)
Event: 0.240 Thread 0x0000013376fb9450 nmethod 405 0x0000013307dd9d10 code [0x0000013307dda020, 0x0000013307ddb298]
Event: 0.240 Thread 0x0000013376fb9450  404       3       java.util.WeakHashMap::indexFor (6 bytes)
Event: 0.240 Thread 0x0000013376fb9450 nmethod 404 0x0000013307ddba10 code [0x0000013307ddbba0, 0x0000013307ddbc98]
Event: 0.240 Thread 0x0000013376fb9450  407       1       java.lang.NamedPackage::module (5 bytes)
Event: 0.240 Thread 0x0000013376fb9450 nmethod 407 0x000001330f28c910 code [0x000001330f28caa0, 0x000001330f28cb78]
Event: 0.240 Thread 0x0000013376fb9450  408       1       java.nio.HeapByteBuffer::isDirect (2 bytes)
Event: 0.240 Thread 0x0000013376fb9450 nmethod 408 0x000001330f28cc10 code [0x000001330f28cda0, 0x000001330f28ce78]
Event: 0.240 Thread 0x0000013376fb9450  409       1       java.net.URLStreamHandler::getDefaultPort (2 bytes)
Event: 0.241 Thread 0x0000013376fb9450 nmethod 409 0x000001330f28cf10 code [0x000001330f28d0a0, 0x000001330f28d178]
Event: 0.242 Thread 0x0000013376fb9450  410       3       sun.net.www.protocol.file.Handler::parseURL (18 bytes)
Event: 0.242 Thread 0x0000013376fb9450 nmethod 410 0x0000013307ddbd10 code [0x0000013307ddbec0, 0x0000013307ddc078]
Event: 0.242 Thread 0x0000013376fb9450  411       3       java.net.URLStreamHandler::parseURL (1201 bytes)

GC Heap History (0 events):
No events

Deoptimization events (20 events):
Event: 0.202 Thread 0x00000133794d5780 Uncommon trap: trap_request=0xffffffbe fr.pc=0x000001330f285e20 relative=0x0000000000000400
Event: 0.202 Thread 0x00000133794d5780 Uncommon trap: reason=profile_predicate action=maybe_recompile pc=0x000001330f285e20 method=java.lang.StringLatin1.indexOf([BI[BII)I @ 18 c2
Event: 0.202 Thread 0x00000133794d5780 DEOPT PACKING pc=0x000001330f285e20 sp=0x0000001da9ffeea0
Event: 0.202 Thread 0x00000133794d5780 DEOPT UNPACKING pc=0x00000133077f5c23 sp=0x0000001da9ffee28 mode 2
Event: 0.223 Thread 0x00000133794d5780 Uncommon trap: trap_request=0xffffff45 fr.pc=0x000001330f286b64 relative=0x0000000000000244
Event: 0.223 Thread 0x00000133794d5780 Uncommon trap: reason=unstable_if action=reinterpret pc=0x000001330f286b64 method=java.lang.String.startsWith(Ljava/lang/String;I)Z @ 1 c2
Event: 0.223 Thread 0x00000133794d5780 DEOPT PACKING pc=0x000001330f286b64 sp=0x0000001da9ffe380
Event: 0.223 Thread 0x00000133794d5780 DEOPT UNPACKING pc=0x00000133077f5c23 sp=0x0000001da9ffe2e8 mode 2
Event: 0.224 Thread 0x00000133794d5780 Uncommon trap: trap_request=0xffffff45 fr.pc=0x000001330f285d9c relative=0x000000000000037c
Event: 0.224 Thread 0x00000133794d5780 Uncommon trap: reason=unstable_if action=reinterpret pc=0x000001330f285d9c method=java.lang.StringLatin1.indexOf([BI[BII)I @ 91 c2
Event: 0.224 Thread 0x00000133794d5780 DEOPT PACKING pc=0x000001330f285d9c sp=0x0000001da9ffe110
Event: 0.224 Thread 0x00000133794d5780 DEOPT UNPACKING pc=0x00000133077f5c23 sp=0x0000001da9ffe098 mode 2
Event: 0.235 Thread 0x00000133794d5780 Uncommon trap: trap_request=0xffffff45 fr.pc=0x000001330f28ade4 relative=0x0000000000000064
Event: 0.235 Thread 0x00000133794d5780 Uncommon trap: reason=unstable_if action=reinterpret pc=0x000001330f28ade4 method=java.io.WinNTFileSystem.isSlash(C)Z @ 9 c2
Event: 0.235 Thread 0x00000133794d5780 DEOPT PACKING pc=0x000001330f28ade4 sp=0x0000001da9ffe7b0
Event: 0.235 Thread 0x00000133794d5780 DEOPT UNPACKING pc=0x00000133077f5c23 sp=0x0000001da9ffe738 mode 2
Event: 0.244 Thread 0x00000133794d5780 DEOPT PACKING pc=0x0000013307dd99e5 sp=0x0000001da9ffa6e0
Event: 0.244 Thread 0x00000133794d5780 DEOPT UNPACKING pc=0x00000133077f6763 sp=0x0000001da9ff9b30 mode 0
Event: 0.250 Thread 0x00000133794d5780 DEOPT PACKING pc=0x0000013307dd99e5 sp=0x0000001da9ffcee0
Event: 0.250 Thread 0x00000133794d5780 DEOPT UNPACKING pc=0x00000133077f6763 sp=0x0000001da9ffc330 mode 0

Classes unloaded (0 events):
No events

Classes redefined (0 events):
No events

Internal exceptions (0 events):
No events

VM Operations (4 events):
Event: 0.101 Executing VM operation: HandshakeAllThreads
Event: 0.101 Executing VM operation: HandshakeAllThreads done
Event: 0.235 Executing VM operation: HandshakeAllThreads
Event: 0.235 Executing VM operation: HandshakeAllThreads done

Events (20 events):
Event: 0.234 loading class sun/net/www/protocol/jar/JarFileFactory
Event: 0.234 loading class sun/net/www/protocol/jar/URLJarFile$URLJarFileCloseController
Event: 0.234 loading class sun/net/www/protocol/jar/URLJarFile$URLJarFileCloseController done
Event: 0.234 loading class sun/net/www/protocol/jar/JarFileFactory done
Event: 0.234 loading class sun/net/www/protocol/file/FileURLConnection
Event: 0.234 loading class sun/net/www/URLConnection
Event: 0.234 loading class sun/net/www/URLConnection done
Event: 0.234 loading class sun/net/www/protocol/file/FileURLConnection done
Event: 0.234 loading class sun/net/www/MessageHeader
Event: 0.234 loading class sun/net/www/MessageHeader done
Event: 0.234 loading class sun/net/www/protocol/jar/URLJarFile
Event: 0.234 loading class sun/net/www/protocol/jar/URLJarFile done
Event: 0.235 loading class sun/net/www/protocol/jar/URLJarFile$URLJarFileEntry
Event: 0.235 loading class sun/net/www/protocol/jar/URLJarFile$URLJarFileEntry done
Event: 0.235 loading class sun/net/www/protocol/jar/JarURLConnection$JarURLInputStream
Event: 0.235 loading class sun/net/www/protocol/jar/JarURLConnection$JarURLInputStream done
Event: 0.244 loading class java/net/URLClassLoader
Event: 0.244 loading class java/net/URLClassLoader done
Event: 0.245 loading class java/util/concurrent/BlockingQueue
Event: 0.245 loading class java/util/concurrent/BlockingQueue done


Dynamic libraries:
0x00007ff612ac0000 - 0x00007ff612ad0000 	C:\Program Files\Java\jdk-17.0.4\bin\javaw.exe
0x00007ffc21a30000 - 0x00007ffc21c28000 	C:\Windows\SYSTEM32\ntdll.dll
0x00007ffc21650000 - 0x00007ffc2170d000 	C:\Windows\System32\KERNEL32.DLL
0x00007ffc1f240000 - 0x00007ffc1f50e000 	C:\Windows\System32\KERNELBASE.dll
0x00007ffc1f510000 - 0x00007ffc1f610000 	C:\Windows\System32\ucrtbase.dll
0x00007ffc1ac20000 - 0x00007ffc1ac38000 	C:\Program Files\Java\jdk-17.0.4\bin\jli.dll
0x00007ffc1fc70000 - 0x00007ffc1fd1e000 	C:\Windows\System32\ADVAPI32.dll
0x00007ffc1fbb0000 - 0x00007ffc1fc4e000 	C:\Windows\System32\msvcrt.dll
0x00007ffc20f50000 - 0x00007ffc20fec000 	C:\Windows\System32\sechost.dll
0x00007ffc21520000 - 0x00007ffc21645000 	C:\Windows\System32\RPCRT4.dll
0x00007ffc212b0000 - 0x00007ffc21450000 	C:\Windows\System32\USER32.dll
0x00007ffc1f770000 - 0x00007ffc1f792000 	C:\Windows\System32\win32u.dll
0x00007ffc20ff0000 - 0x00007ffc2101a000 	C:\Windows\System32\GDI32.dll
0x00007ffc1f8a0000 - 0x00007ffc1f9ab000 	C:\Windows\System32\gdi32full.dll
0x00007ffc1f1a0000 - 0x00007ffc1f23d000 	C:\Windows\System32\msvcp_win.dll
0x00007ffc1ac00000 - 0x00007ffc1ac1a000 	C:\Program Files\Java\jdk-17.0.4\bin\VCRUNTIME140.dll
0x00007ffc1d4c0000 - 0x00007ffc1d75a000 	C:\Windows\WinSxS\amd64_microsoft.windows.common-controls_6595b64144ccf1df_6.0.19041.1110_none_60b5254171f9507e\COMCTL32.dll
0x00007ffc1de50000 - 0x00007ffc1de5a000 	C:\Windows\SYSTEM32\VERSION.dll
0x00007ffc219c0000 - 0x00007ffc219f0000 	C:\Windows\System32\IMM32.DLL
0x00007ffc175b0000 - 0x00007ffc17bd4000 	C:\Program Files\McAfee\DLP\Agent\fcagpph64.dll
0x00007ffc204a0000 - 0x00007ffc20be4000 	C:\Windows\System32\SHELL32.dll
0x00007ffc21880000 - 0x00007ffc219aa000 	C:\Windows\System32\ole32.dll
0x00007ffc20bf0000 - 0x00007ffc20f44000 	C:\Windows\System32\combase.dll
0x00007ffc1faf0000 - 0x00007ffc1fb45000 	C:\Windows\System32\SHLWAPI.dll
0x00007ffc21080000 - 0x00007ffc210eb000 	C:\Windows\System32\WS2_32.dll
0x00007ffc21450000 - 0x00007ffc2151d000 	C:\Windows\System32\OLEAUT32.dll
0x00007ffc077f0000 - 0x00007ffc07888000 	C:\Windows\SYSTEM32\WINSPOOL.DRV
0x00007ffc1f010000 - 0x00007ffc1f042000 	C:\Windows\SYSTEM32\SspiCli.dll
0x00007ffc1d050000 - 0x00007ffc1d083000 	C:\Windows\SYSTEM32\ntmarta.dll
0x00007ffbdb070000 - 0x00007ffbdb114000 	C:\Program Files\McAfee\Endpoint Security\Threat Prevention\Ips\EpMPApi.dll
0x00007ffc1f7a0000 - 0x00007ffc1f808000 	C:\Windows\System32\WINTRUST.dll
0x0000013378ad0000 - 0x0000013378c26000 	C:\Windows\System32\CRYPT32.dll
0x00007ffc1ed40000 - 0x00007ffc1ed52000 	C:\Windows\SYSTEM32\MSASN1.dll
0x000000006fe70000 - 0x000000006fe7c000 	C:\Program Files\McAfee\Endpoint Security\Threat Prevention\Ips\EpMPThe.dll
0x00007ffc19650000 - 0x00007ffc1965c000 	C:\Program Files\Java\jdk-17.0.4\bin\vcruntime140_1.dll
0x00007ffbf83b0000 - 0x00007ffbf843d000 	C:\Program Files\Java\jdk-17.0.4\bin\msvcp140.dll
0x00007ffbd5310000 - 0x00007ffbd5ed2000 	C:\Program Files\Java\jdk-17.0.4\bin\server\jvm.dll
0x00007ffc219b0000 - 0x00007ffc219b8000 	C:\Windows\System32\PSAPI.DLL
0x00007ffc18ae0000 - 0x00007ffc18ae9000 	C:\Windows\SYSTEM32\WSOCK32.dll
0x00007ffc075a0000 - 0x00007ffc075c7000 	C:\Windows\SYSTEM32\WINMM.dll
0x00007ffc1de10000 - 0x00007ffc1de22000 	C:\Windows\SYSTEM32\kernel.appcore.dll
0x00007ffc19640000 - 0x00007ffc1964a000 	C:\Program Files\Java\jdk-17.0.4\bin\jimage.dll
0x00007ffc1cc40000 - 0x00007ffc1ce24000 	C:\Windows\SYSTEM32\DBGHELP.DLL
0x00007ffc06c10000 - 0x00007ffc06c3c000 	C:\Windows\SYSTEM32\dbgcore.DLL
0x00007ffc1f810000 - 0x00007ffc1f892000 	C:\Windows\System32\bcryptPrimitives.dll
0x00007ffc02dc0000 - 0x00007ffc02de5000 	C:\Program Files\Java\jdk-17.0.4\bin\java.dll
0x00007ffbea140000 - 0x00007ffbea216000 	C:\Program Files\Java\jdk-17.0.4\bin\jsvml.dll
0x00007ffc1c3d0000 - 0x00007ffc1cb64000 	C:\Windows\SYSTEM32\windows.storage.dll
0x00007ffc1ead0000 - 0x00007ffc1eb00000 	C:\Windows\SYSTEM32\Wldp.dll
0x00007ffc20360000 - 0x00007ffc2040d000 	C:\Windows\System32\SHCORE.dll
0x00007ffc1f090000 - 0x00007ffc1f0af000 	C:\Windows\SYSTEM32\profapi.dll
0x00007ffc02e30000 - 0x00007ffc02e49000 	C:\Program Files\Java\jdk-17.0.4\bin\net.dll
0x00007ffc1e160000 - 0x00007ffc1e26a000 	C:\Windows\SYSTEM32\WINHTTP.dll
0x00007ffc1e8b0000 - 0x00007ffc1e91a000 	C:\Windows\system32\mswsock.dll
0x00007ffbfc2a0000 - 0x00007ffbfc2b6000 	C:\Program Files\Java\jdk-17.0.4\bin\nio.dll
0x00007ffbfa990000 - 0x00007ffbfa9a8000 	C:\Program Files\Java\jdk-17.0.4\bin\zip.dll
0x00007ffc02e10000 - 0x00007ffc02e20000 	C:\Program Files\Java\jdk-17.0.4\bin\verify.dll
0x00007ffc1e5b0000 - 0x00007ffc1e67a000 	C:\Windows\SYSTEM32\DNSAPI.dll
0x00007ffc1e570000 - 0x00007ffc1e5ab000 	C:\Windows\SYSTEM32\IPHLPAPI.DLL
0x00007ffc20410000 - 0x00007ffc20418000 	C:\Windows\System32\NSI.dll

dbghelp: loaded successfully - version: 4.0.5 - missing functions: none
symbol engine: initialized successfully - sym options: 0x614 - pdb path: .;C:\Program Files\Java\jdk-17.0.4\bin;C:\Windows\SYSTEM32;C:\Windows\WinSxS\amd64_microsoft.windows.common-controls_6595b64144ccf1df_6.0.19041.1110_none_60b5254171f9507e;C:\Program Files\McAfee\DLP\Agent;C:\Program Files\McAfee\Endpoint Security\Threat Prevention\Ips;C:\Program Files\Java\jdk-17.0.4\bin\server

VM Arguments:
jvm_args: -ea -Dfile.encoding=UTF-8 -XX:+ShowCodeDetailsInExceptionMessages 
java_command: org.testng.remote.RemoteTestNG -serport 56911 -protocol json -d D:\User\masrinivasan\eclipse-workspace\RestAssuredAPITesting_Employee_Project\test-output D:\User\masrinivasan\eclipse-workspace\RestAssuredAPITesting_Employee_Project\testng.xml
java_class_path (initial): D:\User\masrinivasan\eclipse\jee-2022-06\eclipse\configuration\org.eclipse.osgi\890\0\.cp\lib\testng-remote.jar;D:\User\masrinivasan\eclipse-workspace\RestAssuredAPITesting_Employee_Project\target\test-classes;D:\User\masrinivasan\eclipse-workspace\RestAssuredAPITesting_Employee_Project\target\classes;D:\User\masrinivasan\.m2\repository\io\rest-assured\rest-assured\5.1.1\rest-assured-5.1.1.jar;D:\User\masrinivasan\.m2\repository\org\apache\groovy\groovy\4.0.1\groovy-4.0.1.jar;D:\User\masrinivasan\.m2\repository\org\apache\groovy\groovy-xml\4.0.1\groovy-xml-4.0.1.jar;D:\User\masrinivasan\.m2\repository\org\apache\httpcomponents\httpclient\4.5.13\httpclient-4.5.13.jar;D:\User\masrinivasan\.m2\repository\org\apache\httpcomponents\httpcore\4.4.13\httpcore-4.4.13.jar;D:\User\masrinivasan\.m2\repository\commons-logging\commons-logging\1.2\commons-logging-1.2.jar;D:\User\masrinivasan\.m2\repository\org\apache\httpcomponents\httpmime\4.5.13\httpmime-4.5.13.jar;D:\User\masrinivasan\.m2\repository\org\hamcrest\hamcrest\2.1\hamcrest-2.1.jar;D:\User\masrinivasan\.m2\repository\org\ccil\cowan\tagsoup\tagsoup\1.2.1\tagsoup-1.2.1.jar;D:\User\masrinivasan\.m2\repository\io\rest-assured\json-path\5.1.1\json-path-5.1.1.jar;D:\User\masrinivasan\.m2\repository\org\apache\groovy\groovy-json\4.0.1\groovy-json-4.0.1.jar;D:\User\masrinivasan\.m2\repository\io\rest-assured\rest-assured-common\5.1.1\rest-assured-common-5.1.1.jar;D:\User\masrinivasan\.m2\repository\io\rest-assured\xml-path\5.1.1\xml-path-5.1.1.jar;D:\User\masrinivasan\.m2\repository\org\apache\commons\commons-lang3\3.11\commons-lang3-3.11.jar;D:\User\masrinivasan\.m2\repository\org\testng\testng\7.6.1\testng-7.6.1.jar;D:\User\masrinivasan\.m2\repository\com\google\code\findbugs\jsr305\3.0.2\jsr305-3.0.2.jar;D:\User\masrinivasan\.m2\repository\org\slf4j\slf4j-api\1.7.36\slf4j-api-1.7.36.jar;D:\User\masrinivasan\.m2\repository\com\beust\jcommander\1.82\jcommander-1.82.jar;D:\User\masrinivasan\.m2\re
Launcher Type: SUN_STANDARD

[Global flags]
     intx CICompilerCount                          = 4                                         {product} {ergonomic}
     uint ConcGCThreads                            = 2                                         {product} {ergonomic}
     uint G1ConcRefinementThreads                  = 8                                         {product} {ergonomic}
   size_t G1HeapRegionSize                         = 2097152                                   {product} {ergonomic}
    uintx GCDrainStackTargetSize                   = 64                                        {product} {ergonomic}
   size_t InitialHeapSize                          = 264241152                                 {product} {ergonomic}
   size_t MarkStackSize                            = 4194304                                   {product} {ergonomic}
   size_t MaxHeapSize                              = 4227858432                                {product} {ergonomic}
   size_t MaxNewSize                               = 2535456768                                {product} {ergonomic}
   size_t MinHeapDeltaBytes                        = 2097152                                   {product} {ergonomic}
   size_t MinHeapSize                              = 8388608                                   {product} {ergonomic}
    uintx NonNMethodCodeHeapSize                   = 5839372                                {pd product} {ergonomic}
    uintx NonProfiledCodeHeapSize                  = 122909434                              {pd product} {ergonomic}
    uintx ProfiledCodeHeapSize                     = 122909434                              {pd product} {ergonomic}
    uintx ReservedCodeCacheSize                    = 251658240                              {pd product} {ergonomic}
     bool SegmentedCodeCache                       = true                                      {product} {ergonomic}
     bool ShowCodeDetailsInExceptionMessages       = true                                   {manageable} {command line}
   size_t SoftMaxHeapSize                          = 4227858432                             {manageable} {ergonomic}
     bool UseCompressedClassPointers               = true                           {product lp64_product} {ergonomic}
     bool UseCompressedOops                        = true                           {product lp64_product} {ergonomic}
     bool UseG1GC                                  = true                                      {product} {ergonomic}
     bool UseLargePagesIndividualAllocation        = false                                  {pd product} {ergonomic}

Logging:
Log output configuration:
 #0: stdout all=warning uptime,level,tags
 #1: stderr all=off uptime,level,tags

Environment Variables:
JAVA_HOME=C:\Program Files\Java\jdk-17.0.4
PATH=C:\Program Files\Common Files\Oracle\Java\javapath;C:\Program Files\Microsoft\jdk-17.0.3.7-hotspot\bin;C:\Windows\system32;C:\Windows;C:\Windows\System32\Wbem;C:\Windows\System32\WindowsPowerShell\v1.0\;C:\Windows\System32\OpenSSH\;C:\Program Files\Java\jdk-17.0.4\bin;C:\Program Files (x86)\dotnet\;C:\Program Files\Docker\Docker\resources\bin;C:\ProgramData\DockerDesktop\version-bin;D:\User\masrinivasan\jars\apache_maven\apache-maven-3.8.6\bin;C:\Program Files\PuTTY\;D:\User\masrinivasan\.cargo\bin;D:\User\masrinivasan\AppData\Local\Microsoft\WindowsApps;D:\User\masrinivasan\AppData\Local\Programs\Git\cmd;D:\User\masrinivasan\AppData\Local\JetBrains\PyCharm Community Edition 2022.1.3\bin;
USERNAME=masrinivasan
OS=Windows_NT
PROCESSOR_IDENTIFIER=Intel64 Family 6 Model 140 Stepping 1, GenuineIntel



---------------  S Y S T E M  ---------------

OS:
 Windows 10 , 64 bit Build 19041 (10.0.19041.1889)
OS uptime: 2 days 3:19 hours
Hyper-V role detected

CPU: total 8 (initial active 8) (4 cores per cpu, 2 threads per core) family 6 model 140 stepping 1 microcode 0x86, cx8, cmov, fxsr, ht, mmx, 3dnowpref, sse, sse2, sse3, ssse3, sse4.1, sse4.2, popcnt, lzcnt, tsc, tscinvbit, avx, avx2, aes, erms, clmul, bmi1, bmi2, adx, avx512f, avx512dq, avx512cd, avx512bw, avx512vl, sha, fma, vzeroupper, avx512_vpopcntdq, avx512_vpclmulqdq, avx512_vaes, avx512_vnni, clflush, clflushopt, clwb, avx512_vbmi2, avx512_vbmi, hv

Memory: 4k page, system-wide physical 16122M (3681M free)
TotalPageFile size 29322M (AvailPageFile size 5M)
current process WorkingSet (physical memory assigned to process): 53M, peak: 53M
current process commit charge ("private bytes"): 351M, peak: 351M

vm_info: Java HotSpot(TM) 64-Bit Server VM (17.0.4+11-LTS-179) for windows-amd64 JRE (17.0.4+11-LTS-179), built on Jun 28 2022 08:23:05 by "mach5one" with MS VC++ 16.8 / 16.9 (VS2019)

END.
