#
# There is insufficient memory for the Java Runtime Environment to continue.
# Native memory allocation (mmap) failed to map 65536 bytes for Failed to commit metaspace.
# Possible reasons:
#   The system is out of physical RAM or swap space
#   The process is running with CompressedOops enabled, and the Java Heap may be blocking the growth of the native heap
# Possible solutions:
#   Reduce memory load on the system
#   Increase physical memory or swap space
#   Check if swap backing store is full
#   Decrease Java heap size (-Xmx/-Xms)
#   Decrease number of Java threads
#   Decrease Java thread stack sizes (-Xss)
#   Set larger code cache with -XX:ReservedCodeCacheSize=
#   JVM is running with Zero Based Compressed Oops mode in which the Java heap is
#     placed in the first 32GB address space. The Java Heap base address is the
#     maximum limit for the native heap growth. Please use -XX:HeapBaseMinAddress
#     to set the Java Heap base and to place the Java Heap above 32GB virtual address.
# This output file may be truncated or incomplete.
#
#  Out of Memory Error (virtualSpaceNode.cpp:110), pid=19396, tid=15992
#
# JRE version: Java(TM) SE Runtime Environment (17.0.4+11) (build 17.0.4+11-LTS-179)
# Java VM: Java HotSpot(TM) 64-Bit Server VM (17.0.4+11-LTS-179, mixed mode, tiered, compressed oops, compressed class ptrs, g1 gc, windows-amd64)
# No core dump will be written. Minidumps are not enabled by default on client versions of Windows
#

---------------  S U M M A R Y ------------

Command Line: -ea -Dfile.encoding=UTF-8 -XX:+ShowCodeDetailsInExceptionMessages org.testng.remote.RemoteTestNG -serport 49676 -protocol json -d D:\User\masrinivasan\eclipse-workspace\RestAssuredAPITesting_Employee_Project\test-output D:\User\masrinivasan\eclipse-workspace\RestAssuredAPITesting_Employee_Project\testng.xml

Host: 11th Gen Intel(R) Core(TM) i5-1135G7 @ 2.40GHz, 8 cores, 15G,  Windows 10 , 64 bit Build 19041 (10.0.19041.1889)
Time: Wed Sep  7 22:19:28 2022 India Standard Time elapsed time: 0.164774 seconds (0d 0h 0m 0s)

---------------  T H R E A D  ---------------

Current thread (0x0000012b8cd4bf80):  JavaThread "main" [_thread_in_vm, id=15992, stack(0x0000000784700000,0x0000000784800000)]

Stack: [0x0000000784700000,0x0000000784800000]
Native frames: (J=compiled Java code, j=interpreted, Vv=VM code, C=native code)
V  [jvm.dll+0x6723da]
V  [jvm.dll+0x7d1f74]
V  [jvm.dll+0x7d371e]
V  [jvm.dll+0x7d3d83]
V  [jvm.dll+0x242ed5]
V  [jvm.dll+0x7cdf1b]
V  [jvm.dll+0x618186]
V  [jvm.dll+0x6181ea]
V  [jvm.dll+0x61a9fa]
V  [jvm.dll+0x618b26]
V  [jvm.dll+0x2389e0]
V  [jvm.dll+0x1e8c9d]
V  [jvm.dll+0x1de6e1]
V  [jvm.dll+0x538b90]
V  [jvm.dll+0x1eeec7]
V  [jvm.dll+0x74bdfb]
V  [jvm.dll+0x74d1a2]
V  [jvm.dll+0x74d939]
V  [jvm.dll+0x1e94e4]
V  [jvm.dll+0x1de6fa]
V  [jvm.dll+0x538b90]
V  [jvm.dll+0x1eeec7]
V  [jvm.dll+0x74bdfb]
V  [jvm.dll+0x74d1a2]
V  [jvm.dll+0x74d939]
V  [jvm.dll+0x1e94e4]
V  [jvm.dll+0x1de6fa]
V  [jvm.dll+0x538b90]
V  [jvm.dll+0x1eeec7]
V  [jvm.dll+0x74bdfb]
V  [jvm.dll+0x74d1a2]
V  [jvm.dll+0x74d4d8]
V  [jvm.dll+0x23b34e]
V  [jvm.dll+0x37bb7e]
C  0x0000012b96a0b6ce

Java frames: (J=compiled Java code, j=interpreted, Vv=VM code)
j  java.util.jar.JarFile.entryFor(Ljava/lang/String;)Ljava/util/jar/JarEntry;+0 java.base@17.0.4
j  java.util.jar.JavaUtilJarAccessImpl.entryFor(Ljava/util/jar/JarFile;Ljava/lang/String;)Ljava/util/jar/JarEntry;+2 java.base@17.0.4
j  java.util.zip.ZipFile.getZipEntry(Ljava/lang/String;I)Ljava/util/zip/ZipEntry;+138 java.base@17.0.4
j  java.util.zip.ZipFile.getEntry(Ljava/lang/String;)Ljava/util/zip/ZipEntry;+41 java.base@17.0.4
j  java.util.jar.JarFile.getManEntry()Ljava/util/jar/JarEntry;+25 java.base@17.0.4
j  java.util.jar.JarFile.checkForSpecialAttributes()V+23 java.base@17.0.4
j  java.util.jar.JarFile.isMultiRelease()Z+16 java.base@17.0.4
j  java.util.jar.JarFile.getEntry(Ljava/lang/String;)Ljava/util/zip/ZipEntry;+1 java.base@17.0.4
j  java.util.jar.JarFile.getJarEntry(Ljava/lang/String;)Ljava/util/jar/JarEntry;+2 java.base@17.0.4
j  jdk.internal.util.jar.JarIndex.getJarIndex(Ljava/util/jar/JarFile;)Ljdk/internal/util/jar/JarIndex;+5 java.base@17.0.4
j  jdk.internal.loader.URLClassPath$JarLoader$1.run()Ljava/lang/Void;+72 java.base@17.0.4
j  jdk.internal.loader.URLClassPath$JarLoader$1.run()Ljava/lang/Object;+1 java.base@17.0.4
j  java.security.AccessController.executePrivileged(Ljava/security/PrivilegedExceptionAction;Ljava/security/AccessControlContext;Ljava/lang/Class;)Ljava/lang/Object;+29 java.base@17.0.4
j  java.security.AccessController.doPrivileged(Ljava/security/PrivilegedExceptionAction;Ljava/security/AccessControlContext;)Ljava/lang/Object;+13 java.base@17.0.4
j  jdk.internal.loader.URLClassPath$JarLoader.ensureOpen()V+19 java.base@17.0.4
j  jdk.internal.loader.URLClassPath$JarLoader.<init>(Ljava/net/URL;Ljava/net/URLStreamHandler;Ljava/util/HashMap;Ljava/security/AccessControlContext;)V+63 java.base@17.0.4
j  jdk.internal.loader.URLClassPath$3.run()Ljdk/internal/loader/URLClassPath$Loader;+168 java.base@17.0.4
j  jdk.internal.loader.URLClassPath$3.run()Ljava/lang/Object;+1 java.base@17.0.4
j  java.security.AccessController.executePrivileged(Ljava/security/PrivilegedExceptionAction;Ljava/security/AccessControlContext;Ljava/lang/Class;)Ljava/lang/Object;+29 java.base@17.0.4
j  java.security.AccessController.doPrivileged(Ljava/security/PrivilegedExceptionAction;Ljava/security/AccessControlContext;)Ljava/lang/Object;+13 java.base@17.0.4
j  jdk.internal.loader.URLClassPath.getLoader(Ljava/net/URL;)Ljdk/internal/loader/URLClassPath$Loader;+13 java.base@17.0.4
j  jdk.internal.loader.URLClassPath.getLoader(I)Ljdk/internal/loader/URLClassPath$Loader;+81 java.base@17.0.4
j  jdk.internal.loader.URLClassPath.getResource(Ljava/lang/String;Z)Ljdk/internal/loader/Resource;+42 java.base@17.0.4
j  jdk.internal.loader.BuiltinClassLoader.findClassOnClassPathOrNull(Ljava/lang/String;)Ljava/lang/Class;+26 java.base@17.0.4
j  jdk.internal.loader.BuiltinClassLoader.loadClassOrNull(Ljava/lang/String;Z)Ljava/lang/Class;+111 java.base@17.0.4
j  jdk.internal.loader.BuiltinClassLoader.loadClass(Ljava/lang/String;Z)Ljava/lang/Class;+3 java.base@17.0.4
j  jdk.internal.loader.ClassLoaders$AppClassLoader.loadClass(Ljava/lang/String;Z)Ljava/lang/Class;+36 java.base@17.0.4
j  java.lang.ClassLoader.loadClass(Ljava/lang/String;)Ljava/lang/Class;+3 java.base@17.0.4
v  ~StubRoutines::call_stub
j  java.lang.Class.forName0(Ljava/lang/String;ZLjava/lang/ClassLoader;Ljava/lang/Class;)Ljava/lang/Class;+0 java.base@17.0.4
j  java.lang.Class.forName(Ljava/lang/String;ZLjava/lang/ClassLoader;)Ljava/lang/Class;+43 java.base@17.0.4
j  sun.launcher.LauncherHelper.loadMainClass(ILjava/lang/String;)Ljava/lang/Class;+95 java.base@17.0.4
j  sun.launcher.LauncherHelper.checkAndLoadMain(ZILjava/lang/String;)Ljava/lang/Class;+42 java.base@17.0.4
v  ~StubRoutines::call_stub

---------------  P R O C E S S  ---------------

Threads class SMR info:
_java_thread_list=0x0000012bb1fe7dc0, length=12, elements={
0x0000012b8cd4bf80, 0x0000012bb1e61260, 0x0000012bb1e620f0, 0x0000012bb1e8ffd0,
0x0000012bb1e92a90, 0x0000012bb1e70970, 0x0000012bb1e716f0, 0x0000012b8cc88620,
0x0000012b8cc8b8c0, 0x0000012bb1e878d0, 0x0000012bb2007d00, 0x0000012bb201e230
}

Java Threads: ( => current thread )
=>0x0000012b8cd4bf80 JavaThread "main" [_thread_in_vm, id=15992, stack(0x0000000784700000,0x0000000784800000)]
  0x0000012bb1e61260 JavaThread "Reference Handler" daemon [_thread_blocked, id=12768, stack(0x0000000784e00000,0x0000000784f00000)]
  0x0000012bb1e620f0 JavaThread "Finalizer" daemon [_thread_blocked, id=20588, stack(0x0000000784f00000,0x0000000785000000)]
  0x0000012bb1e8ffd0 JavaThread "Signal Dispatcher" daemon [_thread_blocked, id=23564, stack(0x0000000785000000,0x0000000785100000)]
  0x0000012bb1e92a90 JavaThread "Attach Listener" daemon [_thread_blocked, id=10296, stack(0x0000000785100000,0x0000000785200000)]
  0x0000012bb1e70970 JavaThread "Service Thread" daemon [_thread_blocked, id=25296, stack(0x0000000785200000,0x0000000785300000)]
  0x0000012bb1e716f0 JavaThread "Monitor Deflation Thread" daemon [_thread_blocked, id=1216, stack(0x0000000785300000,0x0000000785400000)]
  0x0000012b8cc88620 JavaThread "C2 CompilerThread0" daemon [_thread_blocked, id=26064, stack(0x0000000785400000,0x0000000785500000)]
  0x0000012b8cc8b8c0 JavaThread "C1 CompilerThread0" daemon [_thread_blocked, id=7384, stack(0x0000000785500000,0x0000000785600000)]
  0x0000012bb1e878d0 JavaThread "Sweeper thread" daemon [_thread_blocked, id=17816, stack(0x0000000785600000,0x0000000785700000)]
  0x0000012bb2007d00 JavaThread "Notification Thread" daemon [_thread_blocked, id=9744, stack(0x0000000785700000,0x0000000785800000)]
  0x0000012bb201e230 JavaThread "Common-Cleaner" daemon [_thread_blocked, id=27356, stack(0x0000000785900000,0x0000000785a00000)]

Other Threads:
  0x0000012baf4bea50 VMThread "VM Thread" [stack: 0x0000000784d00000,0x0000000784e00000] [id=24904]
  0x0000012b8cc87810 WatcherThread [stack: 0x0000000785800000,0x0000000785900000] [id=9580]
  0x0000012b8f240c10 GCTaskThread "GC Thread#0" [stack: 0x0000000784800000,0x0000000784900000] [id=8244]
  0x0000012baf2e4b80 ConcurrentGCThread "G1 Main Marker" [stack: 0x0000000784900000,0x0000000784a00000] [id=26852]
  0x0000012b8f24de90 ConcurrentGCThread "G1 Conc#0" [stack: 0x0000000784a00000,0x0000000784b00000] [id=28200]
  0x0000012baf3deb50 ConcurrentGCThread "G1 Refine#0" [stack: 0x0000000784b00000,0x0000000784c00000] [id=15312]
  0x0000012baf3df410 ConcurrentGCThread "G1 Service" [stack: 0x0000000784c00000,0x0000000784d00000] [id=19200]

Threads with active compile tasks:

VM state: not at safepoint (normal execution)

VM Mutex/Monitor currently owned by a thread:  ([mutex/lock_event])
[0x0000012b8f1f48a0] Metaspace_lock - owner thread: 0x0000012b8cd4bf80

Heap address: 0x00000004d8000000, size: 4032 MB, Compressed Oops mode: Zero based, Oop shift amount: 3

CDS archive(s) not mapped
Compressed class space mapped at: 0x00000005d4000000-0x0000000614000000, reserved size: 1073741824
Narrow klass base: 0x0000000000000000, Narrow klass shift: 3, Narrow klass range: 0x614000000

GC Precious Log:
 CPUs: 8 total, 8 available
 Memory: 16122M
 Large Page Support: Disabled
 NUMA Support: Disabled
 Compressed Oops: Enabled (Zero based)
 Heap Region Size: 2M
 Heap Min Capacity: 8M
 Heap Initial Capacity: 252M
 Heap Max Capacity: 4032M
 Pre-touch: Disabled
 Parallel Workers: 8
 Concurrent Workers: 2
 Concurrent Refinement Workers: 8
 Periodic GC: Disabled

Heap:
 garbage-first heap   total 258048K, used 0K [0x00000004d8000000, 0x00000005d4000000)
  region size 2048K, 1 young (2048K), 0 survivors (0K)
 Metaspace       used 4393K, committed 4416K, reserved 1056768K
  class space    used 363K, committed 384K, reserved 1048576K

Heap Regions: E=young(eden), S=young(survivor), O=old, HS=humongous(starts), HC=humongous(continues), CS=collection set, F=free, OA=open archive, CA=closed archive, TAMS=top-at-mark-start (previous, next)
|   0|0x00000004d8000000, 0x00000004d8000000, 0x00000004d8200000|  0%| F|  |TAMS 0x00000004d8000000, 0x00000004d8000000| Untracked 
|   1|0x00000004d8200000, 0x00000004d8200000, 0x00000004d8400000|  0%| F|  |TAMS 0x00000004d8200000, 0x00000004d8200000| Untracked 
|   2|0x00000004d8400000, 0x00000004d8400000, 0x00000004d8600000|  0%| F|  |TAMS 0x00000004d8400000, 0x00000004d8400000| Untracked 
|   3|0x00000004d8600000, 0x00000004d8600000, 0x00000004d8800000|  0%| F|  |TAMS 0x00000004d8600000, 0x00000004d8600000| Untracked 
|   4|0x00000004d8800000, 0x00000004d8800000, 0x00000004d8a00000|  0%| F|  |TAMS 0x00000004d8800000, 0x00000004d8800000| Untracked 
|   5|0x00000004d8a00000, 0x00000004d8a00000, 0x00000004d8c00000|  0%| F|  |TAMS 0x00000004d8a00000, 0x00000004d8a00000| Untracked 
|   6|0x00000004d8c00000, 0x00000004d8c00000, 0x00000004d8e00000|  0%| F|  |TAMS 0x00000004d8c00000, 0x00000004d8c00000| Untracked 
|   7|0x00000004d8e00000, 0x00000004d8e00000, 0x00000004d9000000|  0%| F|  |TAMS 0x00000004d8e00000, 0x00000004d8e00000| Untracked 
|   8|0x00000004d9000000, 0x00000004d9000000, 0x00000004d9200000|  0%| F|  |TAMS 0x00000004d9000000, 0x00000004d9000000| Untracked 
|   9|0x00000004d9200000, 0x00000004d9200000, 0x00000004d9400000|  0%| F|  |TAMS 0x00000004d9200000, 0x00000004d9200000| Untracked 
|  10|0x00000004d9400000, 0x00000004d9400000, 0x00000004d9600000|  0%| F|  |TAMS 0x00000004d9400000, 0x00000004d9400000| Untracked 
|  11|0x00000004d9600000, 0x00000004d9600000, 0x00000004d9800000|  0%| F|  |TAMS 0x00000004d9600000, 0x00000004d9600000| Untracked 
|  12|0x00000004d9800000, 0x00000004d9800000, 0x00000004d9a00000|  0%| F|  |TAMS 0x00000004d9800000, 0x00000004d9800000| Untracked 
|  13|0x00000004d9a00000, 0x00000004d9a00000, 0x00000004d9c00000|  0%| F|  |TAMS 0x00000004d9a00000, 0x00000004d9a00000| Untracked 
|  14|0x00000004d9c00000, 0x00000004d9c00000, 0x00000004d9e00000|  0%| F|  |TAMS 0x00000004d9c00000, 0x00000004d9c00000| Untracked 
|  15|0x00000004d9e00000, 0x00000004d9e00000, 0x00000004da000000|  0%| F|  |TAMS 0x00000004d9e00000, 0x00000004d9e00000| Untracked 
|  16|0x00000004da000000, 0x00000004da000000, 0x00000004da200000|  0%| F|  |TAMS 0x00000004da000000, 0x00000004da000000| Untracked 
|  17|0x00000004da200000, 0x00000004da200000, 0x00000004da400000|  0%| F|  |TAMS 0x00000004da200000, 0x00000004da200000| Untracked 
|  18|0x00000004da400000, 0x00000004da400000, 0x00000004da600000|  0%| F|  |TAMS 0x00000004da400000, 0x00000004da400000| Untracked 
|  19|0x00000004da600000, 0x00000004da600000, 0x00000004da800000|  0%| F|  |TAMS 0x00000004da600000, 0x00000004da600000| Untracked 
|  20|0x00000004da800000, 0x00000004da800000, 0x00000004daa00000|  0%| F|  |TAMS 0x00000004da800000, 0x00000004da800000| Untracked 
|  21|0x00000004daa00000, 0x00000004daa00000, 0x00000004dac00000|  0%| F|  |TAMS 0x00000004daa00000, 0x00000004daa00000| Untracked 
|  22|0x00000004dac00000, 0x00000004dac00000, 0x00000004dae00000|  0%| F|  |TAMS 0x00000004dac00000, 0x00000004dac00000| Untracked 
|  23|0x00000004dae00000, 0x00000004dae00000, 0x00000004db000000|  0%| F|  |TAMS 0x00000004dae00000, 0x00000004dae00000| Untracked 
|  24|0x00000004db000000, 0x00000004db000000, 0x00000004db200000|  0%| F|  |TAMS 0x00000004db000000, 0x00000004db000000| Untracked 
|  25|0x00000004db200000, 0x00000004db200000, 0x00000004db400000|  0%| F|  |TAMS 0x00000004db200000, 0x00000004db200000| Untracked 
|  26|0x00000004db400000, 0x00000004db400000, 0x00000004db600000|  0%| F|  |TAMS 0x00000004db400000, 0x00000004db400000| Untracked 
|  27|0x00000004db600000, 0x00000004db600000, 0x00000004db800000|  0%| F|  |TAMS 0x00000004db600000, 0x00000004db600000| Untracked 
|  28|0x00000004db800000, 0x00000004db800000, 0x00000004dba00000|  0%| F|  |TAMS 0x00000004db800000, 0x00000004db800000| Untracked 
|  29|0x00000004dba00000, 0x00000004dba00000, 0x00000004dbc00000|  0%| F|  |TAMS 0x00000004dba00000, 0x00000004dba00000| Untracked 
|  30|0x00000004dbc00000, 0x00000004dbc00000, 0x00000004dbe00000|  0%| F|  |TAMS 0x00000004dbc00000, 0x00000004dbc00000| Untracked 
|  31|0x00000004dbe00000, 0x00000004dbe00000, 0x00000004dc000000|  0%| F|  |TAMS 0x00000004dbe00000, 0x00000004dbe00000| Untracked 
|  32|0x00000004dc000000, 0x00000004dc000000, 0x00000004dc200000|  0%| F|  |TAMS 0x00000004dc000000, 0x00000004dc000000| Untracked 
|  33|0x00000004dc200000, 0x00000004dc200000, 0x00000004dc400000|  0%| F|  |TAMS 0x00000004dc200000, 0x00000004dc200000| Untracked 
|  34|0x00000004dc400000, 0x00000004dc400000, 0x00000004dc600000|  0%| F|  |TAMS 0x00000004dc400000, 0x00000004dc400000| Untracked 
|  35|0x00000004dc600000, 0x00000004dc600000, 0x00000004dc800000|  0%| F|  |TAMS 0x00000004dc600000, 0x00000004dc600000| Untracked 
|  36|0x00000004dc800000, 0x00000004dc800000, 0x00000004dca00000|  0%| F|  |TAMS 0x00000004dc800000, 0x00000004dc800000| Untracked 
|  37|0x00000004dca00000, 0x00000004dca00000, 0x00000004dcc00000|  0%| F|  |TAMS 0x00000004dca00000, 0x00000004dca00000| Untracked 
|  38|0x00000004dcc00000, 0x00000004dcc00000, 0x00000004dce00000|  0%| F|  |TAMS 0x00000004dcc00000, 0x00000004dcc00000| Untracked 
|  39|0x00000004dce00000, 0x00000004dce00000, 0x00000004dd000000|  0%| F|  |TAMS 0x00000004dce00000, 0x00000004dce00000| Untracked 
|  40|0x00000004dd000000, 0x00000004dd000000, 0x00000004dd200000|  0%| F|  |TAMS 0x00000004dd000000, 0x00000004dd000000| Untracked 
|  41|0x00000004dd200000, 0x00000004dd200000, 0x00000004dd400000|  0%| F|  |TAMS 0x00000004dd200000, 0x00000004dd200000| Untracked 
|  42|0x00000004dd400000, 0x00000004dd400000, 0x00000004dd600000|  0%| F|  |TAMS 0x00000004dd400000, 0x00000004dd400000| Untracked 
|  43|0x00000004dd600000, 0x00000004dd600000, 0x00000004dd800000|  0%| F|  |TAMS 0x00000004dd600000, 0x00000004dd600000| Untracked 
|  44|0x00000004dd800000, 0x00000004dd800000, 0x00000004dda00000|  0%| F|  |TAMS 0x00000004dd800000, 0x00000004dd800000| Untracked 
|  45|0x00000004dda00000, 0x00000004dda00000, 0x00000004ddc00000|  0%| F|  |TAMS 0x00000004dda00000, 0x00000004dda00000| Untracked 
|  46|0x00000004ddc00000, 0x00000004ddc00000, 0x00000004dde00000|  0%| F|  |TAMS 0x00000004ddc00000, 0x00000004ddc00000| Untracked 
|  47|0x00000004dde00000, 0x00000004dde00000, 0x00000004de000000|  0%| F|  |TAMS 0x00000004dde00000, 0x00000004dde00000| Untracked 
|  48|0x00000004de000000, 0x00000004de000000, 0x00000004de200000|  0%| F|  |TAMS 0x00000004de000000, 0x00000004de000000| Untracked 
|  49|0x00000004de200000, 0x00000004de200000, 0x00000004de400000|  0%| F|  |TAMS 0x00000004de200000, 0x00000004de200000| Untracked 
|  50|0x00000004de400000, 0x00000004de400000, 0x00000004de600000|  0%| F|  |TAMS 0x00000004de400000, 0x00000004de400000| Untracked 
|  51|0x00000004de600000, 0x00000004de600000, 0x00000004de800000|  0%| F|  |TAMS 0x00000004de600000, 0x00000004de600000| Untracked 
|  52|0x00000004de800000, 0x00000004de800000, 0x00000004dea00000|  0%| F|  |TAMS 0x00000004de800000, 0x00000004de800000| Untracked 
|  53|0x00000004dea00000, 0x00000004dea00000, 0x00000004dec00000|  0%| F|  |TAMS 0x00000004dea00000, 0x00000004dea00000| Untracked 
|  54|0x00000004dec00000, 0x00000004dec00000, 0x00000004dee00000|  0%| F|  |TAMS 0x00000004dec00000, 0x00000004dec00000| Untracked 
|  55|0x00000004dee00000, 0x00000004dee00000, 0x00000004df000000|  0%| F|  |TAMS 0x00000004dee00000, 0x00000004dee00000| Untracked 
|  56|0x00000004df000000, 0x00000004df000000, 0x00000004df200000|  0%| F|  |TAMS 0x00000004df000000, 0x00000004df000000| Untracked 
|  57|0x00000004df200000, 0x00000004df200000, 0x00000004df400000|  0%| F|  |TAMS 0x00000004df200000, 0x00000004df200000| Untracked 
|  58|0x00000004df400000, 0x00000004df400000, 0x00000004df600000|  0%| F|  |TAMS 0x00000004df400000, 0x00000004df400000| Untracked 
|  59|0x00000004df600000, 0x00000004df600000, 0x00000004df800000|  0%| F|  |TAMS 0x00000004df600000, 0x00000004df600000| Untracked 
|  60|0x00000004df800000, 0x00000004df800000, 0x00000004dfa00000|  0%| F|  |TAMS 0x00000004df800000, 0x00000004df800000| Untracked 
|  61|0x00000004dfa00000, 0x00000004dfa00000, 0x00000004dfc00000|  0%| F|  |TAMS 0x00000004dfa00000, 0x00000004dfa00000| Untracked 
|  62|0x00000004dfc00000, 0x00000004dfc00000, 0x00000004dfe00000|  0%| F|  |TAMS 0x00000004dfc00000, 0x00000004dfc00000| Untracked 
|  63|0x00000004dfe00000, 0x00000004dfe00000, 0x00000004e0000000|  0%| F|  |TAMS 0x00000004dfe00000, 0x00000004dfe00000| Untracked 
|  64|0x00000004e0000000, 0x00000004e0000000, 0x00000004e0200000|  0%| F|  |TAMS 0x00000004e0000000, 0x00000004e0000000| Untracked 
|  65|0x00000004e0200000, 0x00000004e0200000, 0x00000004e0400000|  0%| F|  |TAMS 0x00000004e0200000, 0x00000004e0200000| Untracked 
|  66|0x00000004e0400000, 0x00000004e0400000, 0x00000004e0600000|  0%| F|  |TAMS 0x00000004e0400000, 0x00000004e0400000| Untracked 
|  67|0x00000004e0600000, 0x00000004e0600000, 0x00000004e0800000|  0%| F|  |TAMS 0x00000004e0600000, 0x00000004e0600000| Untracked 
|  68|0x00000004e0800000, 0x00000004e0800000, 0x00000004e0a00000|  0%| F|  |TAMS 0x00000004e0800000, 0x00000004e0800000| Untracked 
|  69|0x00000004e0a00000, 0x00000004e0a00000, 0x00000004e0c00000|  0%| F|  |TAMS 0x00000004e0a00000, 0x00000004e0a00000| Untracked 
|  70|0x00000004e0c00000, 0x00000004e0c00000, 0x00000004e0e00000|  0%| F|  |TAMS 0x00000004e0c00000, 0x00000004e0c00000| Untracked 
|  71|0x00000004e0e00000, 0x00000004e0e00000, 0x00000004e1000000|  0%| F|  |TAMS 0x00000004e0e00000, 0x00000004e0e00000| Untracked 
|  72|0x00000004e1000000, 0x00000004e1000000, 0x00000004e1200000|  0%| F|  |TAMS 0x00000004e1000000, 0x00000004e1000000| Untracked 
|  73|0x00000004e1200000, 0x00000004e1200000, 0x00000004e1400000|  0%| F|  |TAMS 0x00000004e1200000, 0x00000004e1200000| Untracked 
|  74|0x00000004e1400000, 0x00000004e1400000, 0x00000004e1600000|  0%| F|  |TAMS 0x00000004e1400000, 0x00000004e1400000| Untracked 
|  75|0x00000004e1600000, 0x00000004e1600000, 0x00000004e1800000|  0%| F|  |TAMS 0x00000004e1600000, 0x00000004e1600000| Untracked 
|  76|0x00000004e1800000, 0x00000004e1800000, 0x00000004e1a00000|  0%| F|  |TAMS 0x00000004e1800000, 0x00000004e1800000| Untracked 
|  77|0x00000004e1a00000, 0x00000004e1a00000, 0x00000004e1c00000|  0%| F|  |TAMS 0x00000004e1a00000, 0x00000004e1a00000| Untracked 
|  78|0x00000004e1c00000, 0x00000004e1c00000, 0x00000004e1e00000|  0%| F|  |TAMS 0x00000004e1c00000, 0x00000004e1c00000| Untracked 
|  79|0x00000004e1e00000, 0x00000004e1e00000, 0x00000004e2000000|  0%| F|  |TAMS 0x00000004e1e00000, 0x00000004e1e00000| Untracked 
|  80|0x00000004e2000000, 0x00000004e2000000, 0x00000004e2200000|  0%| F|  |TAMS 0x00000004e2000000, 0x00000004e2000000| Untracked 
|  81|0x00000004e2200000, 0x00000004e2200000, 0x00000004e2400000|  0%| F|  |TAMS 0x00000004e2200000, 0x00000004e2200000| Untracked 
|  82|0x00000004e2400000, 0x00000004e2400000, 0x00000004e2600000|  0%| F|  |TAMS 0x00000004e2400000, 0x00000004e2400000| Untracked 
|  83|0x00000004e2600000, 0x00000004e2600000, 0x00000004e2800000|  0%| F|  |TAMS 0x00000004e2600000, 0x00000004e2600000| Untracked 
|  84|0x00000004e2800000, 0x00000004e2800000, 0x00000004e2a00000|  0%| F|  |TAMS 0x00000004e2800000, 0x00000004e2800000| Untracked 
|  85|0x00000004e2a00000, 0x00000004e2a00000, 0x00000004e2c00000|  0%| F|  |TAMS 0x00000004e2a00000, 0x00000004e2a00000| Untracked 
|  86|0x00000004e2c00000, 0x00000004e2c00000, 0x00000004e2e00000|  0%| F|  |TAMS 0x00000004e2c00000, 0x00000004e2c00000| Untracked 
|  87|0x00000004e2e00000, 0x00000004e2e00000, 0x00000004e3000000|  0%| F|  |TAMS 0x00000004e2e00000, 0x00000004e2e00000| Untracked 
|  88|0x00000004e3000000, 0x00000004e3000000, 0x00000004e3200000|  0%| F|  |TAMS 0x00000004e3000000, 0x00000004e3000000| Untracked 
|  89|0x00000004e3200000, 0x00000004e3200000, 0x00000004e3400000|  0%| F|  |TAMS 0x00000004e3200000, 0x00000004e3200000| Untracked 
|  90|0x00000004e3400000, 0x00000004e3400000, 0x00000004e3600000|  0%| F|  |TAMS 0x00000004e3400000, 0x00000004e3400000| Untracked 
|  91|0x00000004e3600000, 0x00000004e3600000, 0x00000004e3800000|  0%| F|  |TAMS 0x00000004e3600000, 0x00000004e3600000| Untracked 
|  92|0x00000004e3800000, 0x00000004e3800000, 0x00000004e3a00000|  0%| F|  |TAMS 0x00000004e3800000, 0x00000004e3800000| Untracked 
|  93|0x00000004e3a00000, 0x00000004e3a00000, 0x00000004e3c00000|  0%| F|  |TAMS 0x00000004e3a00000, 0x00000004e3a00000| Untracked 
|  94|0x00000004e3c00000, 0x00000004e3c00000, 0x00000004e3e00000|  0%| F|  |TAMS 0x00000004e3c00000, 0x00000004e3c00000| Untracked 
|  95|0x00000004e3e00000, 0x00000004e3e00000, 0x00000004e4000000|  0%| F|  |TAMS 0x00000004e3e00000, 0x00000004e3e00000| Untracked 
|  96|0x00000004e4000000, 0x00000004e4000000, 0x00000004e4200000|  0%| F|  |TAMS 0x00000004e4000000, 0x00000004e4000000| Untracked 
|  97|0x00000004e4200000, 0x00000004e4200000, 0x00000004e4400000|  0%| F|  |TAMS 0x00000004e4200000, 0x00000004e4200000| Untracked 
|  98|0x00000004e4400000, 0x00000004e4400000, 0x00000004e4600000|  0%| F|  |TAMS 0x00000004e4400000, 0x00000004e4400000| Untracked 
|  99|0x00000004e4600000, 0x00000004e4600000, 0x00000004e4800000|  0%| F|  |TAMS 0x00000004e4600000, 0x00000004e4600000| Untracked 
| 100|0x00000004e4800000, 0x00000004e4800000, 0x00000004e4a00000|  0%| F|  |TAMS 0x00000004e4800000, 0x00000004e4800000| Untracked 
| 101|0x00000004e4a00000, 0x00000004e4a00000, 0x00000004e4c00000|  0%| F|  |TAMS 0x00000004e4a00000, 0x00000004e4a00000| Untracked 
| 102|0x00000004e4c00000, 0x00000004e4c00000, 0x00000004e4e00000|  0%| F|  |TAMS 0x00000004e4c00000, 0x00000004e4c00000| Untracked 
| 103|0x00000004e4e00000, 0x00000004e4e00000, 0x00000004e5000000|  0%| F|  |TAMS 0x00000004e4e00000, 0x00000004e4e00000| Untracked 
| 104|0x00000004e5000000, 0x00000004e5000000, 0x00000004e5200000|  0%| F|  |TAMS 0x00000004e5000000, 0x00000004e5000000| Untracked 
| 105|0x00000004e5200000, 0x00000004e5200000, 0x00000004e5400000|  0%| F|  |TAMS 0x00000004e5200000, 0x00000004e5200000| Untracked 
| 106|0x00000004e5400000, 0x00000004e5400000, 0x00000004e5600000|  0%| F|  |TAMS 0x00000004e5400000, 0x00000004e5400000| Untracked 
| 107|0x00000004e5600000, 0x00000004e5600000, 0x00000004e5800000|  0%| F|  |TAMS 0x00000004e5600000, 0x00000004e5600000| Untracked 
| 108|0x00000004e5800000, 0x00000004e5800000, 0x00000004e5a00000|  0%| F|  |TAMS 0x00000004e5800000, 0x00000004e5800000| Untracked 
| 109|0x00000004e5a00000, 0x00000004e5a00000, 0x00000004e5c00000|  0%| F|  |TAMS 0x00000004e5a00000, 0x00000004e5a00000| Untracked 
| 110|0x00000004e5c00000, 0x00000004e5c00000, 0x00000004e5e00000|  0%| F|  |TAMS 0x00000004e5c00000, 0x00000004e5c00000| Untracked 
| 111|0x00000004e5e00000, 0x00000004e5e00000, 0x00000004e6000000|  0%| F|  |TAMS 0x00000004e5e00000, 0x00000004e5e00000| Untracked 
| 112|0x00000004e6000000, 0x00000004e6000000, 0x00000004e6200000|  0%| F|  |TAMS 0x00000004e6000000, 0x00000004e6000000| Untracked 
| 113|0x00000004e6200000, 0x00000004e6200000, 0x00000004e6400000|  0%| F|  |TAMS 0x00000004e6200000, 0x00000004e6200000| Untracked 
| 114|0x00000004e6400000, 0x00000004e6400000, 0x00000004e6600000|  0%| F|  |TAMS 0x00000004e6400000, 0x00000004e6400000| Untracked 
| 115|0x00000004e6600000, 0x00000004e6600000, 0x00000004e6800000|  0%| F|  |TAMS 0x00000004e6600000, 0x00000004e6600000| Untracked 
| 116|0x00000004e6800000, 0x00000004e6800000, 0x00000004e6a00000|  0%| F|  |TAMS 0x00000004e6800000, 0x00000004e6800000| Untracked 
| 117|0x00000004e6a00000, 0x00000004e6a00000, 0x00000004e6c00000|  0%| F|  |TAMS 0x00000004e6a00000, 0x00000004e6a00000| Untracked 
| 118|0x00000004e6c00000, 0x00000004e6c00000, 0x00000004e6e00000|  0%| F|  |TAMS 0x00000004e6c00000, 0x00000004e6c00000| Untracked 
| 119|0x00000004e6e00000, 0x00000004e6e00000, 0x00000004e7000000|  0%| F|  |TAMS 0x00000004e6e00000, 0x00000004e6e00000| Untracked 
| 120|0x00000004e7000000, 0x00000004e7000000, 0x00000004e7200000|  0%| F|  |TAMS 0x00000004e7000000, 0x00000004e7000000| Untracked 
| 121|0x00000004e7200000, 0x00000004e7200000, 0x00000004e7400000|  0%| F|  |TAMS 0x00000004e7200000, 0x00000004e7200000| Untracked 
| 122|0x00000004e7400000, 0x00000004e7400000, 0x00000004e7600000|  0%| F|  |TAMS 0x00000004e7400000, 0x00000004e7400000| Untracked 
| 123|0x00000004e7600000, 0x00000004e7600000, 0x00000004e7800000|  0%| F|  |TAMS 0x00000004e7600000, 0x00000004e7600000| Untracked 
| 124|0x00000004e7800000, 0x00000004e7800000, 0x00000004e7a00000|  0%| F|  |TAMS 0x00000004e7800000, 0x00000004e7800000| Untracked 
| 125|0x00000004e7a00000, 0x00000004e7bc2a50, 0x00000004e7c00000| 88%| E|  |TAMS 0x00000004e7a00000, 0x00000004e7a00000| Complete 

Card table byte_map: [0x0000012ba6500000,0x0000012ba6ce0000] _byte_map_base: 0x0000012ba3e40000

Marking Bits (Prev, Next): (CMBitMap*) 0x0000012baf2e0370, (CMBitMap*) 0x0000012baf2e03b0
 Prev Bits: [0x0000012ba74c0000, 0x0000012bab3c0000)
 Next Bits: [0x0000012bab3c0000, 0x0000012baf2c0000)

Polling page: 0x0000012b8cf30000

Metaspace:

Usage:
  Non-class:      3.94 MB used.
      Class:    363.24 KB used.
       Both:      4.29 MB used.

Virtual space:
  Non-class space:        8.00 MB reserved,       3.94 MB ( 49%) committed,  1 nodes.
      Class space:        1.00 GB reserved,     384.00 KB ( <1%) committed,  1 nodes.
             Both:        1.01 GB reserved,       4.31 MB ( <1%) committed. 

Chunk freelists:
   Non-Class:  0 bytes
       Class:  3.62 MB
        Both:  3.62 MB

MaxMetaspaceSize: unlimited
CompressedClassSpaceSize: 1.00 GB
Initial GC threshold: 21.00 MB
Current GC threshold: 21.00 MB
CDS: off
MetaspaceReclaimPolicy: balanced
 - commit_granule_bytes: 65536.
 - commit_granule_words: 8192.
 - virtual_space_node_default_size: 1048576.
 - enlarge_chunks_in_place: 1.
 - new_chunks_are_fully_committed: 0.
 - uncommit_free_chunks: 1.
 - use_allocation_guard: 0.
 - handle_deallocations: 1.


Internal statistics:

num_allocs_failed_limit: 0.
num_arena_births: 2.
num_arena_deaths: 0.
num_vsnodes_births: 2.
num_vsnodes_deaths: 0.
num_space_committed: 69.
num_space_uncommitted: 0.
num_chunks_returned_to_freelist: 0.
num_chunks_taken_from_freelist: 4.
num_chunk_merges: 0.
num_chunk_splits: 1.
num_chunks_enlarged: 0.
num_purges: 0.
num_inconsistent_stats: 0.

CodeHeap 'non-profiled nmethods': size=120000Kb used=16Kb max_used=16Kb free=119983Kb
 bounds [0x0000012b9e4c0000, 0x0000012b9e730000, 0x0000012ba59f0000]
CodeHeap 'profiled nmethods': size=120000Kb used=114Kb max_used=114Kb free=119885Kb
 bounds [0x0000012b96f90000, 0x0000012b97200000, 0x0000012b9e4c0000]
CodeHeap 'non-nmethods': size=5760Kb used=1065Kb max_used=1075Kb free=4695Kb
 bounds [0x0000012b969f0000, 0x0000012b96c60000, 0x0000012b96f90000]
 total_blobs=401 nmethods=89 adapters=225
 compilation: enabled
              stopped_count=0, restarted_count=0
 full_count=0

Compilation events (20 events):
Event: 0.143 Thread 0x0000012b8cc8b8c0   80       3       java.lang.String::getBytes (46 bytes)
Event: 0.143 Thread 0x0000012b8cc8b8c0 nmethod 80 0x0000012b96faa110 code [0x0000012b96faa2e0, 0x0000012b96faa5f8]
Event: 0.144 Thread 0x0000012b8cc88620   81       4       java.lang.String::charAt (25 bytes)
Event: 0.144 Thread 0x0000012b8cc8b8c0   82       3       java.lang.String::indexOf (29 bytes)
Event: 0.144 Thread 0x0000012b8cc8b8c0 nmethod 82 0x0000012b96faa710 code [0x0000012b96faa8e0, 0x0000012b96faab98]
Event: 0.144 Thread 0x0000012b8cc8b8c0   83       3       java.lang.StringLatin1::indexOf (36 bytes)
Event: 0.144 Thread 0x0000012b8cc8b8c0 nmethod 83 0x0000012b96faac90 code [0x0000012b96faae60, 0x0000012b96fab298]
Event: 0.144 Thread 0x0000012b8cc8b8c0   84       3       java.lang.String::indexOf (7 bytes)
Event: 0.144 Thread 0x0000012b8cc8b8c0 nmethod 84 0x0000012b96fab410 code [0x0000012b96fab5e0, 0x0000012b96fab8f8]
Event: 0.144 Thread 0x0000012b8cc88620 nmethod 81 0x0000012b9e4c3890 code [0x0000012b9e4c3a20, 0x0000012b9e4c3b08]
Event: 0.159 Thread 0x0000012b8cc8b8c0   85       3       java.util.zip.ZipUtils::SH (21 bytes)
Event: 0.159 Thread 0x0000012b8cc8b8c0 nmethod 85 0x0000012b96faba10 code [0x0000012b96fabba0, 0x0000012b96fabcf8]
Event: 0.159 Thread 0x0000012b8cc8b8c0   86       3       java.util.zip.ZipCoder$UTF8ZipCoder::checkedHash (91 bytes)
Event: 0.159 Thread 0x0000012b8cc88620   88       4       java.util.zip.ZipUtils::SH (21 bytes)
Event: 0.160 Thread 0x0000012b8cc8b8c0 nmethod 86 0x0000012b96fabe10 code [0x0000012b96fac000, 0x0000012b96fac418]
Event: 0.160 Thread 0x0000012b8cc8b8c0   89       3       java.util.zip.ZipUtils::LG (22 bytes)
Event: 0.160 Thread 0x0000012b8cc8b8c0 nmethod 89 0x0000012b96fac610 code [0x0000012b96fac7c0, 0x0000012b96faca38]
Event: 0.160 Thread 0x0000012b8cc8b8c0   87       1       java.util.zip.ZipCoder$UTF8ZipCoder::isUTF8 (2 bytes)
Event: 0.160 Thread 0x0000012b8cc8b8c0 nmethod 87 0x0000012b9e4c3c10 code [0x0000012b9e4c3da0, 0x0000012b9e4c3e78]
Event: 0.160 Thread 0x0000012b8cc88620 nmethod 88 0x0000012b9e4c3f10 code [0x0000012b9e4c4080, 0x0000012b9e4c4138]

GC Heap History (0 events):
No events

Deoptimization events (0 events):
No events

Classes unloaded (0 events):
No events

Classes redefined (0 events):
No events

Internal exceptions (0 events):
No events

VM Operations (0 events):
No events

Events (20 events):
Event: 0.161 loading class java/nio/MappedByteBuffer
Event: 0.161 loading class java/nio/MappedByteBuffer done
Event: 0.161 loading class java/nio/DirectByteBuffer done
Event: 0.161 loading class java/nio/Bits
Event: 0.161 loading class java/nio/Bits done
Event: 0.161 loading class java/util/concurrent/atomic/AtomicLong
Event: 0.161 loading class java/util/concurrent/atomic/AtomicLong done
Event: 0.161 loading class java/nio/Bits$1
Event: 0.161 loading class jdk/internal/misc/VM$BufferPool
Event: 0.161 loading class jdk/internal/misc/VM$BufferPool done
Event: 0.161 loading class java/nio/Bits$1 done
Event: 0.161 loading class java/nio/DirectLongBufferU
Event: 0.162 loading class java/nio/LongBuffer
Event: 0.162 loading class java/nio/LongBuffer done
Event: 0.162 loading class java/nio/DirectLongBufferU done
Event: 0.162 loading class jdk/internal/util/jar/JarIndex
Event: 0.162 loading class jdk/internal/util/jar/JarIndex done
Event: 0.162 loading class java/util/jar/JarFile$JarFileEntry
Event: 0.162 loading class java/util/jar/JarEntry
Event: 0.162 loading class java/util/zip/ZipEntry


Dynamic libraries:
0x00007ff612ac0000 - 0x00007ff612ad0000 	C:\Program Files\Java\jdk-17.0.4\bin\javaw.exe
0x00007ffc21a30000 - 0x00007ffc21c28000 	C:\Windows\SYSTEM32\ntdll.dll
0x00007ffc21650000 - 0x00007ffc2170d000 	C:\Windows\System32\KERNEL32.DLL
0x00007ffc1f240000 - 0x00007ffc1f50e000 	C:\Windows\System32\KERNELBASE.dll
0x00007ffc1f510000 - 0x00007ffc1f610000 	C:\Windows\System32\ucrtbase.dll
0x00007ffc1ac20000 - 0x00007ffc1ac38000 	C:\Program Files\Java\jdk-17.0.4\bin\jli.dll
0x00007ffc1fc70000 - 0x00007ffc1fd1e000 	C:\Windows\System32\ADVAPI32.dll
0x00007ffc1fbb0000 - 0x00007ffc1fc4e000 	C:\Windows\System32\msvcrt.dll
0x00007ffc20f50000 - 0x00007ffc20fec000 	C:\Windows\System32\sechost.dll
0x00007ffc21520000 - 0x00007ffc21645000 	C:\Windows\System32\RPCRT4.dll
0x00007ffc212b0000 - 0x00007ffc21450000 	C:\Windows\System32\USER32.dll
0x00007ffc1f770000 - 0x00007ffc1f792000 	C:\Windows\System32\win32u.dll
0x00007ffc20ff0000 - 0x00007ffc2101a000 	C:\Windows\System32\GDI32.dll
0x00007ffc1f8a0000 - 0x00007ffc1f9ab000 	C:\Windows\System32\gdi32full.dll
0x00007ffc1f1a0000 - 0x00007ffc1f23d000 	C:\Windows\System32\msvcp_win.dll
0x00007ffc1ac00000 - 0x00007ffc1ac1a000 	C:\Program Files\Java\jdk-17.0.4\bin\VCRUNTIME140.dll
0x00007ffc1d4c0000 - 0x00007ffc1d75a000 	C:\Windows\WinSxS\amd64_microsoft.windows.common-controls_6595b64144ccf1df_6.0.19041.1110_none_60b5254171f9507e\COMCTL32.dll
0x00007ffc1de50000 - 0x00007ffc1de5a000 	C:\Windows\SYSTEM32\VERSION.dll
0x00007ffc219c0000 - 0x00007ffc219f0000 	C:\Windows\System32\IMM32.DLL
0x00007ffc175b0000 - 0x00007ffc17bd4000 	C:\Program Files\McAfee\DLP\Agent\fcagpph64.dll
0x00007ffc204a0000 - 0x00007ffc20be4000 	C:\Windows\System32\SHELL32.dll
0x00007ffc21880000 - 0x00007ffc219aa000 	C:\Windows\System32\ole32.dll
0x00007ffc20bf0000 - 0x00007ffc20f44000 	C:\Windows\System32\combase.dll
0x00007ffc1faf0000 - 0x00007ffc1fb45000 	C:\Windows\System32\SHLWAPI.dll
0x00007ffc21080000 - 0x00007ffc210eb000 	C:\Windows\System32\WS2_32.dll
0x00007ffc21450000 - 0x00007ffc2151d000 	C:\Windows\System32\OLEAUT32.dll
0x00007ffc077f0000 - 0x00007ffc07888000 	C:\Windows\SYSTEM32\WINSPOOL.DRV
0x00007ffc1f010000 - 0x00007ffc1f042000 	C:\Windows\SYSTEM32\SspiCli.dll
0x00007ffc1d050000 - 0x00007ffc1d083000 	C:\Windows\SYSTEM32\ntmarta.dll
0x00007ffbdb070000 - 0x00007ffbdb114000 	C:\Program Files\McAfee\Endpoint Security\Threat Prevention\Ips\EpMPApi.dll
0x00007ffc1f7a0000 - 0x00007ffc1f808000 	C:\Windows\System32\WINTRUST.dll
0x0000012b8e720000 - 0x0000012b8e876000 	C:\Windows\System32\CRYPT32.dll
0x00007ffc1ed40000 - 0x00007ffc1ed52000 	C:\Windows\SYSTEM32\MSASN1.dll
0x000000006fe70000 - 0x000000006fe7c000 	C:\Program Files\McAfee\Endpoint Security\Threat Prevention\Ips\EpMPThe.dll
0x00007ffc19650000 - 0x00007ffc1965c000 	C:\Program Files\Java\jdk-17.0.4\bin\vcruntime140_1.dll
0x00007ffbf83b0000 - 0x00007ffbf843d000 	C:\Program Files\Java\jdk-17.0.4\bin\msvcp140.dll
0x00007ffbd5310000 - 0x00007ffbd5ed2000 	C:\Program Files\Java\jdk-17.0.4\bin\server\jvm.dll
0x00007ffc219b0000 - 0x00007ffc219b8000 	C:\Windows\System32\PSAPI.DLL
0x00007ffc18ae0000 - 0x00007ffc18ae9000 	C:\Windows\SYSTEM32\WSOCK32.dll
0x00007ffc075a0000 - 0x00007ffc075c7000 	C:\Windows\SYSTEM32\WINMM.dll
0x00007ffc1de10000 - 0x00007ffc1de22000 	C:\Windows\SYSTEM32\kernel.appcore.dll
0x00007ffc19640000 - 0x00007ffc1964a000 	C:\Program Files\Java\jdk-17.0.4\bin\jimage.dll
0x00007ffc1cc40000 - 0x00007ffc1ce24000 	C:\Windows\SYSTEM32\DBGHELP.DLL
0x00007ffc06c10000 - 0x00007ffc06c3c000 	C:\Windows\SYSTEM32\dbgcore.DLL
0x00007ffc1f810000 - 0x00007ffc1f892000 	C:\Windows\System32\bcryptPrimitives.dll
0x00007ffc02dc0000 - 0x00007ffc02de5000 	C:\Program Files\Java\jdk-17.0.4\bin\java.dll
0x00007ffbea140000 - 0x00007ffbea216000 	C:\Program Files\Java\jdk-17.0.4\bin\jsvml.dll
0x00007ffc1c3d0000 - 0x00007ffc1cb64000 	C:\Windows\SYSTEM32\windows.storage.dll
0x00007ffc1ead0000 - 0x00007ffc1eb00000 	C:\Windows\SYSTEM32\Wldp.dll
0x00007ffc20360000 - 0x00007ffc2040d000 	C:\Windows\System32\SHCORE.dll
0x00007ffc1f090000 - 0x00007ffc1f0af000 	C:\Windows\SYSTEM32\profapi.dll
0x00007ffc02e30000 - 0x00007ffc02e49000 	C:\Program Files\Java\jdk-17.0.4\bin\net.dll
0x00007ffc1e160000 - 0x00007ffc1e26a000 	C:\Windows\SYSTEM32\WINHTTP.dll
0x00007ffc1e8b0000 - 0x00007ffc1e91a000 	C:\Windows\system32\mswsock.dll
0x00007ffbfc2a0000 - 0x00007ffbfc2b6000 	C:\Program Files\Java\jdk-17.0.4\bin\nio.dll

dbghelp: loaded successfully - version: 4.0.5 - missing functions: none
symbol engine: initialized successfully - sym options: 0x614 - pdb path: .;C:\Program Files\Java\jdk-17.0.4\bin;C:\Windows\SYSTEM32;C:\Windows\WinSxS\amd64_microsoft.windows.common-controls_6595b64144ccf1df_6.0.19041.1110_none_60b5254171f9507e;C:\Program Files\McAfee\DLP\Agent;C:\Program Files\McAfee\Endpoint Security\Threat Prevention\Ips;C:\Program Files\Java\jdk-17.0.4\bin\server

VM Arguments:
jvm_args: -ea -Dfile.encoding=UTF-8 -XX:+ShowCodeDetailsInExceptionMessages 
java_command: org.testng.remote.RemoteTestNG -serport 49676 -protocol json -d D:\User\masrinivasan\eclipse-workspace\RestAssuredAPITesting_Employee_Project\test-output D:\User\masrinivasan\eclipse-workspace\RestAssuredAPITesting_Employee_Project\testng.xml
java_class_path (initial): D:\User\masrinivasan\eclipse\jee-2022-06\eclipse\configuration\org.eclipse.osgi\890\0\.cp\lib\testng-remote.jar;D:\User\masrinivasan\eclipse-workspace\RestAssuredAPITesting_Employee_Project\target\test-classes;D:\User\masrinivasan\eclipse-workspace\RestAssuredAPITesting_Employee_Project\target\classes;D:\User\masrinivasan\.m2\repository\io\rest-assured\rest-assured\5.1.1\rest-assured-5.1.1.jar;D:\User\masrinivasan\.m2\repository\org\apache\groovy\groovy\4.0.1\groovy-4.0.1.jar;D:\User\masrinivasan\.m2\repository\org\apache\groovy\groovy-xml\4.0.1\groovy-xml-4.0.1.jar;D:\User\masrinivasan\.m2\repository\org\apache\httpcomponents\httpclient\4.5.13\httpclient-4.5.13.jar;D:\User\masrinivasan\.m2\repository\org\apache\httpcomponents\httpcore\4.4.13\httpcore-4.4.13.jar;D:\User\masrinivasan\.m2\repository\commons-logging\commons-logging\1.2\commons-logging-1.2.jar;D:\User\masrinivasan\.m2\repository\org\apache\httpcomponents\httpmime\4.5.13\httpmime-4.5.13.jar;D:\User\masrinivasan\.m2\repository\org\hamcrest\hamcrest\2.1\hamcrest-2.1.jar;D:\User\masrinivasan\.m2\repository\org\ccil\cowan\tagsoup\tagsoup\1.2.1\tagsoup-1.2.1.jar;D:\User\masrinivasan\.m2\repository\io\rest-assured\json-path\5.1.1\json-path-5.1.1.jar;D:\User\masrinivasan\.m2\repository\org\apache\groovy\groovy-json\4.0.1\groovy-json-4.0.1.jar;D:\User\masrinivasan\.m2\repository\io\rest-assured\rest-assured-common\5.1.1\rest-assured-common-5.1.1.jar;D:\User\masrinivasan\.m2\repository\io\rest-assured\xml-path\5.1.1\xml-path-5.1.1.jar;D:\User\masrinivasan\.m2\repository\org\apache\commons\commons-lang3\3.11\commons-lang3-3.11.jar;D:\User\masrinivasan\.m2\repository\org\testng\testng\7.6.1\testng-7.6.1.jar;D:\User\masrinivasan\.m2\repository\com\google\code\findbugs\jsr305\3.0.2\jsr305-3.0.2.jar;D:\User\masrinivasan\.m2\repository\org\slf4j\slf4j-api\1.7.36\slf4j-api-1.7.36.jar;D:\User\masrinivasan\.m2\repository\com\beust\jcommander\1.82\jcommander-1.82.jar;D:\User\masrinivasan\.m2\re
Launcher Type: SUN_STANDARD

[Global flags]
     intx CICompilerCount                          = 4                                         {product} {ergonomic}
     uint ConcGCThreads                            = 2                                         {product} {ergonomic}
     uint G1ConcRefinementThreads                  = 8                                         {product} {ergonomic}
   size_t G1HeapRegionSize                         = 2097152                                   {product} {ergonomic}
    uintx GCDrainStackTargetSize                   = 64                                        {product} {ergonomic}
   size_t InitialHeapSize                          = 264241152                                 {product} {ergonomic}
   size_t MarkStackSize                            = 4194304                                   {product} {ergonomic}
   size_t MaxHeapSize                              = 4227858432                                {product} {ergonomic}
   size_t MaxNewSize                               = 2535456768                                {product} {ergonomic}
   size_t MinHeapDeltaBytes                        = 2097152                                   {product} {ergonomic}
   size_t MinHeapSize                              = 8388608                                   {product} {ergonomic}
    uintx NonNMethodCodeHeapSize                   = 5839372                                {pd product} {ergonomic}
    uintx NonProfiledCodeHeapSize                  = 122909434                              {pd product} {ergonomic}
    uintx ProfiledCodeHeapSize                     = 122909434                              {pd product} {ergonomic}
    uintx ReservedCodeCacheSize                    = 251658240                              {pd product} {ergonomic}
     bool SegmentedCodeCache                       = true                                      {product} {ergonomic}
     bool ShowCodeDetailsInExceptionMessages       = true                                   {manageable} {command line}
   size_t SoftMaxHeapSize                          = 4227858432                             {manageable} {ergonomic}
     bool UseCompressedClassPointers               = true                           {product lp64_product} {ergonomic}
     bool UseCompressedOops                        = true                           {product lp64_product} {ergonomic}
     bool UseG1GC                                  = true                                      {product} {ergonomic}
     bool UseLargePagesIndividualAllocation        = false                                  {pd product} {ergonomic}

Logging:
Log output configuration:
 #0: stdout all=warning uptime,level,tags
 #1: stderr all=off uptime,level,tags

Environment Variables:
JAVA_HOME=C:\Program Files\Java\jdk-17.0.4
PATH=C:\Program Files\Common Files\Oracle\Java\javapath;C:\Program Files\Microsoft\jdk-17.0.3.7-hotspot\bin;C:\Windows\system32;C:\Windows;C:\Windows\System32\Wbem;C:\Windows\System32\WindowsPowerShell\v1.0\;C:\Windows\System32\OpenSSH\;C:\Program Files\Java\jdk-17.0.4\bin;C:\Program Files (x86)\dotnet\;C:\Program Files\Docker\Docker\resources\bin;C:\ProgramData\DockerDesktop\version-bin;D:\User\masrinivasan\jars\apache_maven\apache-maven-3.8.6\bin;C:\Program Files\PuTTY\;D:\User\masrinivasan\.cargo\bin;D:\User\masrinivasan\AppData\Local\Microsoft\WindowsApps;D:\User\masrinivasan\AppData\Local\Programs\Git\cmd;D:\User\masrinivasan\AppData\Local\JetBrains\PyCharm Community Edition 2022.1.3\bin;
USERNAME=masrinivasan
OS=Windows_NT
PROCESSOR_IDENTIFIER=Intel64 Family 6 Model 140 Stepping 1, GenuineIntel



---------------  S Y S T E M  ---------------

OS:
 Windows 10 , 64 bit Build 19041 (10.0.19041.1889)
OS uptime: 2 days 3:38 hours
Hyper-V role detected

CPU: total 8 (initial active 8) (4 cores per cpu, 2 threads per core) family 6 model 140 stepping 1 microcode 0x86, cx8, cmov, fxsr, ht, mmx, 3dnowpref, sse, sse2, sse3, ssse3, sse4.1, sse4.2, popcnt, lzcnt, tsc, tscinvbit, avx, avx2, aes, erms, clmul, bmi1, bmi2, adx, avx512f, avx512dq, avx512cd, avx512bw, avx512vl, sha, fma, vzeroupper, avx512_vpopcntdq, avx512_vpclmulqdq, avx512_vaes, avx512_vnni, clflush, clflushopt, clwb, avx512_vbmi2, avx512_vbmi, hv

Memory: 4k page, system-wide physical 16122M (3228M free)
TotalPageFile size 29322M (AvailPageFile size 1M)
current process WorkingSet (physical memory assigned to process): 32M, peak: 32M
current process commit charge ("private bytes"): 336M, peak: 339M

vm_info: Java HotSpot(TM) 64-Bit Server VM (17.0.4+11-LTS-179) for windows-amd64 JRE (17.0.4+11-LTS-179), built on Jun 28 2022 08:23:05 by "mach5one" with MS VC++ 16.8 / 16.9 (VS2019)

END.
