#
# There is insufficient memory for the Java Runtime Environment to continue.
# Native memory allocation (mmap) failed to map 4128768 bytes for G1 virtual space
# Possible reasons:
#   The system is out of physical RAM or swap space
#   The process is running with CompressedOops enabled, and the Java Heap may be blocking the growth of the native heap
# Possible solutions:
#   Reduce memory load on the system
#   Increase physical memory or swap space
#   Check if swap backing store is full
#   Decrease Java heap size (-Xmx/-Xms)
#   Decrease number of Java threads
#   Decrease Java thread stack sizes (-Xss)
#   Set larger code cache with -XX:ReservedCodeCacheSize=
#   JVM is running with Zero Based Compressed Oops mode in which the Java heap is
#     placed in the first 32GB address space. The Java Heap base address is the
#     maximum limit for the native heap growth. Please use -XX:HeapBaseMinAddress
#     to set the Java Heap base and to place the Java Heap above 32GB virtual address.
# This output file may be truncated or incomplete.
#
#  Out of Memory Error (os_windows.cpp:3535), pid=26208, tid=26384
#
# JRE version:  (17.0.4+11) (build )
# Java VM: Java HotSpot(TM) 64-Bit Server VM (17.0.4+11-LTS-179, mixed mode, sharing, tiered, compressed oops, compressed class ptrs, g1 gc, windows-amd64)
# No core dump will be written. Minidumps are not enabled by default on client versions of Windows
#

---------------  S U M M A R Y ------------

Command Line: -ea -Dfile.encoding=UTF-8 -XX:+ShowCodeDetailsInExceptionMessages org.testng.remote.RemoteTestNG -serport 49685 -protocol json -d D:\User\masrinivasan\eclipse-workspace\RestAssuredAPITesting_Employee_Project\test-output D:\User\masrinivasan\eclipse-workspace\RestAssuredAPITesting_Employee_Project\testng.xml

Host: 11th Gen Intel(R) Core(TM) i5-1135G7 @ 2.40GHz, 8 cores, 15G,  Windows 10 , 64 bit Build 19041 (10.0.19041.1889)
Time: Wed Sep  7 22:20:01 2022 India Standard Time elapsed time: 0.016246 seconds (0d 0h 0m 0s)

---------------  T H R E A D  ---------------

Current thread (0x00000158f0d25780):  JavaThread "Unknown thread" [_thread_in_vm, id=26384, stack(0x000000423ab00000,0x000000423ac00000)]

Stack: [0x000000423ab00000,0x000000423ac00000]
Native frames: (J=compiled Java code, j=interpreted, Vv=VM code, C=native code)
V  [jvm.dll+0x6723da]
V  [jvm.dll+0x7d1f74]
V  [jvm.dll+0x7d371e]
V  [jvm.dll+0x7d3d83]
V  [jvm.dll+0x242ed5]
V  [jvm.dll+0x66f2f9]
V  [jvm.dll+0x663c42]
V  [jvm.dll+0x30103b]
V  [jvm.dll+0x3085d6]
V  [jvm.dll+0x358463]
V  [jvm.dll+0x35867f]
V  [jvm.dll+0x2d8258]
V  [jvm.dll+0x2d91c4]
V  [jvm.dll+0x7a3a51]
V  [jvm.dll+0x3662a1]
V  [jvm.dll+0x782dcc]
V  [jvm.dll+0x3e8bff]
V  [jvm.dll+0x3ea6a1]
C  [jli.dll+0x527b]
C  [ucrtbase.dll+0x21bb2]
C  [KERNEL32.DLL+0x17034]
C  [ntdll.dll+0x52651]


---------------  P R O C E S S  ---------------

Threads class SMR info:
_java_thread_list=0x00007ffbd5daa858, length=0, elements={
}

Java Threads: ( => current thread )

Other Threads:
  0x00000158fdf208e0 GCTaskThread "GC Thread#0" [stack: 0x000000423ac00000,0x000000423ad00000] [id=23384]
  0x00000158f0d7c2f0 ConcurrentGCThread "G1 Main Marker" [stack: 0x000000423ad00000,0x000000423ae00000] [id=18104]
  0x00000158f0d7cc10 ConcurrentGCThread "G1 Conc#0" [stack: 0x000000423ae00000,0x000000423af00000] [id=1880]

[error occurred during error reporting (printing all threads), id 0xc0000005, EXCEPTION_ACCESS_VIOLATION (0xc0000005) at pc=0x00007ffbd55f8c47]

VM state: not at safepoint (not fully initialized)

VM Mutex/Monitor currently owned by a thread:  ([mutex/lock_event])
[0x00000158f0d20890] Heap_lock - owner thread: 0x00000158f0d25780

Heap address: 0x0000000704000000, size: 4032 MB, Compressed Oops mode: Zero based, Oop shift amount: 3

CDS archive(s) mapped at: [0x0000000000000000-0x0000000000000000-0x0000000000000000), size 0, SharedBaseAddress: 0x0000000800000000, ArchiveRelocationMode: 0.
Narrow klass base: 0x0000000000000000, Narrow klass shift: 0, Narrow klass range: 0x0

GC Precious Log:
<Empty>

Heap:
 garbage-first heap   total 0K, used 0K [0x0000000704000000, 0x0000000800000000)
  region size 2048K, 0 young (0K), 0 survivors (0K)

[error occurred during error reporting (printing heap information), id 0xc0000005, EXCEPTION_ACCESS_VIOLATION (0xc0000005) at pc=0x00007ffbd59db889]

GC Heap History (0 events):
No events

Deoptimization events (0 events):
No events

Classes unloaded (0 events):
No events

Classes redefined (0 events):
No events

Internal exceptions (0 events):
No events

VM Operations (0 events):
No events

Events (1 events):
Event: 0.010 Loaded shared library C:\Program Files\Java\jdk-17.0.4\bin\java.dll


Dynamic libraries:
0x00007ff612ac0000 - 0x00007ff612ad0000 	C:\Program Files\Java\jdk-17.0.4\bin\javaw.exe
0x00007ffc21a30000 - 0x00007ffc21c28000 	C:\Windows\SYSTEM32\ntdll.dll
0x00007ffc21650000 - 0x00007ffc2170d000 	C:\Windows\System32\KERNEL32.DLL
0x00007ffc1f240000 - 0x00007ffc1f50e000 	C:\Windows\System32\KERNELBASE.dll
0x00007ffc1f510000 - 0x00007ffc1f610000 	C:\Windows\System32\ucrtbase.dll
0x00007ffc1ac20000 - 0x00007ffc1ac38000 	C:\Program Files\Java\jdk-17.0.4\bin\jli.dll
0x00007ffc1fc70000 - 0x00007ffc1fd1e000 	C:\Windows\System32\ADVAPI32.dll
0x00007ffc1fbb0000 - 0x00007ffc1fc4e000 	C:\Windows\System32\msvcrt.dll
0x00007ffc20f50000 - 0x00007ffc20fec000 	C:\Windows\System32\sechost.dll
0x00007ffc21520000 - 0x00007ffc21645000 	C:\Windows\System32\RPCRT4.dll
0x00007ffc212b0000 - 0x00007ffc21450000 	C:\Windows\System32\USER32.dll
0x00007ffc1f770000 - 0x00007ffc1f792000 	C:\Windows\System32\win32u.dll
0x00007ffc20ff0000 - 0x00007ffc2101a000 	C:\Windows\System32\GDI32.dll
0x00007ffc1f8a0000 - 0x00007ffc1f9ab000 	C:\Windows\System32\gdi32full.dll
0x00007ffc1f1a0000 - 0x00007ffc1f23d000 	C:\Windows\System32\msvcp_win.dll
0x00007ffc1ac00000 - 0x00007ffc1ac1a000 	C:\Program Files\Java\jdk-17.0.4\bin\VCRUNTIME140.dll
0x00007ffc1d4c0000 - 0x00007ffc1d75a000 	C:\Windows\WinSxS\amd64_microsoft.windows.common-controls_6595b64144ccf1df_6.0.19041.1110_none_60b5254171f9507e\COMCTL32.dll
0x00007ffc1de50000 - 0x00007ffc1de5a000 	C:\Windows\SYSTEM32\VERSION.dll
0x00007ffc219c0000 - 0x00007ffc219f0000 	C:\Windows\System32\IMM32.DLL
0x00007ffc175b0000 - 0x00007ffc17bd4000 	C:\Program Files\McAfee\DLP\Agent\fcagpph64.dll
0x00007ffc204a0000 - 0x00007ffc20be4000 	C:\Windows\System32\SHELL32.dll
0x00007ffc21880000 - 0x00007ffc219aa000 	C:\Windows\System32\ole32.dll
0x00007ffc20bf0000 - 0x00007ffc20f44000 	C:\Windows\System32\combase.dll
0x00007ffc1faf0000 - 0x00007ffc1fb45000 	C:\Windows\System32\SHLWAPI.dll
0x00007ffc21080000 - 0x00007ffc210eb000 	C:\Windows\System32\WS2_32.dll
0x00007ffc21450000 - 0x00007ffc2151d000 	C:\Windows\System32\OLEAUT32.dll
0x00007ffc077f0000 - 0x00007ffc07888000 	C:\Windows\SYSTEM32\WINSPOOL.DRV
0x00007ffc1f010000 - 0x00007ffc1f042000 	C:\Windows\SYSTEM32\SspiCli.dll
0x00007ffc1d050000 - 0x00007ffc1d083000 	C:\Windows\SYSTEM32\ntmarta.dll
0x00007ffbdb070000 - 0x00007ffbdb114000 	C:\Program Files\McAfee\Endpoint Security\Threat Prevention\Ips\EpMPApi.dll
0x00007ffc1f7a0000 - 0x00007ffc1f808000 	C:\Windows\System32\WINTRUST.dll
0x00000158f0320000 - 0x00000158f0476000 	C:\Windows\System32\CRYPT32.dll
0x00007ffc1ed40000 - 0x00007ffc1ed52000 	C:\Windows\SYSTEM32\MSASN1.dll
0x000000006fe70000 - 0x000000006fe7c000 	C:\Program Files\McAfee\Endpoint Security\Threat Prevention\Ips\EpMPThe.dll
0x00007ffc19650000 - 0x00007ffc1965c000 	C:\Program Files\Java\jdk-17.0.4\bin\vcruntime140_1.dll
0x00007ffbf83b0000 - 0x00007ffbf843d000 	C:\Program Files\Java\jdk-17.0.4\bin\msvcp140.dll
0x00007ffbd5310000 - 0x00007ffbd5ed2000 	C:\Program Files\Java\jdk-17.0.4\bin\server\jvm.dll
0x00007ffc219b0000 - 0x00007ffc219b8000 	C:\Windows\System32\PSAPI.DLL
0x00007ffc18ae0000 - 0x00007ffc18ae9000 	C:\Windows\SYSTEM32\WSOCK32.dll
0x00007ffc075a0000 - 0x00007ffc075c7000 	C:\Windows\SYSTEM32\WINMM.dll
0x00007ffc1de10000 - 0x00007ffc1de22000 	C:\Windows\SYSTEM32\kernel.appcore.dll
0x00007ffc19640000 - 0x00007ffc1964a000 	C:\Program Files\Java\jdk-17.0.4\bin\jimage.dll
0x00007ffc1cc40000 - 0x00007ffc1ce24000 	C:\Windows\SYSTEM32\DBGHELP.DLL
0x00007ffc06c10000 - 0x00007ffc06c3c000 	C:\Windows\SYSTEM32\dbgcore.DLL
0x00007ffc1f810000 - 0x00007ffc1f892000 	C:\Windows\System32\bcryptPrimitives.dll
0x00007ffc02dc0000 - 0x00007ffc02de5000 	C:\Program Files\Java\jdk-17.0.4\bin\java.dll

dbghelp: loaded successfully - version: 4.0.5 - missing functions: none
symbol engine: initialized successfully - sym options: 0x614 - pdb path: .;C:\Program Files\Java\jdk-17.0.4\bin;C:\Windows\SYSTEM32;C:\Windows\WinSxS\amd64_microsoft.windows.common-controls_6595b64144ccf1df_6.0.19041.1110_none_60b5254171f9507e;C:\Program Files\McAfee\DLP\Agent;C:\Program Files\McAfee\Endpoint Security\Threat Prevention\Ips;C:\Program Files\Java\jdk-17.0.4\bin\server

VM Arguments:
jvm_args: -ea -Dfile.encoding=UTF-8 -XX:+ShowCodeDetailsInExceptionMessages 
java_command: org.testng.remote.RemoteTestNG -serport 49685 -protocol json -d D:\User\masrinivasan\eclipse-workspace\RestAssuredAPITesting_Employee_Project\test-output D:\User\masrinivasan\eclipse-workspace\RestAssuredAPITesting_Employee_Project\testng.xml
java_class_path (initial): D:\User\masrinivasan\eclipse\jee-2022-06\eclipse\configuration\org.eclipse.osgi\890\0\.cp\lib\testng-remote.jar;D:\User\masrinivasan\eclipse-workspace\RestAssuredAPITesting_Employee_Project\target\test-classes;D:\User\masrinivasan\eclipse-workspace\RestAssuredAPITesting_Employee_Project\target\classes;D:\User\masrinivasan\.m2\repository\io\rest-assured\rest-assured\5.1.1\rest-assured-5.1.1.jar;D:\User\masrinivasan\.m2\repository\org\apache\groovy\groovy\4.0.1\groovy-4.0.1.jar;D:\User\masrinivasan\.m2\repository\org\apache\groovy\groovy-xml\4.0.1\groovy-xml-4.0.1.jar;D:\User\masrinivasan\.m2\repository\org\apache\httpcomponents\httpclient\4.5.13\httpclient-4.5.13.jar;D:\User\masrinivasan\.m2\repository\org\apache\httpcomponents\httpcore\4.4.13\httpcore-4.4.13.jar;D:\User\masrinivasan\.m2\repository\commons-logging\commons-logging\1.2\commons-logging-1.2.jar;D:\User\masrinivasan\.m2\repository\org\apache\httpcomponents\httpmime\4.5.13\httpmime-4.5.13.jar;D:\User\masrinivasan\.m2\repository\org\hamcrest\hamcrest\2.1\hamcrest-2.1.jar;D:\User\masrinivasan\.m2\repository\org\ccil\cowan\tagsoup\tagsoup\1.2.1\tagsoup-1.2.1.jar;D:\User\masrinivasan\.m2\repository\io\rest-assured\json-path\5.1.1\json-path-5.1.1.jar;D:\User\masrinivasan\.m2\repository\org\apache\groovy\groovy-json\4.0.1\groovy-json-4.0.1.jar;D:\User\masrinivasan\.m2\repository\io\rest-assured\rest-assured-common\5.1.1\rest-assured-common-5.1.1.jar;D:\User\masrinivasan\.m2\repository\io\rest-assured\xml-path\5.1.1\xml-path-5.1.1.jar;D:\User\masrinivasan\.m2\repository\org\apache\commons\commons-lang3\3.11\commons-lang3-3.11.jar;D:\User\masrinivasan\.m2\repository\org\testng\testng\7.6.1\testng-7.6.1.jar;D:\User\masrinivasan\.m2\repository\com\google\code\findbugs\jsr305\3.0.2\jsr305-3.0.2.jar;D:\User\masrinivasan\.m2\repository\org\slf4j\slf4j-api\1.7.36\slf4j-api-1.7.36.jar;D:\User\masrinivasan\.m2\repository\com\beust\jcommander\1.82\jcommander-1.82.jar;D:\User\masrinivasan\.m2\re
Launcher Type: SUN_STANDARD

[Global flags]
     intx CICompilerCount                          = 4                                         {product} {ergonomic}
     uint ConcGCThreads                            = 2                                         {product} {ergonomic}
     uint G1ConcRefinementThreads                  = 8                                         {product} {ergonomic}
   size_t G1HeapRegionSize                         = 2097152                                   {product} {ergonomic}
    uintx GCDrainStackTargetSize                   = 64                                        {product} {ergonomic}
   size_t InitialHeapSize                          = 264241152                                 {product} {ergonomic}
   size_t MarkStackSize                            = 4194304                                   {product} {ergonomic}
   size_t MaxHeapSize                              = 4227858432                                {product} {ergonomic}
   size_t MinHeapDeltaBytes                        = 2097152                                   {product} {ergonomic}
   size_t MinHeapSize                              = 8388608                                   {product} {ergonomic}
    uintx NonNMethodCodeHeapSize                   = 5839372                                {pd product} {ergonomic}
    uintx NonProfiledCodeHeapSize                  = 122909434                              {pd product} {ergonomic}
    uintx ProfiledCodeHeapSize                     = 122909434                              {pd product} {ergonomic}
    uintx ReservedCodeCacheSize                    = 251658240                              {pd product} {ergonomic}
     bool SegmentedCodeCache                       = true                                      {product} {ergonomic}
     bool ShowCodeDetailsInExceptionMessages       = true                                   {manageable} {command line}
   size_t SoftMaxHeapSize                          = 4227858432                             {manageable} {ergonomic}
     bool UseCompressedClassPointers               = true                           {product lp64_product} {ergonomic}
     bool UseCompressedOops                        = true                           {product lp64_product} {ergonomic}
     bool UseG1GC                                  = true                                      {product} {ergonomic}
     bool UseLargePagesIndividualAllocation        = false                                  {pd product} {ergonomic}

Logging:
Log output configuration:
 #0: stdout all=warning uptime,level,tags
 #1: stderr all=off uptime,level,tags

Environment Variables:
JAVA_HOME=C:\Program Files\Java\jdk-17.0.4
PATH=C:\Program Files\Common Files\Oracle\Java\javapath;C:\Program Files\Microsoft\jdk-17.0.3.7-hotspot\bin;C:\Windows\system32;C:\Windows;C:\Windows\System32\Wbem;C:\Windows\System32\WindowsPowerShell\v1.0\;C:\Windows\System32\OpenSSH\;C:\Program Files\Java\jdk-17.0.4\bin;C:\Program Files (x86)\dotnet\;C:\Program Files\Docker\Docker\resources\bin;C:\ProgramData\DockerDesktop\version-bin;D:\User\masrinivasan\jars\apache_maven\apache-maven-3.8.6\bin;C:\Program Files\PuTTY\;D:\User\masrinivasan\.cargo\bin;D:\User\masrinivasan\AppData\Local\Microsoft\WindowsApps;D:\User\masrinivasan\AppData\Local\Programs\Git\cmd;D:\User\masrinivasan\AppData\Local\JetBrains\PyCharm Community Edition 2022.1.3\bin;
USERNAME=masrinivasan
OS=Windows_NT
PROCESSOR_IDENTIFIER=Intel64 Family 6 Model 140 Stepping 1, GenuineIntel



---------------  S Y S T E M  ---------------

OS:
 Windows 10 , 64 bit Build 19041 (10.0.19041.1889)
OS uptime: 2 days 3:39 hours
Hyper-V role detected

CPU: total 8 (initial active 8) (4 cores per cpu, 2 threads per core) family 6 model 140 stepping 1 microcode 0x86, cx8, cmov, fxsr, ht, mmx, 3dnowpref, sse, sse2, sse3, ssse3, sse4.1, sse4.2, popcnt, lzcnt, tsc, tscinvbit, avx, avx2, aes, erms, clmul, bmi1, bmi2, adx, avx512f, avx512dq, avx512cd, avx512bw, avx512vl, sha, fma, vzeroupper, avx512_vpopcntdq, avx512_vpclmulqdq, avx512_vaes, avx512_vnni, clflush, clflushopt, clwb, avx512_vbmi2, avx512_vbmi, hv

Memory: 4k page, system-wide physical 16122M (3228M free)
TotalPageFile size 29322M (AvailPageFile size 5M)
current process WorkingSet (physical memory assigned to process): 15M, peak: 15M
current process commit charge ("private bytes"): 317M, peak: 321M

vm_info: Java HotSpot(TM) 64-Bit Server VM (17.0.4+11-LTS-179) for windows-amd64 JRE (17.0.4+11-LTS-179), built on Jun 28 2022 08:23:05 by "mach5one" with MS VC++ 16.8 / 16.9 (VS2019)

END.
