#
# There is insufficient memory for the Java Runtime Environment to continue.
# Native memory allocation (malloc) failed to allocate 794016 bytes for Chunk::new
# Possible reasons:
#   The system is out of physical RAM or swap space
#   The process is running with CompressedOops enabled, and the Java Heap may be blocking the growth of the native heap
# Possible solutions:
#   Reduce memory load on the system
#   Increase physical memory or swap space
#   Check if swap backing store is full
#   Decrease Java heap size (-Xmx/-Xms)
#   Decrease number of Java threads
#   Decrease Java thread stack sizes (-Xss)
#   Set larger code cache with -XX:ReservedCodeCacheSize=
#   JVM is running with Zero Based Compressed Oops mode in which the Java heap is
#     placed in the first 32GB address space. The Java Heap base address is the
#     maximum limit for the native heap growth. Please use -XX:HeapBaseMinAddress
#     to set the Java Heap base and to place the Java Heap above 32GB virtual address.
# This output file may be truncated or incomplete.
#
#  Out of Memory Error (arena.cpp:189), pid=22524, tid=23408
#
# JRE version: Java(TM) SE Runtime Environment (17.0.4+11) (build 17.0.4+11-LTS-179)
# Java VM: Java HotSpot(TM) 64-Bit Server VM (17.0.4+11-LTS-179, mixed mode, sharing, tiered, compressed oops, compressed class ptrs, g1 gc, windows-amd64)
# No core dump will be written. Minidumps are not enabled by default on client versions of Windows
#

---------------  S U M M A R Y ------------

Command Line: -ea -Dfile.encoding=UTF-8 -XX:+ShowCodeDetailsInExceptionMessages org.testng.remote.RemoteTestNG -serport 49721 -protocol json -d D:\User\masrinivasan\eclipse-workspace\RestAssuredAPITesting_Employee_Project\test-output D:\User\masrinivasan\eclipse-workspace\RestAssuredAPITesting_Employee_Project\testng.xml

Host: 11th Gen Intel(R) Core(TM) i5-1135G7 @ 2.40GHz, 8 cores, 15G,  Windows 10 , 64 bit Build 19041 (10.0.19041.1889)
Time: Wed Sep  7 22:22:32 2022 India Standard Time elapsed time: 0.941525 seconds (0d 0h 0m 0s)

---------------  T H R E A D  ---------------

Current thread (0x000002362343ada0):  JavaThread "C2 CompilerThread1" daemon [_thread_in_native, id=23408, stack(0x000000a905d00000,0x000000a905e00000)]


Current CompileTask:
C2:    941 1417       4       jdk.internal.org.objectweb.asm.Frame::execute (2305 bytes)

Stack: [0x000000a905d00000,0x000000a905e00000]
Native frames: (J=compiled Java code, j=interpreted, Vv=VM code, C=native code)
V  [jvm.dll+0x6723da]
V  [jvm.dll+0x7d1f74]
V  [jvm.dll+0x7d371e]
V  [jvm.dll+0x7d3d83]
V  [jvm.dll+0x242ed5]
V  [jvm.dll+0xaa57b]
V  [jvm.dll+0xaab0c]
V  [jvm.dll+0x2a9c3f]
V  [jvm.dll+0x57a7d7]
V  [jvm.dll+0x21e1b2]
V  [jvm.dll+0x217af2]
V  [jvm.dll+0x21530b]
V  [jvm.dll+0x1a1fcd]
V  [jvm.dll+0x224c78]
V  [jvm.dll+0x222de5]
V  [jvm.dll+0x787a5b]
V  [jvm.dll+0x78201a]
V  [jvm.dll+0x671265]
C  [ucrtbase.dll+0x21bb2]
C  [KERNEL32.DLL+0x17034]
C  [ntdll.dll+0x52651]


---------------  P R O C E S S  ---------------

Threads class SMR info:
_java_thread_list=0x0000023649aeeb40, length=15, elements={
0x0000023625905780, 0x0000023645b936c0, 0x0000023645b94de0, 0x0000023645b9e4c0,
0x0000023645ba1080, 0x0000023645ba45b0, 0x0000023645ba6710, 0x0000023623438f40,
0x000002362343a890, 0x0000023645bb2b70, 0x00000236485de370, 0x00000236485e9880,
0x0000023649573620, 0x000002362343ada0, 0x0000023623439e70
}

Java Threads: ( => current thread )
  0x0000023625905780 JavaThread "main" [_thread_in_vm, id=26492, stack(0x000000a904800000,0x000000a904900000)]
  0x0000023645b936c0 JavaThread "Reference Handler" daemon [_thread_blocked, id=3892, stack(0x000000a904f00000,0x000000a905000000)]
  0x0000023645b94de0 JavaThread "Finalizer" daemon [_thread_blocked, id=24060, stack(0x000000a905000000,0x000000a905100000)]
  0x0000023645b9e4c0 JavaThread "Signal Dispatcher" daemon [_thread_blocked, id=26280, stack(0x000000a905100000,0x000000a905200000)]
  0x0000023645ba1080 JavaThread "Attach Listener" daemon [_thread_blocked, id=1952, stack(0x000000a905200000,0x000000a905300000)]
  0x0000023645ba45b0 JavaThread "Service Thread" daemon [_thread_blocked, id=23768, stack(0x000000a905300000,0x000000a905400000)]
  0x0000023645ba6710 JavaThread "Monitor Deflation Thread" daemon [_thread_blocked, id=2276, stack(0x000000a905400000,0x000000a905500000)]
  0x0000023623438f40 JavaThread "C2 CompilerThread0" daemon [_thread_blocked, id=25240, stack(0x000000a905500000,0x000000a905600000)]
  0x000002362343a890 JavaThread "C1 CompilerThread0" daemon [_thread_blocked, id=25368, stack(0x000000a905600000,0x000000a905700000)]
  0x0000023645bb2b70 JavaThread "Sweeper thread" daemon [_thread_blocked, id=22104, stack(0x000000a905700000,0x000000a905800000)]
  0x00000236485de370 JavaThread "Notification Thread" daemon [_thread_blocked, id=16268, stack(0x000000a905800000,0x000000a905900000)]
  0x00000236485e9880 JavaThread "Common-Cleaner" daemon [_thread_blocked, id=21448, stack(0x000000a905a00000,0x000000a905b00000)]
  0x0000023649573620 JavaThread "ReaderThread" [_thread_in_native, id=3472, stack(0x000000a905c00000,0x000000a905d00000)]
=>0x000002362343ada0 JavaThread "C2 CompilerThread1" daemon [_thread_in_native, id=23408, stack(0x000000a905d00000,0x000000a905e00000)]
  0x0000023623439e70 JavaThread "C2 CompilerThread2" daemon [_thread_blocked, id=27768, stack(0x000000a905e00000,0x000000a905f00000)]

Other Threads:
  0x0000023645b8f0c0 VMThread "VM Thread" [stack: 0x000000a904e00000,0x000000a904f00000] [id=18320]
  0x0000023623436ce0 WatcherThread [stack: 0x000000a905900000,0x000000a905a00000] [id=24368]
  0x00000236459f08e0 GCTaskThread "GC Thread#0" [stack: 0x000000a904900000,0x000000a904a00000] [id=22940]
  0x000002364a3093d0 GCTaskThread "GC Thread#1" [stack: 0x000000a905f00000,0x000000a906000000] [id=24980]
  0x000002364a505820 GCTaskThread "GC Thread#2" [stack: 0x000000a906000000,0x000000a906100000] [id=25560]
  0x000002364a6078d0 GCTaskThread "GC Thread#3" [stack: 0x000000a906100000,0x000000a906200000] [id=23832]
  0x000002364a607b80 GCTaskThread "GC Thread#4" [stack: 0x000000a906200000,0x000000a906300000] [id=24132]
  0x000002364a2c0ca0 GCTaskThread "GC Thread#5" [stack: 0x000000a906300000,0x000000a906400000] [id=19532]
  0x000002364a2c1350 GCTaskThread "GC Thread#6" [stack: 0x000000a906400000,0x000000a906500000] [id=20116]
  0x000002362595ca90 ConcurrentGCThread "G1 Main Marker" [stack: 0x000000a904a00000,0x000000a904b00000] [id=21656]
  0x000002362595d780 ConcurrentGCThread "G1 Conc#0" [stack: 0x000000a904b00000,0x000000a904c00000] [id=27332]
  0x0000023645ac8c90 ConcurrentGCThread "G1 Refine#0" [stack: 0x000000a904c00000,0x000000a904d00000] [id=20240]
  0x0000023645ac96b0 ConcurrentGCThread "G1 Service" [stack: 0x000000a904d00000,0x000000a904e00000] [id=6408]

Threads with active compile tasks:
C2 CompilerThread1      973 1417       4       jdk.internal.org.objectweb.asm.Frame::execute (2305 bytes)

VM state: not at safepoint (normal execution)

VM Mutex/Monitor currently owned by a thread:  ([mutex/lock_event])
[0x00000236259002f0] AdapterHandlerLibrary_lock - owner thread: 0x0000000000000000

Heap address: 0x0000000704000000, size: 4032 MB, Compressed Oops mode: Zero based, Oop shift amount: 3

CDS archive(s) mapped at: [0x0000000800000000-0x0000000800bc0000-0x0000000800bc0000), size 12320768, SharedBaseAddress: 0x0000000800000000, ArchiveRelocationMode: 0.
Compressed class space mapped at: 0x0000000800c00000-0x0000000840c00000, reserved size: 1073741824
Narrow klass base: 0x0000000800000000, Narrow klass shift: 0, Narrow klass range: 0x100000000

GC Precious Log:
 CPUs: 8 total, 8 available
 Memory: 16122M
 Large Page Support: Disabled
 NUMA Support: Disabled
 Compressed Oops: Enabled (Zero based)
 Heap Region Size: 2M
 Heap Min Capacity: 8M
 Heap Initial Capacity: 252M
 Heap Max Capacity: 4032M
 Pre-touch: Disabled
 Parallel Workers: 8
 Concurrent Workers: 2
 Concurrent Refinement Workers: 8
 Periodic GC: Disabled

Heap:
 garbage-first heap   total 258048K, used 19917K [0x0000000704000000, 0x0000000800000000)
  region size 2048K, 10 young (20480K), 2 survivors (4096K)
 Metaspace       used 10825K, committed 11072K, reserved 1064960K
  class space    used 1311K, committed 1408K, reserved 1048576K

Heap Regions: E=young(eden), S=young(survivor), O=old, HS=humongous(starts), HC=humongous(continues), CS=collection set, F=free, OA=open archive, CA=closed archive, TAMS=top-at-mark-start (previous, next)
|   0|0x0000000704000000, 0x0000000704173400, 0x0000000704200000| 72%| O|  |TAMS 0x0000000704000000, 0x0000000704000000| Untracked 
|   1|0x0000000704200000, 0x0000000704200000, 0x0000000704400000|  0%| F|  |TAMS 0x0000000704200000, 0x0000000704200000| Untracked 
|   2|0x0000000704400000, 0x0000000704400000, 0x0000000704600000|  0%| F|  |TAMS 0x0000000704400000, 0x0000000704400000| Untracked 
|   3|0x0000000704600000, 0x0000000704600000, 0x0000000704800000|  0%| F|  |TAMS 0x0000000704600000, 0x0000000704600000| Untracked 
|   4|0x0000000704800000, 0x0000000704800000, 0x0000000704a00000|  0%| F|  |TAMS 0x0000000704800000, 0x0000000704800000| Untracked 
|   5|0x0000000704a00000, 0x0000000704a00000, 0x0000000704c00000|  0%| F|  |TAMS 0x0000000704a00000, 0x0000000704a00000| Untracked 
|   6|0x0000000704c00000, 0x0000000704c00000, 0x0000000704e00000|  0%| F|  |TAMS 0x0000000704c00000, 0x0000000704c00000| Untracked 
|   7|0x0000000704e00000, 0x0000000704e00000, 0x0000000705000000|  0%| F|  |TAMS 0x0000000704e00000, 0x0000000704e00000| Untracked 
|   8|0x0000000705000000, 0x0000000705000000, 0x0000000705200000|  0%| F|  |TAMS 0x0000000705000000, 0x0000000705000000| Untracked 
|   9|0x0000000705200000, 0x0000000705200000, 0x0000000705400000|  0%| F|  |TAMS 0x0000000705200000, 0x0000000705200000| Untracked 
|  10|0x0000000705400000, 0x0000000705400000, 0x0000000705600000|  0%| F|  |TAMS 0x0000000705400000, 0x0000000705400000| Untracked 
|  11|0x0000000705600000, 0x0000000705600000, 0x0000000705800000|  0%| F|  |TAMS 0x0000000705600000, 0x0000000705600000| Untracked 
|  12|0x0000000705800000, 0x0000000705800000, 0x0000000705a00000|  0%| F|  |TAMS 0x0000000705800000, 0x0000000705800000| Untracked 
|  13|0x0000000705a00000, 0x0000000705a00000, 0x0000000705c00000|  0%| F|  |TAMS 0x0000000705a00000, 0x0000000705a00000| Untracked 
|  14|0x0000000705c00000, 0x0000000705c00000, 0x0000000705e00000|  0%| F|  |TAMS 0x0000000705c00000, 0x0000000705c00000| Untracked 
|  15|0x0000000705e00000, 0x0000000705e00000, 0x0000000706000000|  0%| F|  |TAMS 0x0000000705e00000, 0x0000000705e00000| Untracked 
|  16|0x0000000706000000, 0x0000000706000000, 0x0000000706200000|  0%| F|  |TAMS 0x0000000706000000, 0x0000000706000000| Untracked 
|  17|0x0000000706200000, 0x0000000706200000, 0x0000000706400000|  0%| F|  |TAMS 0x0000000706200000, 0x0000000706200000| Untracked 
|  18|0x0000000706400000, 0x0000000706400000, 0x0000000706600000|  0%| F|  |TAMS 0x0000000706400000, 0x0000000706400000| Untracked 
|  19|0x0000000706600000, 0x0000000706600000, 0x0000000706800000|  0%| F|  |TAMS 0x0000000706600000, 0x0000000706600000| Untracked 
|  20|0x0000000706800000, 0x0000000706800000, 0x0000000706a00000|  0%| F|  |TAMS 0x0000000706800000, 0x0000000706800000| Untracked 
|  21|0x0000000706a00000, 0x0000000706a00000, 0x0000000706c00000|  0%| F|  |TAMS 0x0000000706a00000, 0x0000000706a00000| Untracked 
|  22|0x0000000706c00000, 0x0000000706c00000, 0x0000000706e00000|  0%| F|  |TAMS 0x0000000706c00000, 0x0000000706c00000| Untracked 
|  23|0x0000000706e00000, 0x0000000706e00000, 0x0000000707000000|  0%| F|  |TAMS 0x0000000706e00000, 0x0000000706e00000| Untracked 
|  24|0x0000000707000000, 0x0000000707000000, 0x0000000707200000|  0%| F|  |TAMS 0x0000000707000000, 0x0000000707000000| Untracked 
|  25|0x0000000707200000, 0x0000000707200000, 0x0000000707400000|  0%| F|  |TAMS 0x0000000707200000, 0x0000000707200000| Untracked 
|  26|0x0000000707400000, 0x0000000707400000, 0x0000000707600000|  0%| F|  |TAMS 0x0000000707400000, 0x0000000707400000| Untracked 
|  27|0x0000000707600000, 0x0000000707600000, 0x0000000707800000|  0%| F|  |TAMS 0x0000000707600000, 0x0000000707600000| Untracked 
|  28|0x0000000707800000, 0x0000000707800000, 0x0000000707a00000|  0%| F|  |TAMS 0x0000000707800000, 0x0000000707800000| Untracked 
|  29|0x0000000707a00000, 0x0000000707a00000, 0x0000000707c00000|  0%| F|  |TAMS 0x0000000707a00000, 0x0000000707a00000| Untracked 
|  30|0x0000000707c00000, 0x0000000707c00000, 0x0000000707e00000|  0%| F|  |TAMS 0x0000000707c00000, 0x0000000707c00000| Untracked 
|  31|0x0000000707e00000, 0x0000000707e00000, 0x0000000708000000|  0%| F|  |TAMS 0x0000000707e00000, 0x0000000707e00000| Untracked 
|  32|0x0000000708000000, 0x0000000708000000, 0x0000000708200000|  0%| F|  |TAMS 0x0000000708000000, 0x0000000708000000| Untracked 
|  33|0x0000000708200000, 0x0000000708200000, 0x0000000708400000|  0%| F|  |TAMS 0x0000000708200000, 0x0000000708200000| Untracked 
|  34|0x0000000708400000, 0x0000000708400000, 0x0000000708600000|  0%| F|  |TAMS 0x0000000708400000, 0x0000000708400000| Untracked 
|  35|0x0000000708600000, 0x0000000708600000, 0x0000000708800000|  0%| F|  |TAMS 0x0000000708600000, 0x0000000708600000| Untracked 
|  36|0x0000000708800000, 0x0000000708800000, 0x0000000708a00000|  0%| F|  |TAMS 0x0000000708800000, 0x0000000708800000| Untracked 
|  37|0x0000000708a00000, 0x0000000708a00000, 0x0000000708c00000|  0%| F|  |TAMS 0x0000000708a00000, 0x0000000708a00000| Untracked 
|  38|0x0000000708c00000, 0x0000000708c00000, 0x0000000708e00000|  0%| F|  |TAMS 0x0000000708c00000, 0x0000000708c00000| Untracked 
|  39|0x0000000708e00000, 0x0000000708e00000, 0x0000000709000000|  0%| F|  |TAMS 0x0000000708e00000, 0x0000000708e00000| Untracked 
|  40|0x0000000709000000, 0x0000000709000000, 0x0000000709200000|  0%| F|  |TAMS 0x0000000709000000, 0x0000000709000000| Untracked 
|  41|0x0000000709200000, 0x0000000709200000, 0x0000000709400000|  0%| F|  |TAMS 0x0000000709200000, 0x0000000709200000| Untracked 
|  42|0x0000000709400000, 0x0000000709400000, 0x0000000709600000|  0%| F|  |TAMS 0x0000000709400000, 0x0000000709400000| Untracked 
|  43|0x0000000709600000, 0x0000000709600000, 0x0000000709800000|  0%| F|  |TAMS 0x0000000709600000, 0x0000000709600000| Untracked 
|  44|0x0000000709800000, 0x0000000709800000, 0x0000000709a00000|  0%| F|  |TAMS 0x0000000709800000, 0x0000000709800000| Untracked 
|  45|0x0000000709a00000, 0x0000000709a00000, 0x0000000709c00000|  0%| F|  |TAMS 0x0000000709a00000, 0x0000000709a00000| Untracked 
|  46|0x0000000709c00000, 0x0000000709c00000, 0x0000000709e00000|  0%| F|  |TAMS 0x0000000709c00000, 0x0000000709c00000| Untracked 
|  47|0x0000000709e00000, 0x0000000709e00000, 0x000000070a000000|  0%| F|  |TAMS 0x0000000709e00000, 0x0000000709e00000| Untracked 
|  48|0x000000070a000000, 0x000000070a000000, 0x000000070a200000|  0%| F|  |TAMS 0x000000070a000000, 0x000000070a000000| Untracked 
|  49|0x000000070a200000, 0x000000070a200000, 0x000000070a400000|  0%| F|  |TAMS 0x000000070a200000, 0x000000070a200000| Untracked 
|  50|0x000000070a400000, 0x000000070a400000, 0x000000070a600000|  0%| F|  |TAMS 0x000000070a400000, 0x000000070a400000| Untracked 
|  51|0x000000070a600000, 0x000000070a600000, 0x000000070a800000|  0%| F|  |TAMS 0x000000070a600000, 0x000000070a600000| Untracked 
|  52|0x000000070a800000, 0x000000070a800000, 0x000000070aa00000|  0%| F|  |TAMS 0x000000070a800000, 0x000000070a800000| Untracked 
|  53|0x000000070aa00000, 0x000000070aa00000, 0x000000070ac00000|  0%| F|  |TAMS 0x000000070aa00000, 0x000000070aa00000| Untracked 
|  54|0x000000070ac00000, 0x000000070ac00000, 0x000000070ae00000|  0%| F|  |TAMS 0x000000070ac00000, 0x000000070ac00000| Untracked 
|  55|0x000000070ae00000, 0x000000070ae00000, 0x000000070b000000|  0%| F|  |TAMS 0x000000070ae00000, 0x000000070ae00000| Untracked 
|  56|0x000000070b000000, 0x000000070b000000, 0x000000070b200000|  0%| F|  |TAMS 0x000000070b000000, 0x000000070b000000| Untracked 
|  57|0x000000070b200000, 0x000000070b200000, 0x000000070b400000|  0%| F|  |TAMS 0x000000070b200000, 0x000000070b200000| Untracked 
|  58|0x000000070b400000, 0x000000070b400000, 0x000000070b600000|  0%| F|  |TAMS 0x000000070b400000, 0x000000070b400000| Untracked 
|  59|0x000000070b600000, 0x000000070b600000, 0x000000070b800000|  0%| F|  |TAMS 0x000000070b600000, 0x000000070b600000| Untracked 
|  60|0x000000070b800000, 0x000000070b800000, 0x000000070ba00000|  0%| F|  |TAMS 0x000000070b800000, 0x000000070b800000| Untracked 
|  61|0x000000070ba00000, 0x000000070ba00000, 0x000000070bc00000|  0%| F|  |TAMS 0x000000070ba00000, 0x000000070ba00000| Untracked 
|  62|0x000000070bc00000, 0x000000070bc00000, 0x000000070be00000|  0%| F|  |TAMS 0x000000070bc00000, 0x000000070bc00000| Untracked 
|  63|0x000000070be00000, 0x000000070be00000, 0x000000070c000000|  0%| F|  |TAMS 0x000000070be00000, 0x000000070be00000| Untracked 
|  64|0x000000070c000000, 0x000000070c000000, 0x000000070c200000|  0%| F|  |TAMS 0x000000070c000000, 0x000000070c000000| Untracked 
|  65|0x000000070c200000, 0x000000070c200000, 0x000000070c400000|  0%| F|  |TAMS 0x000000070c200000, 0x000000070c200000| Untracked 
|  66|0x000000070c400000, 0x000000070c400000, 0x000000070c600000|  0%| F|  |TAMS 0x000000070c400000, 0x000000070c400000| Untracked 
|  67|0x000000070c600000, 0x000000070c600000, 0x000000070c800000|  0%| F|  |TAMS 0x000000070c600000, 0x000000070c600000| Untracked 
|  68|0x000000070c800000, 0x000000070c800000, 0x000000070ca00000|  0%| F|  |TAMS 0x000000070c800000, 0x000000070c800000| Untracked 
|  69|0x000000070ca00000, 0x000000070ca00000, 0x000000070cc00000|  0%| F|  |TAMS 0x000000070ca00000, 0x000000070ca00000| Untracked 
|  70|0x000000070cc00000, 0x000000070cc00000, 0x000000070ce00000|  0%| F|  |TAMS 0x000000070cc00000, 0x000000070cc00000| Untracked 
|  71|0x000000070ce00000, 0x000000070ce00000, 0x000000070d000000|  0%| F|  |TAMS 0x000000070ce00000, 0x000000070ce00000| Untracked 
|  72|0x000000070d000000, 0x000000070d000000, 0x000000070d200000|  0%| F|  |TAMS 0x000000070d000000, 0x000000070d000000| Untracked 
|  73|0x000000070d200000, 0x000000070d200000, 0x000000070d400000|  0%| F|  |TAMS 0x000000070d200000, 0x000000070d200000| Untracked 
|  74|0x000000070d400000, 0x000000070d400000, 0x000000070d600000|  0%| F|  |TAMS 0x000000070d400000, 0x000000070d400000| Untracked 
|  75|0x000000070d600000, 0x000000070d600000, 0x000000070d800000|  0%| F|  |TAMS 0x000000070d600000, 0x000000070d600000| Untracked 
|  76|0x000000070d800000, 0x000000070d800000, 0x000000070da00000|  0%| F|  |TAMS 0x000000070d800000, 0x000000070d800000| Untracked 
|  77|0x000000070da00000, 0x000000070da00000, 0x000000070dc00000|  0%| F|  |TAMS 0x000000070da00000, 0x000000070da00000| Untracked 
|  78|0x000000070dc00000, 0x000000070dc00000, 0x000000070de00000|  0%| F|  |TAMS 0x000000070dc00000, 0x000000070dc00000| Untracked 
|  79|0x000000070de00000, 0x000000070de00000, 0x000000070e000000|  0%| F|  |TAMS 0x000000070de00000, 0x000000070de00000| Untracked 
|  80|0x000000070e000000, 0x000000070e000000, 0x000000070e200000|  0%| F|  |TAMS 0x000000070e000000, 0x000000070e000000| Untracked 
|  81|0x000000070e200000, 0x000000070e200000, 0x000000070e400000|  0%| F|  |TAMS 0x000000070e200000, 0x000000070e200000| Untracked 
|  82|0x000000070e400000, 0x000000070e400000, 0x000000070e600000|  0%| F|  |TAMS 0x000000070e400000, 0x000000070e400000| Untracked 
|  83|0x000000070e600000, 0x000000070e600000, 0x000000070e800000|  0%| F|  |TAMS 0x000000070e600000, 0x000000070e600000| Untracked 
|  84|0x000000070e800000, 0x000000070e800000, 0x000000070ea00000|  0%| F|  |TAMS 0x000000070e800000, 0x000000070e800000| Untracked 
|  85|0x000000070ea00000, 0x000000070ea00000, 0x000000070ec00000|  0%| F|  |TAMS 0x000000070ea00000, 0x000000070ea00000| Untracked 
|  86|0x000000070ec00000, 0x000000070ec00000, 0x000000070ee00000|  0%| F|  |TAMS 0x000000070ec00000, 0x000000070ec00000| Untracked 
|  87|0x000000070ee00000, 0x000000070ee00000, 0x000000070f000000|  0%| F|  |TAMS 0x000000070ee00000, 0x000000070ee00000| Untracked 
|  88|0x000000070f000000, 0x000000070f000000, 0x000000070f200000|  0%| F|  |TAMS 0x000000070f000000, 0x000000070f000000| Untracked 
|  89|0x000000070f200000, 0x000000070f200000, 0x000000070f400000|  0%| F|  |TAMS 0x000000070f200000, 0x000000070f200000| Untracked 
|  90|0x000000070f400000, 0x000000070f400000, 0x000000070f600000|  0%| F|  |TAMS 0x000000070f400000, 0x000000070f400000| Untracked 
|  91|0x000000070f600000, 0x000000070f600000, 0x000000070f800000|  0%| F|  |TAMS 0x000000070f600000, 0x000000070f600000| Untracked 
|  92|0x000000070f800000, 0x000000070f800000, 0x000000070fa00000|  0%| F|  |TAMS 0x000000070f800000, 0x000000070f800000| Untracked 
|  93|0x000000070fa00000, 0x000000070fa00000, 0x000000070fc00000|  0%| F|  |TAMS 0x000000070fa00000, 0x000000070fa00000| Untracked 
|  94|0x000000070fc00000, 0x000000070fc00000, 0x000000070fe00000|  0%| F|  |TAMS 0x000000070fc00000, 0x000000070fc00000| Untracked 
|  95|0x000000070fe00000, 0x000000070fe00000, 0x0000000710000000|  0%| F|  |TAMS 0x000000070fe00000, 0x000000070fe00000| Untracked 
|  96|0x0000000710000000, 0x0000000710000000, 0x0000000710200000|  0%| F|  |TAMS 0x0000000710000000, 0x0000000710000000| Untracked 
|  97|0x0000000710200000, 0x0000000710200000, 0x0000000710400000|  0%| F|  |TAMS 0x0000000710200000, 0x0000000710200000| Untracked 
|  98|0x0000000710400000, 0x0000000710400000, 0x0000000710600000|  0%| F|  |TAMS 0x0000000710400000, 0x0000000710400000| Untracked 
|  99|0x0000000710600000, 0x0000000710600000, 0x0000000710800000|  0%| F|  |TAMS 0x0000000710600000, 0x0000000710600000| Untracked 
| 100|0x0000000710800000, 0x0000000710800000, 0x0000000710a00000|  0%| F|  |TAMS 0x0000000710800000, 0x0000000710800000| Untracked 
| 101|0x0000000710a00000, 0x0000000710a00000, 0x0000000710c00000|  0%| F|  |TAMS 0x0000000710a00000, 0x0000000710a00000| Untracked 
| 102|0x0000000710c00000, 0x0000000710c00000, 0x0000000710e00000|  0%| F|  |TAMS 0x0000000710c00000, 0x0000000710c00000| Untracked 
| 103|0x0000000710e00000, 0x0000000710e00000, 0x0000000711000000|  0%| F|  |TAMS 0x0000000710e00000, 0x0000000710e00000| Untracked 
| 104|0x0000000711000000, 0x0000000711000000, 0x0000000711200000|  0%| F|  |TAMS 0x0000000711000000, 0x0000000711000000| Untracked 
| 105|0x0000000711200000, 0x0000000711200000, 0x0000000711400000|  0%| F|  |TAMS 0x0000000711200000, 0x0000000711200000| Untracked 
| 106|0x0000000711400000, 0x0000000711400000, 0x0000000711600000|  0%| F|  |TAMS 0x0000000711400000, 0x0000000711400000| Untracked 
| 107|0x0000000711600000, 0x0000000711600000, 0x0000000711800000|  0%| F|  |TAMS 0x0000000711600000, 0x0000000711600000| Untracked 
| 108|0x0000000711800000, 0x0000000711800000, 0x0000000711a00000|  0%| F|  |TAMS 0x0000000711800000, 0x0000000711800000| Untracked 
| 109|0x0000000711a00000, 0x0000000711a00000, 0x0000000711c00000|  0%| F|  |TAMS 0x0000000711a00000, 0x0000000711a00000| Untracked 
| 110|0x0000000711c00000, 0x0000000711c00000, 0x0000000711e00000|  0%| F|  |TAMS 0x0000000711c00000, 0x0000000711c00000| Untracked 
| 111|0x0000000711e00000, 0x0000000711e00000, 0x0000000712000000|  0%| F|  |TAMS 0x0000000711e00000, 0x0000000711e00000| Untracked 
| 112|0x0000000712000000, 0x0000000712000000, 0x0000000712200000|  0%| F|  |TAMS 0x0000000712000000, 0x0000000712000000| Untracked 
| 113|0x0000000712200000, 0x0000000712400000, 0x0000000712400000|100%| S|CS|TAMS 0x0000000712200000, 0x0000000712200000| Complete 
| 114|0x0000000712400000, 0x0000000712600000, 0x0000000712600000|100%| S|CS|TAMS 0x0000000712400000, 0x0000000712400000| Complete 
| 115|0x0000000712600000, 0x0000000712600000, 0x0000000712800000|  0%| F|  |TAMS 0x0000000712600000, 0x0000000712600000| Untracked 
| 116|0x0000000712800000, 0x0000000712800000, 0x0000000712a00000|  0%| F|  |TAMS 0x0000000712800000, 0x0000000712800000| Untracked 
| 117|0x0000000712a00000, 0x0000000712a00000, 0x0000000712c00000|  0%| F|  |TAMS 0x0000000712a00000, 0x0000000712a00000| Untracked 
| 118|0x0000000712c00000, 0x0000000712d65538, 0x0000000712e00000| 69%| E|  |TAMS 0x0000000712c00000, 0x0000000712c00000| Complete 
| 119|0x0000000712e00000, 0x0000000713000000, 0x0000000713000000|100%| E|CS|TAMS 0x0000000712e00000, 0x0000000712e00000| Complete 
| 120|0x0000000713000000, 0x0000000713200000, 0x0000000713200000|100%| E|CS|TAMS 0x0000000713000000, 0x0000000713000000| Complete 
| 121|0x0000000713200000, 0x0000000713400000, 0x0000000713400000|100%| E|CS|TAMS 0x0000000713200000, 0x0000000713200000| Complete 
| 122|0x0000000713400000, 0x0000000713600000, 0x0000000713600000|100%| E|CS|TAMS 0x0000000713400000, 0x0000000713400000| Complete 
| 123|0x0000000713600000, 0x0000000713800000, 0x0000000713800000|100%| E|CS|TAMS 0x0000000713600000, 0x0000000713600000| Complete 
| 124|0x0000000713800000, 0x0000000713a00000, 0x0000000713a00000|100%| E|CS|TAMS 0x0000000713800000, 0x0000000713800000| Complete 
| 125|0x0000000713a00000, 0x0000000713c00000, 0x0000000713c00000|100%| E|CS|TAMS 0x0000000713a00000, 0x0000000713a00000| Complete 

Card table byte_map: [0x000002363cc10000,0x000002363d3f0000] _byte_map_base: 0x00000236393f0000

Marking Bits (Prev, Next): (CMBitMap*) 0x000002362594fcd0, (CMBitMap*) 0x000002362594fd10
 Prev Bits: [0x000002363dbd0000, 0x0000023641ad0000)
 Next Bits: [0x0000023641ad0000, 0x00000236459d0000)

Polling page: 0x00000236236d0000

Metaspace:

Usage:
  Non-class:      9.45 MB used.
      Class:      1.30 MB used.
       Both:     10.75 MB used.

Virtual space:
  Non-class space:       16.00 MB reserved,       9.56 MB ( 60%) committed,  2 nodes.
      Class space:        1.00 GB reserved,       1.38 MB ( <1%) committed,  1 nodes.
             Both:        1.02 GB reserved,      10.94 MB (  1%) committed. 

Chunk freelists:
   Non-Class:  2.27 MB
       Class:  2.57 MB
        Both:  4.84 MB

MaxMetaspaceSize: unlimited
CompressedClassSpaceSize: 1.00 GB
Initial GC threshold: 21.00 MB
Current GC threshold: 21.00 MB
CDS: on
MetaspaceReclaimPolicy: balanced
 - commit_granule_bytes: 65536.
 - commit_granule_words: 8192.
 - virtual_space_node_default_size: 1048576.
 - enlarge_chunks_in_place: 1.
 - new_chunks_are_fully_committed: 0.
 - uncommit_free_chunks: 1.
 - use_allocation_guard: 0.
 - handle_deallocations: 1.


Internal statistics:

num_allocs_failed_limit: 0.
num_arena_births: 190.
num_arena_deaths: 0.
num_vsnodes_births: 3.
num_vsnodes_deaths: 0.
num_space_committed: 175.
num_space_uncommitted: 0.
num_chunks_returned_to_freelist: 0.
num_chunks_taken_from_freelist: 464.
num_chunk_merges: 0.
num_chunk_splits: 309.
num_chunks_enlarged: 227.
num_purges: 0.
num_inconsistent_stats: 0.

CodeHeap 'non-profiled nmethods': size=120000Kb used=561Kb max_used=561Kb free=119438Kb
 bounds [0x0000023634bd0000, 0x0000023634e40000, 0x000002363c100000]
CodeHeap 'profiled nmethods': size=120000Kb used=2865Kb max_used=2865Kb free=117134Kb
 bounds [0x000002362d6a0000, 0x000002362d970000, 0x0000023634bd0000]
CodeHeap 'non-nmethods': size=5760Kb used=1207Kb max_used=1216Kb free=4553Kb
 bounds [0x000002362d100000, 0x000002362d370000, 0x000002362d6a0000]
 total_blobs=2020 nmethods=1522 adapters=411
 compilation: enabled
              stopped_count=0, restarted_count=0
 full_count=0

Compilation events (20 events):
Event: 0.927 Thread 0x000002362343a890 nmethod 1456 0x0000023634c58590 code [0x0000023634c58720, 0x0000023634c587f8]
Event: 0.927 Thread 0x000002362343a890 1455       3       jdk.internal.org.objectweb.asm.MethodWriter::addSuccessorToCurrentBasicBlock (24 bytes)
Event: 0.927 Thread 0x000002362343a890 nmethod 1455 0x000002362d952110 code [0x000002362d9522c0, 0x000002362d952638]
Event: 0.928 Thread 0x000002362343a890 1459       3       java.lang.Class$ReflectionData::<init> (10 bytes)
Event: 0.928 Thread 0x000002362343a890 nmethod 1459 0x000002362d952790 code [0x000002362d952920, 0x000002362d952a98]
Event: 0.928 Thread 0x000002362343a890 1460       3       java.lang.Class$Atomic::casReflectionData (13 bytes)
Event: 0.929 Thread 0x000002362343a890 nmethod 1460 0x000002362d952b90 code [0x000002362d952d20, 0x000002362d952e78]
Event: 0.929 Thread 0x0000023623438f40 1461       4       java.util.HashMap::newNode (13 bytes)
Event: 0.929 Thread 0x0000023623439e70 1462       4       java.util.StringTokenizer::scanToken (179 bytes)
Event: 0.930 Thread 0x0000023623438f40 nmethod 1461 0x0000023634c58890 code [0x0000023634c58a20, 0x0000023634c58b38]
Event: 0.932 Thread 0x0000023623439e70 nmethod 1462 0x0000023634c58c10 code [0x0000023634c58da0, 0x0000023634c590a8]
Event: 0.936 Thread 0x000002362343a890 1463       3       java.lang.reflect.Method::getParameterTypes (11 bytes)
Event: 0.936 Thread 0x000002362343a890 nmethod 1463 0x000002362d952f10 code [0x000002362d9530c0, 0x000002362d953388]
Event: 0.938 Thread 0x000002362343a890 1464       3       sun.reflect.generics.parser.SignatureParser::parseFieldTypeSignature (6 bytes)
Event: 0.938 Thread 0x000002362343a890 nmethod 1464 0x000002362d953490 code [0x000002362d953620, 0x000002362d953768]
Event: 0.938 Thread 0x000002362343a890 1465       3       sun.reflect.generics.parser.SignatureParser::parseFieldTypeSignature (73 bytes)
Event: 0.939 Thread 0x000002362343a890 nmethod 1465 0x000002362d953810 code [0x000002362d953a60, 0x000002362d954128]
Event: 0.939 Thread 0x000002362343a890 1466       3       jdk.internal.reflect.ReflectionFactory::inflationThreshold (4 bytes)
Event: 0.939 Thread 0x000002362343a890 nmethod 1466 0x000002362d954390 code [0x000002362d954520, 0x000002362d954618]
Event: 0.939 Thread 0x000002362343a890 1467       3       sun.reflect.generics.parser.SignatureParser::make (8 bytes)

GC Heap History (2 events):
Event: 0.716 GC heap before
{Heap before GC invocations=0 (full 0):
 garbage-first heap   total 258048K, used 20480K [0x0000000704000000, 0x0000000800000000)
  region size 2048K, 11 young (22528K), 0 survivors (0K)
 Metaspace       used 7701K, committed 7872K, reserved 1056768K
  class space    used 875K, committed 960K, reserved 1048576K
}
Event: 0.721 GC heap after
{Heap after GC invocations=1 (full 0):
 garbage-first heap   total 258048K, used 5581K [0x0000000704000000, 0x0000000800000000)
  region size 2048K, 2 young (4096K), 2 survivors (4096K)
 Metaspace       used 7701K, committed 7872K, reserved 1056768K
  class space    used 875K, committed 960K, reserved 1048576K
}

Deoptimization events (20 events):
Event: 0.714 Thread 0x0000023625905780 Uncommon trap: trap_request=0xffffffde fr.pc=0x0000023634c34134 relative=0x0000000000000114
Event: 0.714 Thread 0x0000023625905780 Uncommon trap: reason=class_check action=maybe_recompile pc=0x0000023634c34134 method=jdk.internal.misc.Unsafe.allocateUninitializedArray(Ljava/lang/Class;I)Ljava/lang/Object; @ 51 c2
Event: 0.714 Thread 0x0000023625905780 DEOPT PACKING pc=0x0000023634c34134 sp=0x000000a9048f6dd0
Event: 0.714 Thread 0x0000023625905780 DEOPT UNPACKING pc=0x000002362d155c23 sp=0x000000a9048f6d58 mode 2
Event: 0.714 Thread 0x0000023625905780 Uncommon trap: trap_request=0xffffffde fr.pc=0x0000023634c34134 relative=0x0000000000000114
Event: 0.714 Thread 0x0000023625905780 Uncommon trap: reason=class_check action=maybe_recompile pc=0x0000023634c34134 method=jdk.internal.misc.Unsafe.allocateUninitializedArray(Ljava/lang/Class;I)Ljava/lang/Object; @ 51 c2
Event: 0.714 Thread 0x0000023625905780 DEOPT PACKING pc=0x0000023634c34134 sp=0x000000a9048f6e70
Event: 0.714 Thread 0x0000023625905780 DEOPT UNPACKING pc=0x000002362d155c23 sp=0x000000a9048f6df8 mode 2
Event: 0.714 Thread 0x0000023625905780 Uncommon trap: trap_request=0xffffffde fr.pc=0x0000023634c34134 relative=0x0000000000000114
Event: 0.714 Thread 0x0000023625905780 Uncommon trap: reason=class_check action=maybe_recompile pc=0x0000023634c34134 method=jdk.internal.misc.Unsafe.allocateUninitializedArray(Ljava/lang/Class;I)Ljava/lang/Object; @ 51 c2
Event: 0.714 Thread 0x0000023625905780 DEOPT PACKING pc=0x0000023634c34134 sp=0x000000a9048f6c80
Event: 0.714 Thread 0x0000023625905780 DEOPT UNPACKING pc=0x000002362d155c23 sp=0x000000a9048f6c08 mode 2
Event: 0.714 Thread 0x0000023625905780 Uncommon trap: trap_request=0xffffffde fr.pc=0x0000023634c34134 relative=0x0000000000000114
Event: 0.714 Thread 0x0000023625905780 Uncommon trap: reason=class_check action=maybe_recompile pc=0x0000023634c34134 method=jdk.internal.misc.Unsafe.allocateUninitializedArray(Ljava/lang/Class;I)Ljava/lang/Object; @ 51 c2
Event: 0.714 Thread 0x0000023625905780 DEOPT PACKING pc=0x0000023634c34134 sp=0x000000a9048f6c80
Event: 0.714 Thread 0x0000023625905780 DEOPT UNPACKING pc=0x000002362d155c23 sp=0x000000a9048f6c08 mode 2
Event: 0.723 Thread 0x0000023625905780 Uncommon trap: trap_request=0xffffff45 fr.pc=0x0000023634c2fe48 relative=0x0000000000002cc8
Event: 0.723 Thread 0x0000023625905780 Uncommon trap: reason=unstable_if action=reinterpret pc=0x0000023634c2fe48 method=java.util.jar.JarFile.getEntry(Ljava/lang/String;)Ljava/util/zip/ZipEntry; @ 15 c2
Event: 0.723 Thread 0x0000023625905780 DEOPT PACKING pc=0x0000023634c2fe48 sp=0x000000a9048f9ad0
Event: 0.723 Thread 0x0000023625905780 DEOPT UNPACKING pc=0x000002362d155c23 sp=0x000000a9048f9ad8 mode 2

Classes unloaded (0 events):
No events

Classes redefined (0 events):
No events

Internal exceptions (20 events):
Event: 0.509 Thread 0x0000023625905780 Exception <a 'java/lang/NoSuchMethodError'{0x0000000712c76470}: 'int java.lang.invoke.DirectMethodHandle$Holder.invokeInterface(java.lang.Object, java.lang.Object)'> (0x0000000712c76470) 
thrown [s\open\src\hotspot\share\interpreter\linkResolver.cpp, line 759]
Event: 0.511 Thread 0x0000023625905780 Exception <a 'java/lang/NoSuchMethodError'{0x0000000712c80468}: 'java.lang.Object java.lang.invoke.Invokers$Holder.invokeExact_MT(java.lang.Object, java.lang.Object, java.lang.Object, java.lang.Object, java.lang.Object, java.lang.Object)'> (0x0000000712c80468) 
thrown [s\open\src\hotspot\share\interpreter\linkResolver.cpp, line 759]
Event: 0.513 Thread 0x0000023625905780 Exception <a 'java/lang/NoSuchMethodError'{0x0000000712c96490}: 'java.lang.Object java.lang.invoke.DirectMethodHandle$Holder.invokeInterface(java.lang.Object, java.lang.Object)'> (0x0000000712c96490) 
thrown [s\open\src\hotspot\share\interpreter\linkResolver.cpp, line 759]
Event: 0.517 Thread 0x0000023625905780 Exception <a 'java/lang/NoSuchMethodError'{0x0000000712cb5aa0}: 'int java.lang.invoke.DirectMethodHandle$Holder.invokeVirtual(java.lang.Object, java.lang.Object)'> (0x0000000712cb5aa0) 
thrown [s\open\src\hotspot\share\interpreter\linkResolver.cpp, line 759]
Event: 0.527 Thread 0x0000023625905780 Exception <a 'java/lang/NoSuchMethodError'{0x0000000712d4d9f0}: 'java.lang.Object java.lang.invoke.DirectMethodHandle$Holder.invokeSpecial(java.lang.Object, java.lang.Object, java.lang.Object, int, java.lang.Object)'> (0x0000000712d4d9f0) 
thrown [s\open\src\hotspot\share\interpreter\linkResolver.cpp, line 759]
Event: 0.530 Thread 0x0000023625905780 Exception <a 'java/lang/NoSuchMethodError'{0x0000000712d675e8}: 'int java.lang.invoke.DirectMethodHandle$Holder.invokeStaticInit(java.lang.Object, java.lang.Object, java.lang.Object)'> (0x0000000712d675e8) 
thrown [s\open\src\hotspot\share\interpreter\linkResolver.cpp, line 759]
Event: 0.568 Thread 0x0000023625905780 Exception <a 'java/lang/IncompatibleClassChangeError'{0x0000000712afe9f8}: Found class java.lang.Object, but interface was expected> (0x0000000712afe9f8) 
thrown [s\open\src\hotspot\share\interpreter\linkResolver.cpp, line 826]
Event: 0.570 Thread 0x0000023625905780 Exception <a 'java/lang/NoSuchMethodError'{0x0000000712b169d0}: 'java.lang.Object java.lang.invoke.DirectMethodHandle$Holder.invokeSpecial(java.lang.Object, java.lang.Object, java.lang.Object, java.lang.Object, java.lang.Object, java.lang.Object, java.lang.Object, java.lang.Object, java.lang.Object, java.lang.Object)'> (0x0000000712b169d0) 
thrown [s\open\src\hotspot\share\interpreter\linkResolver.cpp, line 759]
Event: 0.570 Thread 0x0000023625905780 Exception <a 'java/lang/NoSuchMethodError'{0x0000000712b216b0}: 'java.lang.Object java.lang.invoke.DirectMethodHandle$Holder.newInvokeSpecial(java.lang.Object, java.lang.Object, java.lang.Object, java.lang.Object, java.lang.Object, java.lang.Object, java.lang.Object, java.lang.Object, java.lang.Object)'> (0x0000000712b216b0) 
thrown [s\open\src\hotspot\share\interpreter\linkResolver.cpp, line 759]
Event: 0.570 Thread 0x0000023625905780 Exception <a 'java/lang/NoSuchMethodError'{0x0000000712b26a00}: 'java.lang.Object java.lang.invoke.Invokers$Holder.linkToTargetMethod(java.lang.Object, java.lang.Object, java.lang.Object, java.lang.Object, java.lang.Object, java.lang.Object, java.lang.Object, java.lang.Object, java.lang.Object)'> (0x0000000712b26a00) 
thrown [s\open\src\hotspot\share\interpreter\linkResolver.cpp, line 759]
Event: 0.584 Thread 0x0000023625905780 Exception <a 'java/lang/NoSuchMethodError'{0x0000000712b93338}: 'java.lang.Object java.lang.invoke.DirectMethodHandle$Holder.newInvokeSpecial(java.lang.Object, java.lang.Object, java.lang.Object, java.lang.Object, java.lang.Object, java.lang.Object, java.lang.Object)'> (0x0000000712b93338) 
thrown [s\open\src\hotspot\share\interpreter\linkResolver.cpp, line 759]
Event: 0.584 Thread 0x0000023625905780 Exception <a 'java/lang/NoSuchMethodError'{0x0000000712b97fa0}: 'java.lang.Object java.lang.invoke.Invokers$Holder.linkToTargetMethod(java.lang.Object, java.lang.Object, java.lang.Object, java.lang.Object, java.lang.Object, java.lang.Object, java.lang.Object)'> (0x0000000712b97fa0) 
thrown [s\open\src\hotspot\share\interpreter\linkResolver.cpp, line 759]
Event: 0.585 Thread 0x0000023625905780 Exception <a 'java/lang/NoSuchMethodError'{0x0000000712ba20f0}: 'void java.lang.invoke.DirectMethodHandle$Holder.invokeStatic(java.lang.Object, java.lang.Object, java.lang.Object, java.lang.Object)'> (0x0000000712ba20f0) 
thrown [s\open\src\hotspot\share\interpreter\linkResolver.cpp, line 759]
Event: 0.612 Thread 0x0000023625905780 Exception <a 'java/lang/NoSuchMethodError'{0x0000000712929280}: 'void java.lang.invoke.DirectMethodHandle$Holder.invokeStatic(java.lang.Object, java.lang.Object, java.lang.Object)'> (0x0000000712929280) 
thrown [s\open\src\hotspot\share\interpreter\linkResolver.cpp, line 759]
Event: 0.615 Thread 0x0000023625905780 Exception <a 'java/lang/NoSuchMethodError'{0x0000000712949168}: 'void java.lang.invoke.DirectMethodHandle$Holder.invokeSpecial(java.lang.Object, java.lang.Object, java.lang.Object, java.lang.Object, java.lang.Object)'> (0x0000000712949168) 
thrown [s\open\src\hotspot\share\interpreter\linkResolver.cpp, line 759]
Event: 0.704 Thread 0x0000023625905780 Exception <a 'java/lang/NoSuchMethodError'{0x0000000712786ec8}: 'int java.lang.invoke.DirectMethodHandle$Holder.invokeSpecial(java.lang.Object, java.lang.Object, java.lang.Object)'> (0x0000000712786ec8) 
thrown [s\open\src\hotspot\share\interpreter\linkResolver.cpp, line 759]
Event: 0.716 Thread 0x0000023625905780 Exception <a 'java/lang/NoSuchMethodError'{0x00000007127ff050}: 'void java.lang.invoke.DirectMethodHandle$Holder.invokeStaticInit(java.lang.Object, java.lang.Object, java.lang.Object, java.lang.Object)'> (0x00000007127ff050) 
thrown [s\open\src\hotspot\share\interpreter\linkResolver.cpp, line 759]
Event: 0.817 Thread 0x0000023625905780 Exception <a 'java/lang/NoSuchMethodError'{0x000000071357af58}: 'java.lang.Object java.lang.invoke.DirectMethodHandle$Holder.newInvokeSpecial(java.lang.Object, long, int, java.lang.Object)'> (0x000000071357af58) 
thrown [s\open\src\hotspot\share\interpreter\linkResolver.cpp, line 759]
Event: 0.897 Thread 0x0000023625905780 Exception <a 'java/lang/NoSuchMethodError'{0x00000007131837a8}: 'int java.lang.invoke.DirectMethodHandle$Holder.invokeStatic(java.lang.Object, java.lang.Object, java.lang.Object, java.lang.Object, java.lang.Object)'> (0x00000007131837a8) 
thrown [s\open\src\hotspot\share\interpreter\linkResolver.cpp, line 759]
Event: 0.909 Thread 0x0000023625905780 Exception <a 'java/lang/NoSuchMethodError'{0x0000000712e16d88}: 'java.lang.Object java.lang.invoke.DirectMethodHandle$Holder.newInvokeSpecial(java.lang.Object, java.lang.Object, java.lang.Object, java.lang.Object, java.lang.Object)'> (0x0000000712e16d88) 
thrown [s\open\src\hotspot\share\interpreter\linkResolver.cpp, line 759]

VM Operations (20 events):
Event: 0.090 Executing VM operation: HandshakeAllThreads
Event: 0.090 Executing VM operation: HandshakeAllThreads done
Event: 0.214 Executing VM operation: HandshakeAllThreads
Event: 0.214 Executing VM operation: HandshakeAllThreads done
Event: 0.264 Executing VM operation: HandshakeAllThreads
Event: 0.264 Executing VM operation: HandshakeAllThreads done
Event: 0.272 Executing VM operation: HandshakeAllThreads
Event: 0.272 Executing VM operation: HandshakeAllThreads done
Event: 0.357 Executing VM operation: HandshakeAllThreads
Event: 0.357 Executing VM operation: HandshakeAllThreads done
Event: 0.446 Executing VM operation: HandshakeAllThreads
Event: 0.446 Executing VM operation: HandshakeAllThreads done
Event: 0.616 Executing VM operation: HandshakeAllThreads
Event: 0.616 Executing VM operation: HandshakeAllThreads done
Event: 0.634 Executing VM operation: ICBufferFull
Event: 0.635 Executing VM operation: ICBufferFull done
Event: 0.716 Executing VM operation: G1CollectForAllocation
Event: 0.721 Executing VM operation: G1CollectForAllocation done
Event: 0.832 Executing VM operation: HandshakeAllThreads
Event: 0.832 Executing VM operation: HandshakeAllThreads done

Events (20 events):
Event: 0.914 loading class sun/reflect/generics/reflectiveObjects/WildcardTypeImpl
Event: 0.914 loading class sun/reflect/generics/reflectiveObjects/WildcardTypeImpl done
Event: 0.929 loading class sun/util/resources/LocaleData$CommonResourceBundleProvider
Event: 0.929 loading class sun/util/resources/LocaleData$LocaleDataResourceBundleProvider
Event: 0.929 loading class java/util/spi/ResourceBundleProvider
Event: 0.929 loading class java/util/spi/ResourceBundleProvider done
Event: 0.929 loading class sun/util/resources/LocaleData$LocaleDataResourceBundleProvider done
Event: 0.929 loading class sun/util/resources/LocaleData$CommonResourceBundleProvider done
Event: 0.930 loading class java/util/ArrayList$SubList$1
Event: 0.930 loading class java/util/ArrayList$SubList$1 done
Event: 0.930 loading class sun/text/resources/cldr/FormatData_en
Event: 0.930 loading class sun/text/resources/cldr/FormatData_en done
Event: 0.930 loading class sun/util/resources/Bundles$2
Event: 0.930 loading class sun/util/resources/Bundles$2 done
Event: 0.934 loading class sun/util/locale/LocaleExtensions
Event: 0.934 loading class sun/util/locale/LocaleExtensions done
Event: 0.934 loading class sun/util/locale/UnicodeLocaleExtension
Event: 0.934 loading class sun/util/locale/Extension
Event: 0.934 loading class sun/util/locale/Extension done
Event: 0.934 loading class sun/util/locale/UnicodeLocaleExtension done


Dynamic libraries:
0x00007ff612ac0000 - 0x00007ff612ad0000 	C:\Program Files\Java\jdk-17.0.4\bin\javaw.exe
0x00007ffc21a30000 - 0x00007ffc21c28000 	C:\Windows\SYSTEM32\ntdll.dll
0x00007ffc21650000 - 0x00007ffc2170d000 	C:\Windows\System32\KERNEL32.DLL
0x00007ffc1f240000 - 0x00007ffc1f50e000 	C:\Windows\System32\KERNELBASE.dll
0x00007ffc1f510000 - 0x00007ffc1f610000 	C:\Windows\System32\ucrtbase.dll
0x00007ffc1ac20000 - 0x00007ffc1ac38000 	C:\Program Files\Java\jdk-17.0.4\bin\jli.dll
0x00007ffc1fc70000 - 0x00007ffc1fd1e000 	C:\Windows\System32\ADVAPI32.dll
0x00007ffc1fbb0000 - 0x00007ffc1fc4e000 	C:\Windows\System32\msvcrt.dll
0x00007ffc20f50000 - 0x00007ffc20fec000 	C:\Windows\System32\sechost.dll
0x00007ffc21520000 - 0x00007ffc21645000 	C:\Windows\System32\RPCRT4.dll
0x00007ffc212b0000 - 0x00007ffc21450000 	C:\Windows\System32\USER32.dll
0x00007ffc1f770000 - 0x00007ffc1f792000 	C:\Windows\System32\win32u.dll
0x00007ffc20ff0000 - 0x00007ffc2101a000 	C:\Windows\System32\GDI32.dll
0x00007ffc1f8a0000 - 0x00007ffc1f9ab000 	C:\Windows\System32\gdi32full.dll
0x00007ffc1f1a0000 - 0x00007ffc1f23d000 	C:\Windows\System32\msvcp_win.dll
0x00007ffc1ac00000 - 0x00007ffc1ac1a000 	C:\Program Files\Java\jdk-17.0.4\bin\VCRUNTIME140.dll
0x00007ffc1d4c0000 - 0x00007ffc1d75a000 	C:\Windows\WinSxS\amd64_microsoft.windows.common-controls_6595b64144ccf1df_6.0.19041.1110_none_60b5254171f9507e\COMCTL32.dll
0x00007ffc1de50000 - 0x00007ffc1de5a000 	C:\Windows\SYSTEM32\VERSION.dll
0x00007ffc219c0000 - 0x00007ffc219f0000 	C:\Windows\System32\IMM32.DLL
0x00007ffc175b0000 - 0x00007ffc17bd4000 	C:\Program Files\McAfee\DLP\Agent\fcagpph64.dll
0x00007ffc204a0000 - 0x00007ffc20be4000 	C:\Windows\System32\SHELL32.dll
0x00007ffc21880000 - 0x00007ffc219aa000 	C:\Windows\System32\ole32.dll
0x00007ffc20bf0000 - 0x00007ffc20f44000 	C:\Windows\System32\combase.dll
0x00007ffc1faf0000 - 0x00007ffc1fb45000 	C:\Windows\System32\SHLWAPI.dll
0x00007ffc21080000 - 0x00007ffc210eb000 	C:\Windows\System32\WS2_32.dll
0x00007ffc21450000 - 0x00007ffc2151d000 	C:\Windows\System32\OLEAUT32.dll
0x00007ffc077f0000 - 0x00007ffc07888000 	C:\Windows\SYSTEM32\WINSPOOL.DRV
0x00007ffc1f010000 - 0x00007ffc1f042000 	C:\Windows\SYSTEM32\SspiCli.dll
0x00007ffc1d050000 - 0x00007ffc1d083000 	C:\Windows\SYSTEM32\ntmarta.dll
0x00007ffbdb070000 - 0x00007ffbdb114000 	C:\Program Files\McAfee\Endpoint Security\Threat Prevention\Ips\EpMPApi.dll
0x00007ffc1f7a0000 - 0x00007ffc1f808000 	C:\Windows\System32\WINTRUST.dll
0x0000023624f00000 - 0x0000023625056000 	C:\Windows\System32\CRYPT32.dll
0x00007ffc1ed40000 - 0x00007ffc1ed52000 	C:\Windows\SYSTEM32\MSASN1.dll
0x000000006fe70000 - 0x000000006fe7c000 	C:\Program Files\McAfee\Endpoint Security\Threat Prevention\Ips\EpMPThe.dll
0x00007ffc19650000 - 0x00007ffc1965c000 	C:\Program Files\Java\jdk-17.0.4\bin\vcruntime140_1.dll
0x00007ffbf83b0000 - 0x00007ffbf843d000 	C:\Program Files\Java\jdk-17.0.4\bin\msvcp140.dll
0x00007ffbd5310000 - 0x00007ffbd5ed2000 	C:\Program Files\Java\jdk-17.0.4\bin\server\jvm.dll
0x00007ffc219b0000 - 0x00007ffc219b8000 	C:\Windows\System32\PSAPI.DLL
0x00007ffc18ae0000 - 0x00007ffc18ae9000 	C:\Windows\SYSTEM32\WSOCK32.dll
0x00007ffc075a0000 - 0x00007ffc075c7000 	C:\Windows\SYSTEM32\WINMM.dll
0x00007ffc1de10000 - 0x00007ffc1de22000 	C:\Windows\SYSTEM32\kernel.appcore.dll
0x00007ffc19640000 - 0x00007ffc1964a000 	C:\Program Files\Java\jdk-17.0.4\bin\jimage.dll
0x00007ffc1cc40000 - 0x00007ffc1ce24000 	C:\Windows\SYSTEM32\DBGHELP.DLL
0x00007ffc06c10000 - 0x00007ffc06c3c000 	C:\Windows\SYSTEM32\dbgcore.DLL
0x00007ffc1f810000 - 0x00007ffc1f892000 	C:\Windows\System32\bcryptPrimitives.dll
0x00007ffc02dc0000 - 0x00007ffc02de5000 	C:\Program Files\Java\jdk-17.0.4\bin\java.dll
0x00007ffbea140000 - 0x00007ffbea216000 	C:\Program Files\Java\jdk-17.0.4\bin\jsvml.dll
0x00007ffc1c3d0000 - 0x00007ffc1cb64000 	C:\Windows\SYSTEM32\windows.storage.dll
0x00007ffc1ead0000 - 0x00007ffc1eb00000 	C:\Windows\SYSTEM32\Wldp.dll
0x00007ffc20360000 - 0x00007ffc2040d000 	C:\Windows\System32\SHCORE.dll
0x00007ffc1f090000 - 0x00007ffc1f0af000 	C:\Windows\SYSTEM32\profapi.dll
0x00007ffc02e30000 - 0x00007ffc02e49000 	C:\Program Files\Java\jdk-17.0.4\bin\net.dll
0x00007ffc1e160000 - 0x00007ffc1e26a000 	C:\Windows\SYSTEM32\WINHTTP.dll
0x00007ffc1e8b0000 - 0x00007ffc1e91a000 	C:\Windows\system32\mswsock.dll
0x00007ffbfc2a0000 - 0x00007ffbfc2b6000 	C:\Program Files\Java\jdk-17.0.4\bin\nio.dll
0x00007ffbfa990000 - 0x00007ffbfa9a8000 	C:\Program Files\Java\jdk-17.0.4\bin\zip.dll
0x00007ffc02e10000 - 0x00007ffc02e20000 	C:\Program Files\Java\jdk-17.0.4\bin\verify.dll
0x00007ffc1e5b0000 - 0x00007ffc1e67a000 	C:\Windows\SYSTEM32\DNSAPI.dll
0x00007ffc1e570000 - 0x00007ffc1e5ab000 	C:\Windows\SYSTEM32\IPHLPAPI.DLL
0x00007ffc20410000 - 0x00007ffc20418000 	C:\Windows\System32\NSI.dll
0x00007ffc17d90000 - 0x00007ffc17d9a000 	C:\Windows\System32\rasadhlp.dll
0x00007ffc19530000 - 0x00007ffc195b0000 	C:\Windows\System32\fwpuclnt.dll
0x00007ffc1fa60000 - 0x00007ffc1fa87000 	C:\Windows\System32\bcrypt.dll
0x00007ffc1eb10000 - 0x00007ffc1eb28000 	C:\Windows\SYSTEM32\CRYPTSP.dll
0x00007ffc1e0d0000 - 0x00007ffc1e104000 	C:\Windows\system32\rsaenh.dll
0x00007ffc1f050000 - 0x00007ffc1f07e000 	C:\Windows\SYSTEM32\USERENV.dll
0x00007ffc1ea40000 - 0x00007ffc1ea4c000 	C:\Windows\SYSTEM32\CRYPTBASE.dll
0x00007ffc18460000 - 0x00007ffc18477000 	C:\Windows\SYSTEM32\dhcpcsvc6.DLL
0x00007ffc182d0000 - 0x00007ffc182ed000 	C:\Windows\SYSTEM32\dhcpcsvc.DLL
0x00007ffbf67a0000 - 0x00007ffbf67b7000 	C:\Windows\system32\napinsp.dll
0x00007ffbf6780000 - 0x00007ffbf679b000 	C:\Windows\system32\pnrpnsp.dll
0x00007ffbf6690000 - 0x00007ffbf66a5000 	C:\Windows\system32\wshbth.dll
0x00007ffc1a2b0000 - 0x00007ffc1a2cd000 	C:\Windows\system32\NLAapi.dll
0x00007ffbf6670000 - 0x00007ffbf6682000 	C:\Windows\System32\winrnr.dll
0x00007ffc1ad40000 - 0x00007ffc1ad49000 	C:\Program Files\Java\jdk-17.0.4\bin\management.dll
0x00007ffc1ad30000 - 0x00007ffc1ad3b000 	C:\Program Files\Java\jdk-17.0.4\bin\management_ext.dll

dbghelp: loaded successfully - version: 4.0.5 - missing functions: none
symbol engine: initialized successfully - sym options: 0x614 - pdb path: .;C:\Program Files\Java\jdk-17.0.4\bin;C:\Windows\SYSTEM32;C:\Windows\WinSxS\amd64_microsoft.windows.common-controls_6595b64144ccf1df_6.0.19041.1110_none_60b5254171f9507e;C:\Program Files\McAfee\DLP\Agent;C:\Program Files\McAfee\Endpoint Security\Threat Prevention\Ips;C:\Program Files\Java\jdk-17.0.4\bin\server

VM Arguments:
jvm_args: -ea -Dfile.encoding=UTF-8 -XX:+ShowCodeDetailsInExceptionMessages 
java_command: org.testng.remote.RemoteTestNG -serport 49721 -protocol json -d D:\User\masrinivasan\eclipse-workspace\RestAssuredAPITesting_Employee_Project\test-output D:\User\masrinivasan\eclipse-workspace\RestAssuredAPITesting_Employee_Project\testng.xml
java_class_path (initial): D:\User\masrinivasan\eclipse\jee-2022-06\eclipse\configuration\org.eclipse.osgi\890\0\.cp\lib\testng-remote.jar;D:\User\masrinivasan\eclipse-workspace\RestAssuredAPITesting_Employee_Project\target\test-classes;D:\User\masrinivasan\eclipse-workspace\RestAssuredAPITesting_Employee_Project\target\classes;D:\User\masrinivasan\.m2\repository\io\rest-assured\rest-assured\5.1.1\rest-assured-5.1.1.jar;D:\User\masrinivasan\.m2\repository\org\apache\groovy\groovy\4.0.1\groovy-4.0.1.jar;D:\User\masrinivasan\.m2\repository\org\apache\groovy\groovy-xml\4.0.1\groovy-xml-4.0.1.jar;D:\User\masrinivasan\.m2\repository\org\apache\httpcomponents\httpclient\4.5.13\httpclient-4.5.13.jar;D:\User\masrinivasan\.m2\repository\org\apache\httpcomponents\httpcore\4.4.13\httpcore-4.4.13.jar;D:\User\masrinivasan\.m2\repository\commons-logging\commons-logging\1.2\commons-logging-1.2.jar;D:\User\masrinivasan\.m2\repository\org\apache\httpcomponents\httpmime\4.5.13\httpmime-4.5.13.jar;D:\User\masrinivasan\.m2\repository\org\hamcrest\hamcrest\2.1\hamcrest-2.1.jar;D:\User\masrinivasan\.m2\repository\org\ccil\cowan\tagsoup\tagsoup\1.2.1\tagsoup-1.2.1.jar;D:\User\masrinivasan\.m2\repository\io\rest-assured\json-path\5.1.1\json-path-5.1.1.jar;D:\User\masrinivasan\.m2\repository\org\apache\groovy\groovy-json\4.0.1\groovy-json-4.0.1.jar;D:\User\masrinivasan\.m2\repository\io\rest-assured\rest-assured-common\5.1.1\rest-assured-common-5.1.1.jar;D:\User\masrinivasan\.m2\repository\io\rest-assured\xml-path\5.1.1\xml-path-5.1.1.jar;D:\User\masrinivasan\.m2\repository\org\apache\commons\commons-lang3\3.11\commons-lang3-3.11.jar;D:\User\masrinivasan\.m2\repository\org\testng\testng\7.6.1\testng-7.6.1.jar;D:\User\masrinivasan\.m2\repository\com\google\code\findbugs\jsr305\3.0.2\jsr305-3.0.2.jar;D:\User\masrinivasan\.m2\repository\org\slf4j\slf4j-api\1.7.36\slf4j-api-1.7.36.jar;D:\User\masrinivasan\.m2\repository\com\beust\jcommander\1.82\jcommander-1.82.jar;D:\User\masrinivasan\.m2\re
Launcher Type: SUN_STANDARD

[Global flags]
     intx CICompilerCount                          = 4                                         {product} {ergonomic}
     uint ConcGCThreads                            = 2                                         {product} {ergonomic}
     uint G1ConcRefinementThreads                  = 8                                         {product} {ergonomic}
   size_t G1HeapRegionSize                         = 2097152                                   {product} {ergonomic}
    uintx GCDrainStackTargetSize                   = 64                                        {product} {ergonomic}
   size_t InitialHeapSize                          = 264241152                                 {product} {ergonomic}
   size_t MarkStackSize                            = 4194304                                   {product} {ergonomic}
   size_t MaxHeapSize                              = 4227858432                                {product} {ergonomic}
   size_t MaxNewSize                               = 2535456768                                {product} {ergonomic}
   size_t MinHeapDeltaBytes                        = 2097152                                   {product} {ergonomic}
   size_t MinHeapSize                              = 8388608                                   {product} {ergonomic}
    uintx NonNMethodCodeHeapSize                   = 5839372                                {pd product} {ergonomic}
    uintx NonProfiledCodeHeapSize                  = 122909434                              {pd product} {ergonomic}
    uintx ProfiledCodeHeapSize                     = 122909434                              {pd product} {ergonomic}
    uintx ReservedCodeCacheSize                    = 251658240                              {pd product} {ergonomic}
     bool SegmentedCodeCache                       = true                                      {product} {ergonomic}
     bool ShowCodeDetailsInExceptionMessages       = true                                   {manageable} {command line}
   size_t SoftMaxHeapSize                          = 4227858432                             {manageable} {ergonomic}
     bool UseCompressedClassPointers               = true                           {product lp64_product} {ergonomic}
     bool UseCompressedOops                        = true                           {product lp64_product} {ergonomic}
     bool UseG1GC                                  = true                                      {product} {ergonomic}
     bool UseLargePagesIndividualAllocation        = false                                  {pd product} {ergonomic}

Logging:
Log output configuration:
 #0: stdout all=warning uptime,level,tags
 #1: stderr all=off uptime,level,tags

Environment Variables:
JAVA_HOME=C:\Program Files\Java\jdk-17.0.4
PATH=C:\Program Files\Common Files\Oracle\Java\javapath;C:\Program Files\Microsoft\jdk-17.0.3.7-hotspot\bin;C:\Windows\system32;C:\Windows;C:\Windows\System32\Wbem;C:\Windows\System32\WindowsPowerShell\v1.0\;C:\Windows\System32\OpenSSH\;C:\Program Files\Java\jdk-17.0.4\bin;C:\Program Files (x86)\dotnet\;C:\Program Files\Docker\Docker\resources\bin;C:\ProgramData\DockerDesktop\version-bin;D:\User\masrinivasan\jars\apache_maven\apache-maven-3.8.6\bin;C:\Program Files\PuTTY\;D:\User\masrinivasan\.cargo\bin;D:\User\masrinivasan\AppData\Local\Microsoft\WindowsApps;D:\User\masrinivasan\AppData\Local\Programs\Git\cmd;D:\User\masrinivasan\AppData\Local\JetBrains\PyCharm Community Edition 2022.1.3\bin;
USERNAME=masrinivasan
OS=Windows_NT
PROCESSOR_IDENTIFIER=Intel64 Family 6 Model 140 Stepping 1, GenuineIntel



---------------  S Y S T E M  ---------------

OS:
 Windows 10 , 64 bit Build 19041 (10.0.19041.1889)
OS uptime: 2 days 3:41 hours
Hyper-V role detected

CPU: total 8 (initial active 8) (4 cores per cpu, 2 threads per core) family 6 model 140 stepping 1 microcode 0x86, cx8, cmov, fxsr, ht, mmx, 3dnowpref, sse, sse2, sse3, ssse3, sse4.1, sse4.2, popcnt, lzcnt, tsc, tscinvbit, avx, avx2, aes, erms, clmul, bmi1, bmi2, adx, avx512f, avx512dq, avx512cd, avx512bw, avx512vl, sha, fma, vzeroupper, avx512_vpopcntdq, avx512_vpclmulqdq, avx512_vaes, avx512_vnni, clflush, clflushopt, clwb, avx512_vbmi2, avx512_vbmi, hv

Memory: 4k page, system-wide physical 16122M (3245M free)
TotalPageFile size 29322M (AvailPageFile size 5M)
current process WorkingSet (physical memory assigned to process): 99M, peak: 99M
current process commit charge ("private bytes"): 373M, peak: 373M

vm_info: Java HotSpot(TM) 64-Bit Server VM (17.0.4+11-LTS-179) for windows-amd64 JRE (17.0.4+11-LTS-179), built on Jun 28 2022 08:23:05 by "mach5one" with MS VC++ 16.8 / 16.9 (VS2019)

END.
